<?xml version="1.0" encoding="UTF-8"?>
<robot generator="Robot 7.0 (Python 3.12.2 on win32)" generated="2024-05-28T16:20:15.215628" rpa="false" schemaversion="5">
<suite id="s1" name="TestCases" source="C:\Users\91989\Desktop\New folder\Pilot_Project_Smart_hospital_Team3\TestCases">
<suite id="s1-s1" name="Test Invalid Viewbillsearch" source="C:\Users\91989\Desktop\New folder\Pilot_Project_Smart_hospital_Team3\TestCases\Test_Invalid_Viewbillsearch.robot">
<test id="s1-s1-t1" name="Unsuccessfull view for a bill details" line="11">
<kw name="Open the browser with url" owner="GenericResources" type="SETUP">
<kw name="Create Webdriver" owner="SeleniumLibrary">
<msg time="2024-05-28T16:20:15.461397" level="INFO">Creating an instance of the Chrome WebDriver.</msg>
<arg>Chrome</arg>
<doc>Creates an instance of Selenium WebDriver.</doc>
<status status="PASS" start="2024-05-28T16:20:15.460895" elapsed="8.267419"/>
</kw>
<kw name="Go To" owner="SeleniumLibrary">
<msg time="2024-05-28T16:20:23.729468" level="INFO">Opening url 'https://demo.smart-hospital.in/'</msg>
<arg>${url}</arg>
<doc>Navigates the current browser window to the provided ``url``.</doc>
<status status="PASS" start="2024-05-28T16:20:23.728814" elapsed="0.721025"/>
</kw>
<kw name="Maximize Browser Window" owner="SeleniumLibrary">
<doc>Maximizes current browser window.</doc>
<status status="PASS" start="2024-05-28T16:20:24.451371" elapsed="2.280188"/>
</kw>
<kw name="Set Selenium Implicit Wait" owner="SeleniumLibrary">
<arg>5</arg>
<doc>Sets the implicit wait value used by Selenium.</doc>
<status status="PASS" start="2024-05-28T16:20:26.731559" elapsed="0.003554"/>
</kw>
<status status="PASS" start="2024-05-28T16:20:15.458783" elapsed="11.277013"/>
</kw>
<kw name="Click the login in button" owner="GenericResources">
<kw name="Click Element" owner="SeleniumLibrary">
<msg time="2024-05-28T16:20:26.738578" level="INFO">Clicking element 'xpath://ul[@class="top-right"]//a'.</msg>
<arg>${login_button}</arg>
<doc>Click the element identified by ``locator``.</doc>
<status status="PASS" start="2024-05-28T16:20:26.737078" elapsed="2.218552"/>
</kw>
<status status="PASS" start="2024-05-28T16:20:26.736408" elapsed="2.219222"/>
</kw>
<kw name="Fill the login form by default credentials for user role" owner="LoginResources">
<kw name="Click Button" owner="SeleniumLibrary">
<msg time="2024-05-28T16:20:28.957925" level="INFO">Clicking button 'css:button[class='btn']'.</msg>
<arg>${signin_button}</arg>
<doc>Clicks the button identified by ``locator``.</doc>
<status status="PASS" start="2024-05-28T16:20:28.956905" elapsed="3.999856"/>
</kw>
<status status="PASS" start="2024-05-28T16:20:28.956301" elapsed="4.000460"/>
</kw>
<kw name="Verify the successfull login with valid credentials for user" owner="LoginResources">
<kw name="Click Link" owner="SeleniumLibrary">
<msg time="2024-05-28T16:20:32.958707" level="INFO">Clicking link 'css:a[class="dropdown-toggle"]'.</msg>
<arg>${pofile_icon}</arg>
<doc>Clicks a link identified by ``locator``.</doc>
<status status="PASS" start="2024-05-28T16:20:32.957990" elapsed="0.317409"/>
</kw>
<kw name="Wait Until Element Is Enabled" owner="SeleniumLibrary">
<arg>${profile_name}</arg>
<doc>Waits until the element ``locator`` is enabled.</doc>
<status status="PASS" start="2024-05-28T16:20:33.275908" elapsed="0.084499"/>
</kw>
<kw name="Element Text Should Be" owner="SeleniumLibrary">
<msg time="2024-05-28T16:20:33.361512" level="INFO">Verifying element 'css:div[class="sstopuser-test"] h5' contains exact text 'Patient'.</msg>
<arg>${profile_name}</arg>
<arg>Patient</arg>
<doc>Verifies that element ``locator`` contains exact the text ``expected``.</doc>
<status status="PASS" start="2024-05-28T16:20:33.360907" elapsed="0.053416"/>
</kw>
<status status="PASS" start="2024-05-28T16:20:32.957371" elapsed="0.457508"/>
</kw>
<kw name="Sucessfull search by bill number" owner="UserResources">
<kw name="Click Link" owner="SeleniumLibrary">
<msg time="2024-05-28T16:20:33.417178" level="INFO">Clicking link 'xpath://i[@class="fas fa-mortar-pestle"]//parent::a'.</msg>
<arg>${pharmacy_option}</arg>
<doc>Clicks a link identified by ``locator``.</doc>
<status status="PASS" start="2024-05-28T16:20:33.416542" elapsed="1.368970"/>
</kw>
<kw name="Wait Until Element Is Enabled" owner="SeleniumLibrary">
<arg>${pharmacy_bill_search_field}</arg>
<doc>Waits until the element ``locator`` is enabled.</doc>
<status status="PASS" start="2024-05-28T16:20:34.785647" elapsed="0.670327"/>
</kw>
<kw name="Input Text" owner="SeleniumLibrary">
<msg time="2024-05-28T16:20:35.457600" level="INFO">Typing text 'PHARMAB307' into text field 'css:input[type="search"]'.</msg>
<arg>${pharmacy_bill_search_field}</arg>
<arg>PHARMAB307</arg>
<doc>Types the given ``text`` into the text field identified by ``locator``.</doc>
<status status="PASS" start="2024-05-28T16:20:35.456475" elapsed="0.337977"/>
</kw>
<status status="PASS" start="2024-05-28T16:20:33.415379" elapsed="2.379073"/>
</kw>
<kw name="Verify the successfull search by bill number" owner="UserResources">
<kw name="Wait Until Element Is Visible" owner="SeleniumLibrary">
<arg>${pharmacy_bill_record_assert}</arg>
<doc>Waits until the element ``locator`` is visible.</doc>
<status status="PASS" start="2024-05-28T16:20:35.796019" elapsed="0.045035"/>
</kw>
<kw name="Should Not Contain" owner="BuiltIn">
<arg>${pharmacy_bill_record_assert}</arg>
<arg>Records: 0 to 0 of 0</arg>
<doc>Fails if ``container`` contains ``item`` one or more times.</doc>
<status status="PASS" start="2024-05-28T16:20:35.841566" elapsed="0.000500"/>
</kw>
<status status="PASS" start="2024-05-28T16:20:35.794953" elapsed="0.047113"/>
</kw>
<kw name="Successfull view of the bill details" owner="UserResources">
<kw name="Wait Until Element Is Enabled" owner="SeleniumLibrary">
<arg>${pharmacy_view_details}</arg>
<doc>Waits until the element ``locator`` is enabled.</doc>
<status status="PASS" start="2024-05-28T16:20:35.843148" elapsed="0.046135"/>
</kw>
<kw name="Click Link" owner="SeleniumLibrary">
<msg time="2024-05-28T16:20:35.889941" level="INFO">Clicking link 'xpath://a[@class="btn btn-default btn-xs"]'.</msg>
<arg>${pharmacy_view_details}</arg>
<doc>Clicks a link identified by ``locator``.</doc>
<status status="PASS" start="2024-05-28T16:20:35.889305" elapsed="0.126800"/>
</kw>
<status status="PASS" start="2024-05-28T16:20:35.842596" elapsed="0.174045"/>
</kw>
<kw name="verify the unsuccessfull view of the bill details" owner="UserResources">
<kw name="Wait Until Element Is Visible" owner="SeleniumLibrary">
<arg>${view_detail_assert}</arg>
<doc>Waits until the element ``locator`` is visible.</doc>
<status status="PASS" start="2024-05-28T16:20:36.017702" elapsed="0.421831"/>
</kw>
<kw name="Element Text Should Not Be" owner="SeleniumLibrary">
<msg time="2024-05-28T16:20:36.440534" level="INFO">Verifying element 'xpath://h5[text()='Bill No : PHARMAB307']' does not contain exact text 'Bill No : PHARMAB307'.</msg>
<msg time="2024-05-28T16:20:36.590734" level="INFO" html="true">&lt;/td&gt;&lt;/tr&gt;&lt;tr&gt;&lt;td colspan="3"&gt;&lt;a href="selenium-screenshot-1.png"&gt;&lt;img src="selenium-screenshot-1.png" width="800px"&gt;&lt;/a&gt;</msg>
<msg time="2024-05-28T16:20:36.591235" level="FAIL">The text of element 'xpath://h5[text()='Bill No : PHARMAB307']' was not supposed to be 'Bill No : PHARMAB307'.</msg>
<arg>${view_detail_assert}</arg>
<arg>Bill No : PHARMAB307</arg>
<doc>Verifies that element ``locator`` does not contain exact the text ``not_expected``.</doc>
<status status="FAIL" start="2024-05-28T16:20:36.439823" elapsed="0.154141">The text of element 'xpath://h5[text()='Bill No : PHARMAB307']' was not supposed to be 'Bill No : PHARMAB307'.</status>
</kw>
<status status="FAIL" start="2024-05-28T16:20:36.017201" elapsed="0.577663">The text of element 'xpath://h5[text()='Bill No : PHARMAB307']' was not supposed to be 'Bill No : PHARMAB307'.</status>
</kw>
<kw name="Close the browser" owner="GenericResources" type="TEARDOWN">
<kw name="Close Browser" owner="SeleniumLibrary">
<doc>Closes the current browser.</doc>
<status status="PASS" start="2024-05-28T16:20:36.596385" elapsed="2.699570"/>
</kw>
<status status="PASS" start="2024-05-28T16:20:36.595366" elapsed="2.700589"/>
</kw>
<status status="FAIL" start="2024-05-28T16:20:15.457267" elapsed="23.838688">The text of element 'xpath://h5[text()='Bill No : PHARMAB307']' was not supposed to be 'Bill No : PHARMAB307'.</status>
</test>
<doc>Test case for the valid view bill details</doc>
<status status="FAIL" start="2024-05-28T16:20:15.241128" elapsed="24.066539"/>
</suite>
<status status="FAIL" start="2024-05-28T16:20:15.226972" elapsed="24.081695"/>
</suite>
<statistics>
<total>
<stat pass="0" fail="1" skip="0">All Tests</stat>
</total>
<tag>
</tag>
<suite>
<stat pass="0" fail="1" skip="0" id="s1" name="TestCases">TestCases</stat>
<stat pass="0" fail="1" skip="0" id="s1-s1" name="Test Invalid Viewbillsearch">TestCases.Test Invalid Viewbillsearch</stat>
</suite>
</statistics>
<errors>
</errors>
</robot>
