<?xml version="1.0" encoding="UTF-8"?>
<robot generator="Robot 7.0 (Python 3.12.2 on win32)" generated="2024-05-28T16:21:38.677048" rpa="false" schemaversion="5">
<suite id="s1" name="TestCases" source="C:\Users\91989\Desktop\New folder\Pilot_Project_Smart_hospital_Team3\TestCases">
<suite id="s1-s1" name="Test Valid Payment" source="C:\Users\91989\Desktop\New folder\Pilot_Project_Smart_hospital_Team3\TestCases\Test_Valid_Payment.robot">
<test id="s1-s1-t1" name="Successfull payment for the bill search" line="11">
<kw name="Open the browser with url" owner="GenericResources" type="SETUP">
<kw name="Create Webdriver" owner="SeleniumLibrary">
<msg time="2024-05-28T16:21:39.255638" level="INFO">Creating an instance of the Chrome WebDriver.</msg>
<arg>Chrome</arg>
<doc>Creates an instance of Selenium WebDriver.</doc>
<status status="PASS" start="2024-05-28T16:21:39.254637" elapsed="3.122501"/>
</kw>
<kw name="Go To" owner="SeleniumLibrary">
<msg time="2024-05-28T16:21:42.378135" level="INFO">Opening url 'https://demo.smart-hospital.in/'</msg>
<arg>${url}</arg>
<doc>Navigates the current browser window to the provided ``url``.</doc>
<status status="PASS" start="2024-05-28T16:21:42.377138" elapsed="2.798471"/>
</kw>
<kw name="Maximize Browser Window" owner="SeleniumLibrary">
<doc>Maximizes current browser window.</doc>
<status status="PASS" start="2024-05-28T16:21:45.176619" elapsed="0.022122"/>
</kw>
<kw name="Set Selenium Implicit Wait" owner="SeleniumLibrary">
<arg>5</arg>
<doc>Sets the implicit wait value used by Selenium.</doc>
<status status="PASS" start="2024-05-28T16:21:45.199803" elapsed="0.001104"/>
</kw>
<status status="PASS" start="2024-05-28T16:21:39.250990" elapsed="5.950927"/>
</kw>
<kw name="Click the login in button" owner="GenericResources">
<kw name="Click Element" owner="SeleniumLibrary">
<msg time="2024-05-28T16:21:45.203919" level="INFO">Clicking element 'xpath://ul[@class="top-right"]//a'.</msg>
<arg>${login_button}</arg>
<doc>Click the element identified by ``locator``.</doc>
<status status="PASS" start="2024-05-28T16:21:45.202917" elapsed="2.018494"/>
</kw>
<status status="PASS" start="2024-05-28T16:21:45.201917" elapsed="2.019494"/>
</kw>
<kw name="Fill the login form by default credentials for user role" owner="LoginResources">
<kw name="Click Button" owner="SeleniumLibrary">
<msg time="2024-05-28T16:21:47.223853" level="INFO">Clicking button 'css:button[class='btn']'.</msg>
<arg>${signin_button}</arg>
<doc>Clicks the button identified by ``locator``.</doc>
<status status="PASS" start="2024-05-28T16:21:47.223351" elapsed="5.003343"/>
</kw>
<status status="PASS" start="2024-05-28T16:21:47.222423" elapsed="5.004271"/>
</kw>
<kw name="Verify the successfull login with valid credentials for user" owner="LoginResources">
<kw name="Click Link" owner="SeleniumLibrary">
<msg time="2024-05-28T16:21:52.228704" level="INFO">Clicking link 'css:a[class="dropdown-toggle"]'.</msg>
<arg>${pofile_icon}</arg>
<doc>Clicks a link identified by ``locator``.</doc>
<status status="PASS" start="2024-05-28T16:21:52.227704" elapsed="0.682054"/>
</kw>
<kw name="Wait Until Element Is Enabled" owner="SeleniumLibrary">
<arg>${profile_name}</arg>
<doc>Waits until the element ``locator`` is enabled.</doc>
<status status="PASS" start="2024-05-28T16:21:52.909758" elapsed="0.182012"/>
</kw>
<kw name="Element Text Should Be" owner="SeleniumLibrary">
<msg time="2024-05-28T16:21:53.092270" level="INFO">Verifying element 'css:div[class="sstopuser-test"] h5' contains exact text 'Patient'.</msg>
<arg>${profile_name}</arg>
<arg>Patient</arg>
<doc>Verifies that element ``locator`` contains exact the text ``expected``.</doc>
<status status="PASS" start="2024-05-28T16:21:53.092270" elapsed="0.107709"/>
</kw>
<status status="PASS" start="2024-05-28T16:21:52.226694" elapsed="0.973285"/>
</kw>
<kw name="Sucessfull search by bill number" owner="UserResources">
<kw name="Click Link" owner="SeleniumLibrary">
<msg time="2024-05-28T16:21:53.201994" level="INFO">Clicking link 'xpath://i[@class="fas fa-mortar-pestle"]//parent::a'.</msg>
<arg>${pharmacy_option}</arg>
<doc>Clicks a link identified by ``locator``.</doc>
<status status="PASS" start="2024-05-28T16:21:53.200994" elapsed="1.091904"/>
</kw>
<kw name="Wait Until Element Is Enabled" owner="SeleniumLibrary">
<arg>${pharmacy_bill_search_field}</arg>
<doc>Waits until the element ``locator`` is enabled.</doc>
<status status="PASS" start="2024-05-28T16:21:54.293397" elapsed="0.039079"/>
</kw>
<kw name="Input Text" owner="SeleniumLibrary">
<msg time="2024-05-28T16:21:54.333507" level="INFO">Typing text 'PHARMAB307' into text field 'css:input[type="search"]'.</msg>
<arg>${pharmacy_bill_search_field}</arg>
<arg>PHARMAB307</arg>
<doc>Types the given ``text`` into the text field identified by ``locator``.</doc>
<status status="PASS" start="2024-05-28T16:21:54.333006" elapsed="0.240009"/>
</kw>
<status status="PASS" start="2024-05-28T16:21:53.199979" elapsed="1.373537"/>
</kw>
<kw name="Verify the successfull search by bill number" owner="UserResources">
<kw name="Wait Until Element Is Visible" owner="SeleniumLibrary">
<arg>${pharmacy_bill_record_assert}</arg>
<doc>Waits until the element ``locator`` is visible.</doc>
<status status="PASS" start="2024-05-28T16:21:54.574792" elapsed="0.027638"/>
</kw>
<kw name="Should Not Contain" owner="BuiltIn">
<arg>${pharmacy_bill_record_assert}</arg>
<arg>Records: 0 to 0 of 0</arg>
<doc>Fails if ``container`` contains ``item`` one or more times.</doc>
<status status="PASS" start="2024-05-28T16:21:54.602430" elapsed="0.000539"/>
</kw>
<status status="PASS" start="2024-05-28T16:21:54.573516" elapsed="0.029954"/>
</kw>
<kw name="Successfull payment for the bill" owner="UserResources">
<kw name="Click Button" owner="SeleniumLibrary">
<msg time="2024-05-28T16:21:54.604720" level="INFO">Clicking button 'css:button[class="btn btn-primary btn-xs"]'.</msg>
<arg>${pay_button}</arg>
<doc>Clicks the button identified by ``locator``.</doc>
<status status="PASS" start="2024-05-28T16:21:54.604220" elapsed="0.098540"/>
</kw>
<kw name="Click Button" owner="SeleniumLibrary">
<msg time="2024-05-28T16:21:54.703405" level="INFO">Clicking button 'css:button[id="pay_button"]'.</msg>
<arg>${add_pay_button}</arg>
<doc>Clicks the button identified by ``locator``.</doc>
<status status="PASS" start="2024-05-28T16:21:54.702760" elapsed="0.402413"/>
</kw>
<kw name="Click Button" owner="SeleniumLibrary">
<msg time="2024-05-28T16:21:55.105859" level="INFO">Clicking button 'css:button[class="stripe-button-el"]'.</msg>
<arg>${paywithcard_button}</arg>
<doc>Clicks the button identified by ``locator``.</doc>
<status status="PASS" start="2024-05-28T16:21:55.105675" elapsed="3.190968"/>
</kw>
<kw name="Wait Until Element Is Enabled" owner="SeleniumLibrary">
<msg time="2024-05-28T16:22:03.955985" level="INFO" html="true">&lt;/td&gt;&lt;/tr&gt;&lt;tr&gt;&lt;td colspan="3"&gt;&lt;a href="selenium-screenshot-1.png"&gt;&lt;img src="selenium-screenshot-1.png" width="800px"&gt;&lt;/a&gt;</msg>
<msg time="2024-05-28T16:22:03.955985" level="FAIL">Element with locator 'css:div[class="emailInput input"] input[id='email']' not found.</msg>
<arg>${payment_email_field}</arg>
<doc>Waits until the element ``locator`` is enabled.</doc>
<status status="FAIL" start="2024-05-28T16:21:58.296643" elapsed="5.662470">Element with locator 'css:div[class="emailInput input"] input[id='email']' not found.</status>
</kw>
<kw name="Input Text" owner="SeleniumLibrary">
<arg>${payment_email_field}</arg>
<arg>olivier@gmail.com</arg>
<doc>Types the given ``text`` into the text field identified by ``locator``.</doc>
<status status="NOT RUN" start="2024-05-28T16:22:03.959903" elapsed="0.000000"/>
</kw>
<kw name="Input Text" owner="SeleniumLibrary">
<arg>${payment_cardnumber_field}</arg>
<arg>6555900000604105</arg>
<doc>Types the given ``text`` into the text field identified by ``locator``.</doc>
<status status="NOT RUN" start="2024-05-28T16:22:03.959903" elapsed="0.000501"/>
</kw>
<kw name="Input Text" owner="SeleniumLibrary">
<arg>${card_expiry_date_field}</arg>
<arg>08/30</arg>
<doc>Types the given ``text`` into the text field identified by ``locator``.</doc>
<status status="NOT RUN" start="2024-05-28T16:22:03.960404" elapsed="0.000000"/>
</kw>
<kw name="Input Text" owner="SeleniumLibrary">
<arg>${card_cvv_field}</arg>
<arg>345</arg>
<doc>Types the given ``text`` into the text field identified by ``locator``.</doc>
<status status="NOT RUN" start="2024-05-28T16:22:03.960404" elapsed="0.000000"/>
</kw>
<kw name="Input Text" owner="SeleniumLibrary">
<arg>${card_pincode}</arg>
<arg>345678</arg>
<doc>Types the given ``text`` into the text field identified by ``locator``.</doc>
<status status="NOT RUN" start="2024-05-28T16:22:03.960404" elapsed="0.001008"/>
</kw>
<kw name="Click Button" owner="SeleniumLibrary">
<arg>${final_pay_button}</arg>
<doc>Clicks the button identified by ``locator``.</doc>
<status status="NOT RUN" start="2024-05-28T16:22:03.961412" elapsed="0.000000"/>
</kw>
<status status="FAIL" start="2024-05-28T16:21:54.603720" elapsed="9.357692">Element with locator 'css:div[class="emailInput input"] input[id='email']' not found.</status>
</kw>
<kw name="Verify the successfull payment for the bill" owner="UserResources">
<status status="NOT RUN" start="2024-05-28T16:22:03.962622" elapsed="0.001066"/>
</kw>
<kw name="Close the browser" owner="GenericResources" type="TEARDOWN">
<kw name="Close Browser" owner="SeleniumLibrary">
<doc>Closes the current browser.</doc>
<status status="PASS" start="2024-05-28T16:22:03.964694" elapsed="3.607015"/>
</kw>
<status status="PASS" start="2024-05-28T16:22:03.963688" elapsed="3.608021"/>
</kw>
<status status="FAIL" start="2024-05-28T16:21:39.244395" elapsed="28.327816">Element with locator 'css:div[class="emailInput input"] input[id='email']' not found.</status>
</test>
<doc>Test case for the valid payment for a bill number</doc>
<status status="FAIL" start="2024-05-28T16:21:38.737194" elapsed="28.837211"/>
</suite>
<status status="FAIL" start="2024-05-28T16:21:38.705944" elapsed="28.868461"/>
</suite>
<statistics>
<total>
<stat pass="0" fail="1" skip="0">All Tests</stat>
</total>
<tag>
</tag>
<suite>
<stat pass="0" fail="1" skip="0" id="s1" name="TestCases">TestCases</stat>
<stat pass="0" fail="1" skip="0" id="s1-s1" name="Test Valid Payment">TestCases.Test Valid Payment</stat>
</suite>
</statistics>
<errors>
</errors>
</robot>
