<?xml version="1.0" encoding="UTF-8"?>
<robot generator="Rebot 7.0 (Python 3.12.2 on win32)" generated="2024-05-28T16:19:41.965526" rpa="false" schemaversion="5">
<suite id="s1" name="TestCases" source="C:\Users\91989\Desktop\New folder\Pilot_Project_Smart_hospital_Team3\TestCases">
<suite id="s1-s1" name="Test Invalid Addnewpatient" source="C:\Users\91989\Desktop\New folder\Pilot_Project_Smart_hospital_Team3\TestCases\Test_Invalid_Addnewpatient.robot">
<test id="s1-s1-t1" name="addition of new patient" line="16">
<kw name="Open the browser with url" owner="GenericResources" type="SETUP">
<kw name="Create Webdriver" owner="SeleniumLibrary">
<msg time="2024-05-28T16:12:35.757438" level="INFO">Creating an instance of the Chrome WebDriver.</msg>
<arg>Chrome</arg>
<doc>Creates an instance of Selenium WebDriver.</doc>
<status status="PASS" start="2024-05-28T16:12:35.755993" elapsed="7.514745"/>
</kw>
<kw name="Go To" owner="SeleniumLibrary">
<msg time="2024-05-28T16:12:43.271238" level="INFO">Opening url 'https://demo.smart-hospital.in/'</msg>
<arg>${url}</arg>
<doc>Navigates the current browser window to the provided ``url``.</doc>
<status status="PASS" start="2024-05-28T16:12:43.271238" elapsed="4.232532"/>
</kw>
<kw name="Maximize Browser Window" owner="SeleniumLibrary">
<doc>Maximizes current browser window.</doc>
<status status="PASS" start="2024-05-28T16:12:47.504305" elapsed="0.285540"/>
</kw>
<kw name="Set Selenium Implicit Wait" owner="SeleniumLibrary">
<arg>5</arg>
<doc>Sets the implicit wait value used by Selenium.</doc>
<status status="PASS" start="2024-05-28T16:12:47.789845" elapsed="0.011938"/>
</kw>
<status status="PASS" start="2024-05-28T16:12:35.752372" elapsed="12.049411"/>
</kw>
<kw name="Unsuccessfull addition of new patient">
<kw name="Click the login in button" owner="GenericResources">
<kw name="Click Element" owner="SeleniumLibrary">
<msg time="2024-05-28T16:12:47.806640" level="INFO">Clicking element 'xpath://ul[@class="top-right"]//a'.</msg>
<arg>${login_button}</arg>
<doc>Click the element identified by ``locator``.</doc>
<status status="PASS" start="2024-05-28T16:12:47.804993" elapsed="4.389678"/>
</kw>
<status status="PASS" start="2024-05-28T16:12:47.803942" elapsed="4.390729"/>
</kw>
<kw name="Fill the successfull login form by clicking the doctor role" owner="LoginResources">
<kw name="Click Link" owner="SeleniumLibrary">
<msg time="2024-05-28T16:12:52.196684" level="INFO">Clicking link 'xpath://i[@class="fa fa-user"]//parent::a'.</msg>
<arg>${admin_login_button}</arg>
<doc>Clicks a link identified by ``locator``.</doc>
<status status="PASS" start="2024-05-28T16:12:52.196684" elapsed="3.035715"/>
</kw>
<kw name="Switch Window" owner="SeleniumLibrary">
<arg>new</arg>
<doc>Switches to browser window matching ``locator``.</doc>
<status status="PASS" start="2024-05-28T16:12:55.234622" elapsed="0.031379"/>
</kw>
<kw name="Click Link" owner="SeleniumLibrary">
<msg time="2024-05-28T16:12:55.267560" level="INFO">Clicking link 'xpath://a[text()='Doctor']'.</msg>
<arg>${valid_doctor_button}</arg>
<doc>Clicks a link identified by ``locator``.</doc>
<status status="PASS" start="2024-05-28T16:12:55.266502" elapsed="0.990766"/>
</kw>
<kw name="Click Button" owner="SeleniumLibrary">
<msg time="2024-05-28T16:12:56.258499" level="INFO">Clicking button 'css:button[class='btn']'.</msg>
<arg>${signin_button}</arg>
<doc>Clicks the button identified by ``locator``.</doc>
<status status="PASS" start="2024-05-28T16:12:56.257352" elapsed="5.769428"/>
</kw>
<status status="PASS" start="2024-05-28T16:12:52.195684" elapsed="9.831096"/>
</kw>
<kw name="Verify the successfull login with valid credentials for doctor" owner="LoginResources">
<kw name="Click Link" owner="SeleniumLibrary">
<msg time="2024-05-28T16:13:02.028408" level="INFO">Clicking link 'css:a[class="dropdown-toggle"]'.</msg>
<arg>${pofile_icon}</arg>
<doc>Clicks a link identified by ``locator``.</doc>
<status status="PASS" start="2024-05-28T16:13:02.027779" elapsed="0.184139"/>
</kw>
<kw name="Wait Until Element Is Enabled" owner="SeleniumLibrary">
<arg>${profile_name}</arg>
<doc>Waits until the element ``locator`` is enabled.</doc>
<status status="PASS" start="2024-05-28T16:13:02.212031" elapsed="0.060317"/>
</kw>
<kw name="Element Text Should Be" owner="SeleniumLibrary">
<msg time="2024-05-28T16:13:02.273775" level="INFO">Verifying element 'css:div[class="sstopuser-test"] h5' contains exact text 'Doctor'.</msg>
<arg>${profile_name}</arg>
<arg>Doctor</arg>
<doc>Verifies that element ``locator`` contains exact the text ``expected``.</doc>
<status status="PASS" start="2024-05-28T16:13:02.272348" elapsed="0.037142"/>
</kw>
<status status="PASS" start="2024-05-28T16:13:02.027280" elapsed="0.282710"/>
</kw>
<kw name="Addition of new patient in the IPD inpatient with valid Credentials" owner="DoctorResources">
<kw name="Click Link" owner="SeleniumLibrary">
<msg time="2024-05-28T16:13:02.312169" level="INFO">Clicking link 'xpath://i[@class="fas fa-procedures"]//parent::a'.</msg>
<arg>${IPD_in_patient}</arg>
<doc>Clicks a link identified by ``locator``.</doc>
<status status="PASS" start="2024-05-28T16:13:02.311668" elapsed="0.750330"/>
</kw>
<kw name="Click Link" owner="SeleniumLibrary">
<msg time="2024-05-28T16:13:03.063138" level="INFO">Clicking link 'css:a[id="addp"]'.</msg>
<arg>${add_patient_button}</arg>
<doc>Clicks a link identified by ``locator``.</doc>
<status status="PASS" start="2024-05-28T16:13:03.062525" elapsed="0.156285"/>
</kw>
<kw name="Click Link" owner="SeleniumLibrary">
<msg time="2024-05-28T16:13:03.220004" level="INFO">Clicking link 'css:a[id="addpip"]'.</msg>
<arg>${new_patient_button}</arg>
<doc>Clicks a link identified by ``locator``.</doc>
<status status="PASS" start="2024-05-28T16:13:03.219237" elapsed="0.286912"/>
</kw>
<kw name="Input Text" owner="SeleniumLibrary">
<msg time="2024-05-28T16:13:03.507050" level="INFO">Typing text '' into text field 'css:input[id="name"]'.</msg>
<arg>${name_field}</arg>
<arg>${patient_name}</arg>
<doc>Types the given ``text`` into the text field identified by ``locator``.</doc>
<status status="PASS" start="2024-05-28T16:13:03.506549" elapsed="0.341191"/>
</kw>
<kw name="Input Text" owner="SeleniumLibrary">
<msg time="2024-05-28T16:13:03.847740" level="INFO">Typing text 'krish' into text field 'css:div[class="col-lg-6 col-md-6 col-sm-6"] input[name="guardian_name"]'.</msg>
<arg>${guardian_name_field}</arg>
<arg>${guardian_name}</arg>
<doc>Types the given ``text`` into the text field identified by ``locator``.</doc>
<status status="PASS" start="2024-05-28T16:13:03.847740" elapsed="0.108891"/>
</kw>
<kw name="Input Text" owner="SeleniumLibrary">
<msg time="2024-05-28T16:13:03.957608" level="INFO">Typing text '05/29/2002' into text field 'xpath://div[@class="col-sm-4"]//input[@name="dob"]'.</msg>
<arg>${dob_field}</arg>
<arg>${dob}</arg>
<doc>Types the given ``text`` into the text field identified by ``locator``.</doc>
<status status="PASS" start="2024-05-28T16:13:03.956631" elapsed="0.170251"/>
</kw>
<kw name="Input Text" owner="SeleniumLibrary">
<msg time="2024-05-28T16:13:04.127894" level="INFO">Typing text '9977554433' into text field 'css:input[id="number"]'.</msg>
<arg>${phone_number_field}</arg>
<arg>${phone_number}</arg>
<doc>Types the given ``text`` into the text field identified by ``locator``.</doc>
<status status="PASS" start="2024-05-28T16:13:04.126882" elapsed="0.099624"/>
</kw>
<kw name="Input Text" owner="SeleniumLibrary">
<msg time="2024-05-28T16:13:04.227622" level="INFO">Typing text 'praburam@gmail.com' into text field 'css:input[id="addformemail"]'.</msg>
<arg>${email_field}</arg>
<arg>${email}</arg>
<doc>Types the given ``text`` into the text field identified by ``locator``.</doc>
<status status="PASS" start="2024-05-28T16:13:04.226506" elapsed="0.120535"/>
</kw>
<kw name="Input Text" owner="SeleniumLibrary">
<msg time="2024-05-28T16:13:04.347486" level="INFO">Typing text 'kaveri avenu,amman nager,coimbatore-98' into text field 'css:input[name="address"]'.</msg>
<arg>${address_field}</arg>
<arg>${address}</arg>
<doc>Types the given ``text`` into the text field identified by ``locator``.</doc>
<status status="PASS" start="2024-05-28T16:13:04.347041" elapsed="0.131343"/>
</kw>
<kw name="Input Text" owner="SeleniumLibrary">
<msg time="2024-05-28T16:13:04.479443" level="INFO">Typing text 'voimiting' into text field 'css:div[class="col-lg-12 col-md-12 col-sm-12"] textarea[name="known_allergies"]'.</msg>
<arg>${known_allergies_field}</arg>
<arg>${known_allergies}</arg>
<doc>Types the given ``text`` into the text field identified by ``locator``.</doc>
<status status="PASS" start="2024-05-28T16:13:04.478384" elapsed="0.108122"/>
</kw>
<kw name="Input Text" owner="SeleniumLibrary">
<msg time="2024-05-28T16:13:04.587774" level="INFO">Typing text '1876548' into text field 'css:input[name="insurance_id"]'.</msg>
<arg>${TPA_ID_field}</arg>
<arg>${TPA_ID}</arg>
<doc>Types the given ``text`` into the text field identified by ``locator``.</doc>
<status status="PASS" start="2024-05-28T16:13:04.586506" elapsed="0.179114"/>
</kw>
<kw name="Input Text" owner="SeleniumLibrary">
<msg time="2024-05-28T16:13:04.766669" level="INFO">Typing text '2026-09-01 00:00:00' into text field 'css:input[name="validity"]'.</msg>
<arg>${TPA_validity_field}</arg>
<arg>${TPA_Validity}</arg>
<doc>Types the given ``text`` into the text field identified by ``locator``.</doc>
<status status="PASS" start="2024-05-28T16:13:04.766169" elapsed="0.280290"/>
</kw>
<kw name="Input Text" owner="SeleniumLibrary">
<msg time="2024-05-28T16:13:05.046957" level="INFO">Typing text '345678' into text field 'css:input[name="identification_number"]'.</msg>
<arg>${national_identity_number_field}</arg>
<arg>${ni_number}</arg>
<doc>Types the given ``text`` into the text field identified by ``locator``.</doc>
<status status="PASS" start="2024-05-28T16:13:05.046957" elapsed="0.130979"/>
</kw>
<kw name="Input Text" owner="SeleniumLibrary">
<msg time="2024-05-28T16:13:05.179001" level="INFO">Typing text '9876543456' into text field 'css:input[id="custom_fields[patient][3]"]'.</msg>
<arg>${alternate_number_field}</arg>
<arg>${alternate_number}</arg>
<doc>Types the given ``text`` into the text field identified by ``locator``.</doc>
<status status="PASS" start="2024-05-28T16:13:05.178500" elapsed="0.135427"/>
</kw>
<kw name="Click Button" owner="SeleniumLibrary">
<msg time="2024-05-28T16:13:05.314941" level="INFO">Clicking button 'css:button[id="formaddpabtn"]'.</msg>
<arg>${save_button}</arg>
<doc>Clicks the button identified by ``locator``.</doc>
<status status="PASS" start="2024-05-28T16:13:05.314427" elapsed="0.128929"/>
</kw>
<arg>${patient_name}</arg>
<arg>${guardian_name}</arg>
<arg>${dob}</arg>
<arg>${bloodgroup}</arg>
<arg>${marital_status}</arg>
<arg>${phone_number}</arg>
<arg>${email}</arg>
<arg>${address}</arg>
<arg>${known_allergies}</arg>
<arg>${TPA_ID}</arg>
<arg>${TPA_Validity}</arg>
<arg>${ni_number}</arg>
<arg>${alternate_number}</arg>
<status status="PASS" start="2024-05-28T16:13:02.309990" elapsed="3.133366"/>
</kw>
<kw name="Verify the unsuccessfull addition of new patient" owner="DoctorResources">
<kw name="Element Text Should Be" owner="SeleniumLibrary">
<msg time="2024-05-28T16:13:05.446509" level="INFO">Verifying element 'css:div[class='toast-message'] p' contains exact text 'The Name field is required.'.</msg>
<arg>${addnewpatient_invalidalert}</arg>
<arg>The Name field is required.</arg>
<doc>Verifies that element ``locator`` contains exact the text ``expected``.</doc>
<status status="PASS" start="2024-05-28T16:13:05.445509" elapsed="0.261091"/>
</kw>
<status status="PASS" start="2024-05-28T16:13:05.444507" elapsed="0.262093"/>
</kw>
<arg>patient_name=</arg>
<arg>guardian_name=krish</arg>
<arg>dob=05/29/2002</arg>
<arg>bloodgroup=O+</arg>
<arg>marital_status=Single</arg>
<arg>phone_number=9977554433</arg>
<arg>email=praburam@gmail.com</arg>
<arg>address=kaveri avenu,amman nager,coimbatore-98</arg>
<arg>known_allergies=voimiting</arg>
<arg>TPA_ID=1876548</arg>
<arg>TPA_Validity=2026-09-01 00:00:00</arg>
<arg>ni_number=345678</arg>
<arg>alternate_number=9876543456</arg>
<status status="PASS" start="2024-05-28T16:12:47.803093" elapsed="17.904004"/>
</kw>
<kw name="Close the browser" owner="GenericResources" type="TEARDOWN">
<kw name="Close Browser" owner="SeleniumLibrary">
<doc>Closes the current browser.</doc>
<status status="PASS" start="2024-05-28T16:13:05.707596" elapsed="2.332283"/>
</kw>
<status status="PASS" start="2024-05-28T16:13:05.707097" elapsed="2.332782"/>
</kw>
<status status="PASS" start="2024-05-28T16:12:35.739132" elapsed="32.301254"/>
</test>
<doc>Test case to add new patient in the patient list</doc>
<status status="PASS" start="2024-05-28T16:12:33.710000" elapsed="34.330170"/>
</suite>
<suite id="s1-s2" name="Test Invalid Billsearch" source="C:\Users\91989\Desktop\New folder\Pilot_Project_Smart_hospital_Team3\TestCases\Test_Invalid_Billsearch.robot">
<test id="s1-s2-t1" name="Unsuccessfull search for a bill using bill number" line="11">
<kw name="Open the browser with url" owner="GenericResources" type="SETUP">
<kw name="Create Webdriver" owner="SeleniumLibrary">
<msg time="2024-05-28T16:12:34.319766" level="INFO">Creating an instance of the Chrome WebDriver.</msg>
<arg>Chrome</arg>
<doc>Creates an instance of Selenium WebDriver.</doc>
<status status="PASS" start="2024-05-28T16:12:34.319766" elapsed="8.329991"/>
</kw>
<kw name="Go To" owner="SeleniumLibrary">
<msg time="2024-05-28T16:12:42.650656" level="INFO">Opening url 'https://demo.smart-hospital.in/'</msg>
<arg>${url}</arg>
<doc>Navigates the current browser window to the provided ``url``.</doc>
<status status="PASS" start="2024-05-28T16:12:42.650328" elapsed="2.773085"/>
</kw>
<kw name="Maximize Browser Window" owner="SeleniumLibrary">
<doc>Maximizes current browser window.</doc>
<status status="PASS" start="2024-05-28T16:12:45.423911" elapsed="0.050474"/>
</kw>
<kw name="Set Selenium Implicit Wait" owner="SeleniumLibrary">
<arg>5</arg>
<doc>Sets the implicit wait value used by Selenium.</doc>
<status status="PASS" start="2024-05-28T16:12:45.474385" elapsed="0.005891"/>
</kw>
<status status="PASS" start="2024-05-28T16:12:34.319766" elapsed="11.161011"/>
</kw>
<kw name="Click the login in button" owner="GenericResources">
<kw name="Click Element" owner="SeleniumLibrary">
<msg time="2024-05-28T16:12:45.483159" level="INFO">Clicking element 'xpath://ul[@class="top-right"]//a'.</msg>
<arg>${login_button}</arg>
<doc>Click the element identified by ``locator``.</doc>
<status status="PASS" start="2024-05-28T16:12:45.481776" elapsed="2.955424"/>
</kw>
<status status="PASS" start="2024-05-28T16:12:45.480777" elapsed="2.956924"/>
</kw>
<kw name="Fill the login form by default credentials for user role" owner="LoginResources">
<kw name="Click Button" owner="SeleniumLibrary">
<msg time="2024-05-28T16:12:48.439064" level="INFO">Clicking button 'css:button[class='btn']'.</msg>
<arg>${signin_button}</arg>
<doc>Clicks the button identified by ``locator``.</doc>
<status status="PASS" start="2024-05-28T16:12:48.438827" elapsed="7.933728"/>
</kw>
<status status="PASS" start="2024-05-28T16:12:48.437701" elapsed="7.935353"/>
</kw>
<kw name="Verify the successfull login with valid credentials for user" owner="LoginResources">
<kw name="Click Link" owner="SeleniumLibrary">
<msg time="2024-05-28T16:12:56.374762" level="INFO">Clicking link 'css:a[class="dropdown-toggle"]'.</msg>
<arg>${pofile_icon}</arg>
<doc>Clicks a link identified by ``locator``.</doc>
<status status="PASS" start="2024-05-28T16:12:56.374065" elapsed="0.483965"/>
</kw>
<kw name="Wait Until Element Is Enabled" owner="SeleniumLibrary">
<arg>${profile_name}</arg>
<doc>Waits until the element ``locator`` is enabled.</doc>
<status status="PASS" start="2024-05-28T16:12:56.858530" elapsed="0.269616"/>
</kw>
<kw name="Element Text Should Be" owner="SeleniumLibrary">
<msg time="2024-05-28T16:12:57.129147" level="INFO">Verifying element 'css:div[class="sstopuser-test"] h5' contains exact text 'Patient'.</msg>
<arg>${profile_name}</arg>
<arg>Patient</arg>
<doc>Verifies that element ``locator`` contains exact the text ``expected``.</doc>
<status status="PASS" start="2024-05-28T16:12:57.128647" elapsed="0.198110"/>
</kw>
<status status="PASS" start="2024-05-28T16:12:56.373516" elapsed="0.953742"/>
</kw>
<kw name="Unsuccessfull search by bill number" owner="UserResources">
<kw name="Click Link" owner="SeleniumLibrary">
<msg time="2024-05-28T16:12:57.328869" level="INFO">Clicking link 'xpath://i[@class="fas fa-mortar-pestle"]//parent::a'.</msg>
<arg>${pharmacy_option}</arg>
<doc>Clicks a link identified by ``locator``.</doc>
<status status="PASS" start="2024-05-28T16:12:57.328370" elapsed="1.560553"/>
</kw>
<kw name="Wait Until Element Is Enabled" owner="SeleniumLibrary">
<arg>${pharmacy_bill_search_field}</arg>
<doc>Waits until the element ``locator`` is enabled.</doc>
<status status="PASS" start="2024-05-28T16:12:58.889424" elapsed="0.156272"/>
</kw>
<kw name="Input Text" owner="SeleniumLibrary">
<msg time="2024-05-28T16:12:59.046266" level="INFO">Typing text 'lkjhgfcvb' into text field 'css:input[type="search"]'.</msg>
<arg>${pharmacy_bill_search_field}</arg>
<arg>lkjhgfcvb</arg>
<doc>Types the given ``text`` into the text field identified by ``locator``.</doc>
<status status="PASS" start="2024-05-28T16:12:59.045958" elapsed="0.249162"/>
</kw>
<status status="PASS" start="2024-05-28T16:12:57.327258" elapsed="1.967862"/>
</kw>
<kw name="Verify the unsuccessfull search by bill number" owner="UserResources">
<kw name="Wait Until Element Is Visible" owner="SeleniumLibrary">
<arg>${pharmacy_bill_record_assert}</arg>
<doc>Waits until the element ``locator`` is visible.</doc>
<status status="PASS" start="2024-05-28T16:12:59.297215" elapsed="0.036322"/>
</kw>
<kw name="Element Text Should Be" owner="SeleniumLibrary">
<msg time="2024-05-28T16:12:59.334515" level="INFO">Verifying element 'css:div[id="DataTables_Table_0_info"]' contains exact text 'Records: 0 to 0 of 0 (filtered from 10 total records)'.</msg>
<arg>${pharmacy_bill_record_assert}</arg>
<arg>Records: 0 to 0 of 0 (filtered from 10 total records)</arg>
<doc>Verifies that element ``locator`` contains exact the text ``expected``.</doc>
<status status="PASS" start="2024-05-28T16:12:59.333537" elapsed="0.037488"/>
</kw>
<status status="PASS" start="2024-05-28T16:12:59.296214" elapsed="0.075311"/>
</kw>
<kw name="Close the browser" owner="GenericResources" type="TEARDOWN">
<kw name="Close Browser" owner="SeleniumLibrary">
<doc>Closes the current browser.</doc>
<status status="PASS" start="2024-05-28T16:12:59.372151" elapsed="5.168538"/>
</kw>
<status status="PASS" start="2024-05-28T16:12:59.371649" elapsed="5.169540"/>
</kw>
<status status="PASS" start="2024-05-28T16:12:34.319267" elapsed="30.221922"/>
</test>
<doc>Test case for the Invalid search for a bill using bill number</doc>
<status status="PASS" start="2024-05-28T16:12:33.884162" elapsed="30.657528"/>
</suite>
<suite id="s1-s3" name="Test Invalid Doctorlogin" source="C:\Users\91989\Desktop\New folder\Pilot_Project_Smart_hospital_Team3\TestCases\Test_Invalid_Doctorlogin.robot">
<test id="s1-s3-t1" name="Unsucessfull doctor login using invalid login credentials" line="12">
<kw name="Open the browser with url" owner="GenericResources" type="SETUP">
<kw name="Create Webdriver" owner="SeleniumLibrary">
<msg time="2024-05-28T16:12:34.295340" level="INFO">Creating an instance of the Chrome WebDriver.</msg>
<arg>Chrome</arg>
<doc>Creates an instance of Selenium WebDriver.</doc>
<status status="PASS" start="2024-05-28T16:12:34.295340" elapsed="8.477725"/>
</kw>
<kw name="Go To" owner="SeleniumLibrary">
<msg time="2024-05-28T16:12:42.773877" level="INFO">Opening url 'https://demo.smart-hospital.in/'</msg>
<arg>${url}</arg>
<doc>Navigates the current browser window to the provided ``url``.</doc>
<status status="PASS" start="2024-05-28T16:12:42.773228" elapsed="3.425142"/>
</kw>
<kw name="Maximize Browser Window" owner="SeleniumLibrary">
<doc>Maximizes current browser window.</doc>
<status status="PASS" start="2024-05-28T16:12:46.198370" elapsed="0.127105"/>
</kw>
<kw name="Set Selenium Implicit Wait" owner="SeleniumLibrary">
<arg>5</arg>
<doc>Sets the implicit wait value used by Selenium.</doc>
<status status="PASS" start="2024-05-28T16:12:46.326611" elapsed="0.004177"/>
</kw>
<status status="PASS" start="2024-05-28T16:12:34.289658" elapsed="12.041130"/>
</kw>
<kw name="Click the login in button" owner="GenericResources">
<kw name="Click Element" owner="SeleniumLibrary">
<msg time="2024-05-28T16:12:46.336494" level="INFO">Clicking element 'xpath://ul[@class="top-right"]//a'.</msg>
<arg>${login_button}</arg>
<doc>Click the element identified by ``locator``.</doc>
<status status="PASS" start="2024-05-28T16:12:46.332037" elapsed="3.800417"/>
</kw>
<status status="PASS" start="2024-05-28T16:12:46.331289" elapsed="3.801165"/>
</kw>
<kw name="Fill the login form with login credentials for doctor" owner="LoginResources">
<kw name="Click Link" owner="SeleniumLibrary">
<msg time="2024-05-28T16:12:50.136364" level="INFO">Clicking link 'xpath://i[@class="fa fa-user"]//parent::a'.</msg>
<arg>${admin_login_button}</arg>
<doc>Clicks a link identified by ``locator``.</doc>
<status status="PASS" start="2024-05-28T16:12:50.135694" elapsed="5.077066"/>
</kw>
<kw name="Switch Window" owner="SeleniumLibrary">
<arg>new</arg>
<doc>Switches to browser window matching ``locator``.</doc>
<status status="PASS" start="2024-05-28T16:12:55.213305" elapsed="0.015044"/>
</kw>
<kw name="Input Text" owner="SeleniumLibrary">
<msg time="2024-05-28T16:12:55.229417" level="INFO">Typing text 'sonia@gmail.com' into text field 'css:input[name='username']'.</msg>
<arg>${username_field}</arg>
<arg>${username}</arg>
<doc>Types the given ``text`` into the text field identified by ``locator``.</doc>
<status status="PASS" start="2024-05-28T16:12:55.228448" elapsed="1.370385"/>
</kw>
<kw name="Input Password" owner="SeleniumLibrary">
<msg time="2024-05-28T16:12:56.600439" level="INFO">Typing password into text field 'css:input[name='password']'.</msg>
<msg time="2024-05-28T16:12:56.679520" level="INFO">Temporally setting log level to: NONE</msg>
<arg>${password_field}</arg>
<arg>${password}</arg>
<doc>Types the given password into the text field identified by ``locator``.</doc>
<status status="PASS" start="2024-05-28T16:12:56.598833" elapsed="0.406787"/>
</kw>
<kw name="Click Button" owner="SeleniumLibrary">
<msg time="2024-05-28T16:12:57.007034" level="INFO">Clicking button 'css:button[class='btn']'.</msg>
<arg>${signin_button}</arg>
<doc>Clicks the button identified by ``locator``.</doc>
<status status="PASS" start="2024-05-28T16:12:57.005620" elapsed="1.361730"/>
</kw>
<arg>${doctor_valid_username}</arg>
<arg>${doctor_invalid_password}</arg>
<status status="PASS" start="2024-05-28T16:12:50.133729" elapsed="8.234360"/>
</kw>
<kw name="Verify the unsucessfull login with invalid credentials" owner="LoginResources">
<kw name="Element Text Should Be" owner="SeleniumLibrary">
<msg time="2024-05-28T16:12:58.369775" level="INFO">Verifying element 'css:div[class="alert alert-danger"]' contains exact text 'Invalid Username or Password'.</msg>
<arg>${invalid_credentials_message}</arg>
<arg>Invalid Username or Password</arg>
<doc>Verifies that element ``locator`` contains exact the text ``expected``.</doc>
<status status="PASS" start="2024-05-28T16:12:58.369272" elapsed="0.394439"/>
</kw>
<status status="PASS" start="2024-05-28T16:12:58.368725" elapsed="0.395486"/>
</kw>
<kw name="Close the browser" owner="GenericResources" type="TEARDOWN">
<kw name="Close Browser" owner="SeleniumLibrary">
<doc>Closes the current browser.</doc>
<status status="PASS" start="2024-05-28T16:12:58.767028" elapsed="5.857170"/>
</kw>
<status status="PASS" start="2024-05-28T16:12:58.764712" elapsed="5.859604"/>
</kw>
<status status="PASS" start="2024-05-28T16:12:34.289658" elapsed="30.334658"/>
</test>
<test id="s1-s3-t2" name="Unsucessfull doctor login by clicking invalid user role" line="17">
<kw name="Open the browser with url" owner="GenericResources" type="SETUP">
<kw name="Create Webdriver" owner="SeleniumLibrary">
<msg time="2024-05-28T16:13:04.628316" level="INFO">Creating an instance of the Chrome WebDriver.</msg>
<arg>Chrome</arg>
<doc>Creates an instance of Selenium WebDriver.</doc>
<status status="PASS" start="2024-05-28T16:13:04.627658" elapsed="2.463274"/>
</kw>
<kw name="Go To" owner="SeleniumLibrary">
<msg time="2024-05-28T16:13:07.092351" level="INFO">Opening url 'https://demo.smart-hospital.in/'</msg>
<arg>${url}</arg>
<doc>Navigates the current browser window to the provided ``url``.</doc>
<status status="PASS" start="2024-05-28T16:13:07.091433" elapsed="2.548566"/>
</kw>
<kw name="Maximize Browser Window" owner="SeleniumLibrary">
<doc>Maximizes current browser window.</doc>
<status status="PASS" start="2024-05-28T16:13:09.639999" elapsed="0.051305"/>
</kw>
<kw name="Set Selenium Implicit Wait" owner="SeleniumLibrary">
<arg>5</arg>
<doc>Sets the implicit wait value used by Selenium.</doc>
<status status="PASS" start="2024-05-28T16:13:09.691321" elapsed="0.003547"/>
</kw>
<status status="PASS" start="2024-05-28T16:13:04.626727" elapsed="5.068141"/>
</kw>
<kw name="Click the login in button" owner="GenericResources">
<kw name="Click Element" owner="SeleniumLibrary">
<msg time="2024-05-28T16:13:09.696879" level="INFO">Clicking element 'xpath://ul[@class="top-right"]//a'.</msg>
<arg>${login_button}</arg>
<doc>Click the element identified by ``locator``.</doc>
<status status="PASS" start="2024-05-28T16:13:09.695879" elapsed="1.995491"/>
</kw>
<status status="PASS" start="2024-05-28T16:13:09.695879" elapsed="1.996073"/>
</kw>
<kw name="Fill the unsuccessfull login form by clicking the doctor role" owner="LoginResources">
<kw name="Click Link" owner="SeleniumLibrary">
<msg time="2024-05-28T16:13:11.693608" level="INFO">Clicking link 'xpath://i[@class="fa fa-user"]//parent::a'.</msg>
<arg>${admin_login_button}</arg>
<doc>Clicks a link identified by ``locator``.</doc>
<status status="PASS" start="2024-05-28T16:13:11.692453" elapsed="0.332717"/>
</kw>
<kw name="Switch Window" owner="SeleniumLibrary">
<arg>new</arg>
<doc>Switches to browser window matching ``locator``.</doc>
<status status="PASS" start="2024-05-28T16:13:12.025170" elapsed="0.018510"/>
</kw>
<kw name="Click Link" owner="SeleniumLibrary">
<msg time="2024-05-28T16:13:12.043680" level="INFO">Clicking link 'xpath://a[text()='Pharmacist']'.</msg>
<arg>${invalid_doctor_button}</arg>
<doc>Clicks a link identified by ``locator``.</doc>
<status status="PASS" start="2024-05-28T16:13:12.043680" elapsed="2.009100"/>
</kw>
<kw name="Click Button" owner="SeleniumLibrary">
<msg time="2024-05-28T16:13:14.053792" level="INFO">Clicking button 'css:button[class='btn']'.</msg>
<arg>${signin_button}</arg>
<doc>Clicks the button identified by ``locator``.</doc>
<status status="PASS" start="2024-05-28T16:13:14.052780" elapsed="5.539622"/>
</kw>
<status status="PASS" start="2024-05-28T16:13:11.692453" elapsed="7.900394"/>
</kw>
<kw name="Verify the unsuccessfull login with valid credentials for doctor" owner="LoginResources">
<kw name="Click Link" owner="SeleniumLibrary">
<msg time="2024-05-28T16:13:19.594172" level="INFO">Clicking link 'css:a[class="dropdown-toggle"]'.</msg>
<arg>${pofile_icon}</arg>
<doc>Clicks a link identified by ``locator``.</doc>
<status status="PASS" start="2024-05-28T16:13:19.593673" elapsed="0.141879"/>
</kw>
<kw name="Element Text Should Not Be" owner="SeleniumLibrary">
<msg time="2024-05-28T16:13:19.736554" level="INFO">Verifying element 'css:div[class="sstopuser-test"] h5' does not contain exact text 'Doctor'.</msg>
<arg>${profile_name}</arg>
<arg>Doctor</arg>
<doc>Verifies that element ``locator`` does not contain exact the text ``not_expected``.</doc>
<status status="PASS" start="2024-05-28T16:13:19.736054" elapsed="0.039617"/>
</kw>
<status status="PASS" start="2024-05-28T16:13:19.592847" elapsed="0.182824"/>
</kw>
<kw name="Close the browser" owner="GenericResources" type="TEARDOWN">
<kw name="Close Browser" owner="SeleniumLibrary">
<doc>Closes the current browser.</doc>
<status status="PASS" start="2024-05-28T16:13:19.777202" elapsed="2.423966"/>
</kw>
<status status="PASS" start="2024-05-28T16:13:19.776612" elapsed="2.425302"/>
</kw>
<status status="PASS" start="2024-05-28T16:13:04.625316" elapsed="17.576598"/>
</test>
<test id="s1-s3-t3" name="Unsucessfull doctor login with blank username and password" line="22">
<kw name="Open the browser with url" owner="GenericResources" type="SETUP">
<kw name="Create Webdriver" owner="SeleniumLibrary">
<msg time="2024-05-28T16:13:22.205517" level="INFO">Creating an instance of the Chrome WebDriver.</msg>
<arg>Chrome</arg>
<doc>Creates an instance of Selenium WebDriver.</doc>
<status status="PASS" start="2024-05-28T16:13:22.204816" elapsed="5.090735"/>
</kw>
<kw name="Go To" owner="SeleniumLibrary">
<msg time="2024-05-28T16:13:27.295551" level="INFO">Opening url 'https://demo.smart-hospital.in/'</msg>
<arg>${url}</arg>
<doc>Navigates the current browser window to the provided ``url``.</doc>
<status status="PASS" start="2024-05-28T16:13:27.295551" elapsed="3.078390"/>
</kw>
<kw name="Maximize Browser Window" owner="SeleniumLibrary">
<doc>Maximizes current browser window.</doc>
<status status="PASS" start="2024-05-28T16:13:30.373941" elapsed="0.036796"/>
</kw>
<kw name="Set Selenium Implicit Wait" owner="SeleniumLibrary">
<arg>5</arg>
<doc>Sets the implicit wait value used by Selenium.</doc>
<status status="PASS" start="2024-05-28T16:13:30.410737" elapsed="0.002251"/>
</kw>
<status status="PASS" start="2024-05-28T16:13:22.203428" elapsed="8.209916"/>
</kw>
<kw name="Click the login in button" owner="GenericResources">
<kw name="Click Element" owner="SeleniumLibrary">
<msg time="2024-05-28T16:13:30.414635" level="INFO">Clicking element 'xpath://ul[@class="top-right"]//a'.</msg>
<arg>${login_button}</arg>
<doc>Click the element identified by ``locator``.</doc>
<status status="PASS" start="2024-05-28T16:13:30.413946" elapsed="1.910531"/>
</kw>
<status status="PASS" start="2024-05-28T16:13:30.413344" elapsed="1.911133"/>
</kw>
<kw name="Click the admin login button" owner="LoginResources">
<kw name="Click Link" owner="SeleniumLibrary">
<msg time="2024-05-28T16:13:32.326618" level="INFO">Clicking link 'xpath://i[@class="fa fa-user"]//parent::a'.</msg>
<arg>${admin_login_button}</arg>
<doc>Clicks a link identified by ``locator``.</doc>
<status status="PASS" start="2024-05-28T16:13:32.326007" elapsed="0.331586"/>
</kw>
<kw name="Switch Window" owner="SeleniumLibrary">
<arg>new</arg>
<doc>Switches to browser window matching ``locator``.</doc>
<status status="PASS" start="2024-05-28T16:13:32.657593" elapsed="0.020035"/>
</kw>
<status status="PASS" start="2024-05-28T16:13:32.325509" elapsed="0.352119"/>
</kw>
<kw name="Click the signin button" owner="LoginResources">
<kw name="Click Button" owner="SeleniumLibrary">
<msg time="2024-05-28T16:13:32.678773" level="INFO">Clicking button 'css:button[class='btn']'.</msg>
<arg>${signin_button}</arg>
<doc>Clicks the button identified by ``locator``.</doc>
<status status="PASS" start="2024-05-28T16:13:32.678773" elapsed="1.381619"/>
</kw>
<status status="PASS" start="2024-05-28T16:13:32.677628" elapsed="1.383682"/>
</kw>
<kw name="Verify the unsuccessfull login with blank credentials" owner="LoginResources">
<kw name="Element Text Should Be" owner="SeleniumLibrary">
<msg time="2024-05-28T16:13:34.062506" level="INFO">Verifying element 'css:input[name='username']+span&gt;p' contains exact text 'The Username field is required.'.</msg>
<arg>${required_username_message}</arg>
<arg>The Username field is required.</arg>
<doc>Verifies that element ``locator`` contains exact the text ``expected``.</doc>
<status status="PASS" start="2024-05-28T16:13:34.062300" elapsed="0.046835"/>
</kw>
<kw name="Element Text Should Be" owner="SeleniumLibrary">
<msg time="2024-05-28T16:13:34.110311" level="INFO">Verifying element 'css:input[name='password']+span&gt;p' contains exact text 'The Password field is required.'.</msg>
<arg>${required_password_message}</arg>
<arg>The Password field is required.</arg>
<doc>Verifies that element ``locator`` contains exact the text ``expected``.</doc>
<status status="PASS" start="2024-05-28T16:13:34.109812" elapsed="0.048448"/>
</kw>
<status status="PASS" start="2024-05-28T16:13:34.061310" elapsed="0.097515"/>
</kw>
<kw name="Close the browser" owner="GenericResources" type="TEARDOWN">
<kw name="Close Browser" owner="SeleniumLibrary">
<doc>Closes the current browser.</doc>
<status status="PASS" start="2024-05-28T16:13:34.159694" elapsed="2.358120"/>
</kw>
<status status="PASS" start="2024-05-28T16:13:34.159325" elapsed="2.358489"/>
</kw>
<status status="PASS" start="2024-05-28T16:13:22.202414" elapsed="14.315400"/>
</test>
<test id="s1-s3-t4" name="Unsucessfull doctor login with blank username" line="28">
<kw name="Open the browser with url" owner="GenericResources" type="SETUP">
<kw name="Create Webdriver" owner="SeleniumLibrary">
<msg time="2024-05-28T16:13:36.519846" level="INFO">Creating an instance of the Chrome WebDriver.</msg>
<arg>Chrome</arg>
<doc>Creates an instance of Selenium WebDriver.</doc>
<status status="PASS" start="2024-05-28T16:13:36.518845" elapsed="2.303473"/>
</kw>
<kw name="Go To" owner="SeleniumLibrary">
<msg time="2024-05-28T16:13:38.822818" level="INFO">Opening url 'https://demo.smart-hospital.in/'</msg>
<arg>${url}</arg>
<doc>Navigates the current browser window to the provided ``url``.</doc>
<status status="PASS" start="2024-05-28T16:13:38.822818" elapsed="0.586479"/>
</kw>
<kw name="Maximize Browser Window" owner="SeleniumLibrary">
<doc>Maximizes current browser window.</doc>
<status status="PASS" start="2024-05-28T16:13:39.409297" elapsed="2.053968"/>
</kw>
<kw name="Set Selenium Implicit Wait" owner="SeleniumLibrary">
<arg>5</arg>
<doc>Sets the implicit wait value used by Selenium.</doc>
<status status="PASS" start="2024-05-28T16:13:41.463766" elapsed="0.006350"/>
</kw>
<status status="PASS" start="2024-05-28T16:13:36.518845" elapsed="4.951271"/>
</kw>
<kw name="Click the login in button" owner="GenericResources">
<kw name="Click Element" owner="SeleniumLibrary">
<msg time="2024-05-28T16:13:41.471625" level="INFO">Clicking element 'xpath://ul[@class="top-right"]//a'.</msg>
<arg>${login_button}</arg>
<doc>Click the element identified by ``locator``.</doc>
<status status="PASS" start="2024-05-28T16:13:41.470617" elapsed="1.906608"/>
</kw>
<status status="PASS" start="2024-05-28T16:13:41.470617" elapsed="1.906608"/>
</kw>
<kw name="Fill the login form with login credentials for doctor" owner="LoginResources">
<kw name="Click Link" owner="SeleniumLibrary">
<msg time="2024-05-28T16:13:43.378298" level="INFO">Clicking link 'xpath://i[@class="fa fa-user"]//parent::a'.</msg>
<arg>${admin_login_button}</arg>
<doc>Clicks a link identified by ``locator``.</doc>
<status status="PASS" start="2024-05-28T16:13:43.378298" elapsed="0.317935"/>
</kw>
<kw name="Switch Window" owner="SeleniumLibrary">
<arg>new</arg>
<doc>Switches to browser window matching ``locator``.</doc>
<status status="PASS" start="2024-05-28T16:13:43.696233" elapsed="0.027318"/>
</kw>
<kw name="Input Text" owner="SeleniumLibrary">
<msg time="2024-05-28T16:13:43.724453" level="INFO">Typing text '' into text field 'css:input[name='username']'.</msg>
<arg>${username_field}</arg>
<arg>${username}</arg>
<doc>Types the given ``text`` into the text field identified by ``locator``.</doc>
<status status="PASS" start="2024-05-28T16:13:43.723621" elapsed="1.698372"/>
</kw>
<kw name="Input Password" owner="SeleniumLibrary">
<msg time="2024-05-28T16:13:45.423000" level="INFO">Typing password into text field 'css:input[name='password']'.</msg>
<msg time="2024-05-28T16:13:45.500940" level="INFO">Temporally setting log level to: NONE</msg>
<arg>${password_field}</arg>
<arg>${password}</arg>
<doc>Types the given password into the text field identified by ``locator``.</doc>
<status status="PASS" start="2024-05-28T16:13:45.421993" elapsed="0.222427"/>
</kw>
<kw name="Click Button" owner="SeleniumLibrary">
<msg time="2024-05-28T16:13:45.645434" level="INFO">Clicking button 'css:button[class='btn']'.</msg>
<arg>${signin_button}</arg>
<doc>Clicks the button identified by ``locator``.</doc>
<status status="PASS" start="2024-05-28T16:13:45.644420" elapsed="0.813756"/>
</kw>
<arg>username=</arg>
<arg>password="sdfghj"</arg>
<status status="PASS" start="2024-05-28T16:13:43.377225" elapsed="3.080951"/>
</kw>
<kw name="Verify the unsucessfull login with the blank username" owner="LoginResources">
<kw name="Element Text Should Be" owner="SeleniumLibrary">
<msg time="2024-05-28T16:13:46.460191" level="INFO">Verifying element 'css:input[name='username']+span&gt;p' contains exact text 'The Username field is required.'.</msg>
<arg>${required_username_message}</arg>
<arg>The Username field is required.</arg>
<doc>Verifies that element ``locator`` contains exact the text ``expected``.</doc>
<status status="PASS" start="2024-05-28T16:13:46.459187" elapsed="0.152360"/>
</kw>
<status status="PASS" start="2024-05-28T16:13:46.459187" elapsed="0.152360"/>
</kw>
<kw name="Close the browser" owner="GenericResources" type="TEARDOWN">
<kw name="Close Browser" owner="SeleniumLibrary">
<doc>Closes the current browser.</doc>
<status status="PASS" start="2024-05-28T16:13:46.612554" elapsed="5.165541"/>
</kw>
<status status="PASS" start="2024-05-28T16:13:46.612048" elapsed="5.166547"/>
</kw>
<status status="PASS" start="2024-05-28T16:13:36.517814" elapsed="15.260781"/>
</test>
<test id="s1-s3-t5" name="Unsucessfull doctor login with the blank password" line="33">
<kw name="Open the browser with url" owner="GenericResources" type="SETUP">
<kw name="Create Webdriver" owner="SeleniumLibrary">
<msg time="2024-05-28T16:13:51.781085" level="INFO">Creating an instance of the Chrome WebDriver.</msg>
<arg>Chrome</arg>
<doc>Creates an instance of Selenium WebDriver.</doc>
<status status="PASS" start="2024-05-28T16:13:51.780825" elapsed="5.310219"/>
</kw>
<kw name="Go To" owner="SeleniumLibrary">
<msg time="2024-05-28T16:13:57.091608" level="INFO">Opening url 'https://demo.smart-hospital.in/'</msg>
<arg>${url}</arg>
<doc>Navigates the current browser window to the provided ``url``.</doc>
<status status="PASS" start="2024-05-28T16:13:57.091044" elapsed="2.706001"/>
</kw>
<kw name="Maximize Browser Window" owner="SeleniumLibrary">
<doc>Maximizes current browser window.</doc>
<status status="PASS" start="2024-05-28T16:13:59.797544" elapsed="0.264145"/>
</kw>
<kw name="Set Selenium Implicit Wait" owner="SeleniumLibrary">
<arg>5</arg>
<doc>Sets the implicit wait value used by Selenium.</doc>
<status status="PASS" start="2024-05-28T16:14:00.061689" elapsed="0.004857"/>
</kw>
<status status="PASS" start="2024-05-28T16:13:51.779742" elapsed="8.287327"/>
</kw>
<kw name="Click the login in button" owner="GenericResources">
<kw name="Click Element" owner="SeleniumLibrary">
<msg time="2024-05-28T16:14:00.069093" level="INFO">Clicking element 'xpath://ul[@class="top-right"]//a'.</msg>
<arg>${login_button}</arg>
<doc>Click the element identified by ``locator``.</doc>
<status status="PASS" start="2024-05-28T16:14:00.068071" elapsed="2.415515"/>
</kw>
<status status="PASS" start="2024-05-28T16:14:00.067571" elapsed="2.416015"/>
</kw>
<kw name="Fill the login form with login credentials for doctor" owner="LoginResources">
<kw name="Click Link" owner="SeleniumLibrary">
<msg time="2024-05-28T16:14:02.485107" level="INFO">Clicking link 'xpath://i[@class="fa fa-user"]//parent::a'.</msg>
<arg>${admin_login_button}</arg>
<doc>Clicks a link identified by ``locator``.</doc>
<status status="PASS" start="2024-05-28T16:14:02.484090" elapsed="0.244936"/>
</kw>
<kw name="Switch Window" owner="SeleniumLibrary">
<arg>new</arg>
<doc>Switches to browser window matching ``locator``.</doc>
<status status="PASS" start="2024-05-28T16:14:02.729026" elapsed="0.014076"/>
</kw>
<kw name="Input Text" owner="SeleniumLibrary">
<msg time="2024-05-28T16:14:02.744124" level="INFO">Typing text '"sonia@gmail.com"' into text field 'css:input[name='username']'.</msg>
<arg>${username_field}</arg>
<arg>${username}</arg>
<doc>Types the given ``text`` into the text field identified by ``locator``.</doc>
<status status="PASS" start="2024-05-28T16:14:02.743102" elapsed="1.018907"/>
</kw>
<kw name="Input Password" owner="SeleniumLibrary">
<msg time="2024-05-28T16:14:03.762009" level="INFO">Typing password into text field 'css:input[name='password']'.</msg>
<msg time="2024-05-28T16:14:03.811637" level="INFO">Temporally setting log level to: NONE</msg>
<arg>${password_field}</arg>
<arg>${password}</arg>
<doc>Types the given password into the text field identified by ``locator``.</doc>
<status status="PASS" start="2024-05-28T16:14:03.762009" elapsed="0.102701"/>
</kw>
<kw name="Click Button" owner="SeleniumLibrary">
<msg time="2024-05-28T16:14:03.865718" level="INFO">Clicking button 'css:button[class='btn']'.</msg>
<arg>${signin_button}</arg>
<doc>Clicks the button identified by ``locator``.</doc>
<status status="PASS" start="2024-05-28T16:14:03.865718" elapsed="0.346184"/>
</kw>
<arg>username="sonia@gmail.com"</arg>
<arg>password=</arg>
<status status="PASS" start="2024-05-28T16:14:02.484090" elapsed="1.728310"/>
</kw>
<kw name="Verify the unsucessfull login with the blank password" owner="LoginResources">
<kw name="Element Text Should Be" owner="SeleniumLibrary">
<msg time="2024-05-28T16:14:04.214179" level="INFO">Verifying element 'css:input[name='password']+span&gt;p' contains exact text 'The Password field is required.'.</msg>
<arg>${required_password_message}</arg>
<arg>The Password field is required.</arg>
<doc>Verifies that element ``locator`` contains exact the text ``expected``.</doc>
<status status="PASS" start="2024-05-28T16:14:04.213226" elapsed="0.219760"/>
</kw>
<status status="PASS" start="2024-05-28T16:14:04.212726" elapsed="0.220260"/>
</kw>
<kw name="Close the browser" owner="GenericResources" type="TEARDOWN">
<kw name="Close Browser" owner="SeleniumLibrary">
<doc>Closes the current browser.</doc>
<status status="PASS" start="2024-05-28T16:14:04.434380" elapsed="2.242669"/>
</kw>
<status status="PASS" start="2024-05-28T16:14:04.433880" elapsed="2.243169"/>
</kw>
<status status="PASS" start="2024-05-28T16:13:51.779095" elapsed="14.899017"/>
</test>
<doc>Test case for the invalid doctor login</doc>
<status status="PASS" start="2024-05-28T16:12:33.830936" elapsed="92.847176"/>
</suite>
<suite id="s1-s4" name="Test Invalid Languagechange" source="C:\Users\91989\Desktop\New folder\Pilot_Project_Smart_hospital_Team3\TestCases\Test_Invalid_Languagechange.robot">
<test id="s1-s4-t1" name="Unsuccessfull system language change" line="13">
<kw name="Open the browser with url" owner="GenericResources" type="SETUP">
<kw name="Create Webdriver" owner="SeleniumLibrary">
<msg time="2024-05-28T16:12:34.025500" level="INFO">Creating an instance of the Chrome WebDriver.</msg>
<arg>Chrome</arg>
<doc>Creates an instance of Selenium WebDriver.</doc>
<status status="PASS" start="2024-05-28T16:12:34.025500" elapsed="8.253039"/>
</kw>
<kw name="Go To" owner="SeleniumLibrary">
<msg time="2024-05-28T16:12:42.279904" level="INFO">Opening url 'https://demo.smart-hospital.in/'</msg>
<arg>${url}</arg>
<doc>Navigates the current browser window to the provided ``url``.</doc>
<status status="PASS" start="2024-05-28T16:12:42.279548" elapsed="2.517481"/>
</kw>
<kw name="Maximize Browser Window" owner="SeleniumLibrary">
<doc>Maximizes current browser window.</doc>
<status status="PASS" start="2024-05-28T16:12:44.797029" elapsed="0.127337"/>
</kw>
<kw name="Set Selenium Implicit Wait" owner="SeleniumLibrary">
<arg>5</arg>
<doc>Sets the implicit wait value used by Selenium.</doc>
<status status="PASS" start="2024-05-28T16:12:44.925382" elapsed="0.003620"/>
</kw>
<status status="PASS" start="2024-05-28T16:12:34.025500" elapsed="10.904210"/>
</kw>
<kw name="Click the login in button" owner="GenericResources">
<kw name="Click Element" owner="SeleniumLibrary">
<msg time="2024-05-28T16:12:44.933271" level="INFO">Clicking element 'xpath://ul[@class="top-right"]//a'.</msg>
<arg>${login_button}</arg>
<doc>Click the element identified by ``locator``.</doc>
<status status="PASS" start="2024-05-28T16:12:44.930956" elapsed="2.256647"/>
</kw>
<status status="PASS" start="2024-05-28T16:12:44.930212" elapsed="2.257577"/>
</kw>
<kw name="Fill the successfull login form by clicking the doctor role" owner="LoginResources">
<kw name="Click Link" owner="SeleniumLibrary">
<msg time="2024-05-28T16:12:47.190741" level="INFO">Clicking link 'xpath://i[@class="fa fa-user"]//parent::a'.</msg>
<arg>${admin_login_button}</arg>
<doc>Clicks a link identified by ``locator``.</doc>
<status status="PASS" start="2024-05-28T16:12:47.189484" elapsed="3.659612"/>
</kw>
<kw name="Switch Window" owner="SeleniumLibrary">
<arg>new</arg>
<doc>Switches to browser window matching ``locator``.</doc>
<status status="PASS" start="2024-05-28T16:12:50.849597" elapsed="0.161577"/>
</kw>
<kw name="Click Link" owner="SeleniumLibrary">
<msg time="2024-05-28T16:12:51.012182" level="INFO">Clicking link 'xpath://a[text()='Doctor']'.</msg>
<arg>${valid_doctor_button}</arg>
<doc>Clicks a link identified by ``locator``.</doc>
<status status="PASS" start="2024-05-28T16:12:51.011174" elapsed="0.555990"/>
</kw>
<kw name="Click Button" owner="SeleniumLibrary">
<msg time="2024-05-28T16:12:51.568603" level="INFO">Clicking button 'css:button[class='btn']'.</msg>
<arg>${signin_button}</arg>
<doc>Clicks the button identified by ``locator``.</doc>
<status status="PASS" start="2024-05-28T16:12:51.567603" elapsed="8.014004"/>
</kw>
<status status="PASS" start="2024-05-28T16:12:47.188289" elapsed="12.393318"/>
</kw>
<kw name="Verify the successfull login with valid credentials for doctor" owner="LoginResources">
<kw name="Click Link" owner="SeleniumLibrary">
<msg time="2024-05-28T16:12:59.583597" level="INFO">Clicking link 'css:a[class="dropdown-toggle"]'.</msg>
<arg>${pofile_icon}</arg>
<doc>Clicks a link identified by ``locator``.</doc>
<status status="PASS" start="2024-05-28T16:12:59.582595" elapsed="0.113868"/>
</kw>
<kw name="Wait Until Element Is Enabled" owner="SeleniumLibrary">
<arg>${profile_name}</arg>
<doc>Waits until the element ``locator`` is enabled.</doc>
<status status="PASS" start="2024-05-28T16:12:59.696900" elapsed="0.128483"/>
</kw>
<kw name="Element Text Should Be" owner="SeleniumLibrary">
<msg time="2024-05-28T16:12:59.827009" level="INFO">Verifying element 'css:div[class="sstopuser-test"] h5' contains exact text 'Doctor'.</msg>
<arg>${profile_name}</arg>
<arg>Doctor</arg>
<doc>Verifies that element ``locator`` contains exact the text ``expected``.</doc>
<status status="PASS" start="2024-05-28T16:12:59.825880" elapsed="0.054505"/>
</kw>
<status status="PASS" start="2024-05-28T16:12:59.582059" elapsed="0.298943"/>
</kw>
<kw name="Change the invalid system language" owner="DoctorResources">
<kw name="Wait Until Element Is Enabled" owner="SeleniumLibrary">
<arg>${language_icon}</arg>
<doc>Waits until the element ``locator`` is enabled.</doc>
<status status="PASS" start="2024-05-28T16:12:59.883066" elapsed="0.063301"/>
</kw>
<kw name="Click Button" owner="SeleniumLibrary">
<msg time="2024-05-28T16:12:59.947399" level="INFO">Clicking button 'xpath://button[@class="btn dropdown-toggle selectpicker btn-default"]'.</msg>
<arg>${language_icon}</arg>
<doc>Clicks the button identified by ``locator``.</doc>
<status status="PASS" start="2024-05-28T16:12:59.946897" elapsed="0.200387"/>
</kw>
<kw name="Click Link" owner="SeleniumLibrary">
<msg time="2024-05-28T16:13:00.148113" level="INFO">Clicking link 'xpath://a[normalize-space()='Spanish']'.</msg>
<arg>${invalid_hindi_language}</arg>
<doc>Clicks a link identified by ``locator``.</doc>
<status status="PASS" start="2024-05-28T16:13:00.147784" elapsed="0.138755"/>
</kw>
<status status="PASS" start="2024-05-28T16:12:59.881511" elapsed="0.405028"/>
</kw>
<kw name="Verify the unsuccessfull sytem language change" owner="DoctorResources">
<kw name="Wait Until Element Is Enabled" owner="SeleniumLibrary">
<arg>${language_icon}</arg>
<doc>Waits until the element ``locator`` is enabled.</doc>
<status status="PASS" start="2024-05-28T16:13:00.287547" elapsed="0.037513"/>
</kw>
<kw name="Get Text" owner="SeleniumLibrary">
<msg time="2024-05-28T16:13:00.356480" level="INFO">${result} = Spanish
 </msg>
<var>${result}</var>
<arg>${language_icon}</arg>
<doc>Returns the text value of the element identified by ``locator``.</doc>
<status status="PASS" start="2024-05-28T16:13:00.325060" elapsed="0.031420"/>
</kw>
<kw name="Should Not Contain" owner="BuiltIn">
<arg>${result}</arg>
<arg>Hindi</arg>
<doc>Fails if ``container`` contains ``item`` one or more times.</doc>
<status status="PASS" start="2024-05-28T16:13:00.356480" elapsed="0.001280"/>
</kw>
<status status="PASS" start="2024-05-28T16:13:00.286539" elapsed="0.071221"/>
</kw>
<kw name="Close the browser" owner="GenericResources" type="TEARDOWN">
<kw name="Close Browser" owner="SeleniumLibrary">
<doc>Closes the current browser.</doc>
<status status="PASS" start="2024-05-28T16:13:00.359349" elapsed="4.268463"/>
</kw>
<status status="PASS" start="2024-05-28T16:13:00.358259" elapsed="4.270057"/>
</kw>
<status status="PASS" start="2024-05-28T16:12:34.025500" elapsed="30.602816"/>
</test>
<doc>Test case for the invalid system language change</doc>
<status status="PASS" start="2024-05-28T16:12:33.530708" elapsed="31.098591"/>
</suite>
<suite id="s1-s5" name="Test Invalid Viewbillsearch" source="C:\Users\91989\Desktop\New folder\Pilot_Project_Smart_hospital_Team3\TestCases\Test_Invalid_Viewbillsearch.robot">
<test id="s1-s5-t1" name="Unsuccessfull view for a bill details" line="11">
<kw name="Open the browser with url" owner="GenericResources" type="SETUP">
<kw name="Create Webdriver" owner="SeleniumLibrary">
<msg time="2024-05-28T16:13:10.991085" level="INFO">Creating an instance of the Chrome WebDriver.</msg>
<arg>Chrome</arg>
<doc>Creates an instance of Selenium WebDriver.</doc>
<status status="PASS" start="2024-05-28T16:13:10.990086" elapsed="3.947143"/>
</kw>
<kw name="Go To" owner="SeleniumLibrary">
<msg time="2024-05-28T16:13:14.937898" level="INFO">Opening url 'https://demo.smart-hospital.in/'</msg>
<arg>${url}</arg>
<doc>Navigates the current browser window to the provided ``url``.</doc>
<status status="PASS" start="2024-05-28T16:13:14.937397" elapsed="0.627155"/>
</kw>
<kw name="Maximize Browser Window" owner="SeleniumLibrary">
<doc>Maximizes current browser window.</doc>
<status status="PASS" start="2024-05-28T16:13:15.564552" elapsed="2.426769"/>
</kw>
<kw name="Set Selenium Implicit Wait" owner="SeleniumLibrary">
<arg>5</arg>
<doc>Sets the implicit wait value used by Selenium.</doc>
<status status="PASS" start="2024-05-28T16:13:17.992036" elapsed="0.002916"/>
</kw>
<status status="PASS" start="2024-05-28T16:13:10.989085" elapsed="7.005867"/>
</kw>
<kw name="Click the login in button" owner="GenericResources">
<kw name="Click Element" owner="SeleniumLibrary">
<msg time="2024-05-28T16:13:17.998522" level="INFO">Clicking element 'xpath://ul[@class="top-right"]//a'.</msg>
<arg>${login_button}</arg>
<doc>Click the element identified by ``locator``.</doc>
<status status="PASS" start="2024-05-28T16:13:17.996976" elapsed="3.348624"/>
</kw>
<status status="PASS" start="2024-05-28T16:13:17.995975" elapsed="3.349625"/>
</kw>
<kw name="Fill the login form by default credentials for user role" owner="LoginResources">
<kw name="Click Button" owner="SeleniumLibrary">
<msg time="2024-05-28T16:13:21.347768" level="INFO">Clicking button 'css:button[class='btn']'.</msg>
<arg>${signin_button}</arg>
<doc>Clicks the button identified by ``locator``.</doc>
<status status="PASS" start="2024-05-28T16:13:21.346769" elapsed="4.666549"/>
</kw>
<status status="PASS" start="2024-05-28T16:13:21.346769" elapsed="4.666549"/>
</kw>
<kw name="Verify the successfull login with valid credentials for user" owner="LoginResources">
<kw name="Click Link" owner="SeleniumLibrary">
<msg time="2024-05-28T16:13:26.014798" level="INFO">Clicking link 'css:a[class="dropdown-toggle"]'.</msg>
<arg>${pofile_icon}</arg>
<doc>Clicks a link identified by ``locator``.</doc>
<status status="PASS" start="2024-05-28T16:13:26.014798" elapsed="0.529000"/>
</kw>
<kw name="Wait Until Element Is Enabled" owner="SeleniumLibrary">
<arg>${profile_name}</arg>
<doc>Waits until the element ``locator`` is enabled.</doc>
<status status="PASS" start="2024-05-28T16:13:26.544299" elapsed="0.449767"/>
</kw>
<kw name="Element Text Should Be" owner="SeleniumLibrary">
<msg time="2024-05-28T16:13:26.994932" level="INFO">Verifying element 'css:div[class="sstopuser-test"] h5' contains exact text 'Patient'.</msg>
<arg>${profile_name}</arg>
<arg>Patient</arg>
<doc>Verifies that element ``locator`` contains exact the text ``expected``.</doc>
<status status="PASS" start="2024-05-28T16:13:26.994432" elapsed="0.045669"/>
</kw>
<status status="PASS" start="2024-05-28T16:13:26.013318" elapsed="1.026783"/>
</kw>
<kw name="Sucessfull search by bill number" owner="UserResources">
<kw name="Click Link" owner="SeleniumLibrary">
<msg time="2024-05-28T16:13:27.041111" level="INFO">Clicking link 'xpath://i[@class="fas fa-mortar-pestle"]//parent::a'.</msg>
<arg>${pharmacy_option}</arg>
<doc>Clicks a link identified by ``locator``.</doc>
<status status="PASS" start="2024-05-28T16:13:27.041111" elapsed="1.254911"/>
</kw>
<kw name="Wait Until Element Is Enabled" owner="SeleniumLibrary">
<arg>${pharmacy_bill_search_field}</arg>
<doc>Waits until the element ``locator`` is enabled.</doc>
<status status="PASS" start="2024-05-28T16:13:28.296022" elapsed="0.082290"/>
</kw>
<kw name="Input Text" owner="SeleniumLibrary">
<msg time="2024-05-28T16:13:28.379378" level="INFO">Typing text 'PHARMAB307' into text field 'css:input[type="search"]'.</msg>
<arg>${pharmacy_bill_search_field}</arg>
<arg>PHARMAB307</arg>
<doc>Types the given ``text`` into the text field identified by ``locator``.</doc>
<status status="PASS" start="2024-05-28T16:13:28.378811" elapsed="0.531241"/>
</kw>
<status status="PASS" start="2024-05-28T16:13:27.040101" elapsed="1.870242"/>
</kw>
<kw name="Verify the successfull search by bill number" owner="UserResources">
<kw name="Wait Until Element Is Visible" owner="SeleniumLibrary">
<arg>${pharmacy_bill_record_assert}</arg>
<doc>Waits until the element ``locator`` is visible.</doc>
<status status="PASS" start="2024-05-28T16:13:28.911536" elapsed="0.048315"/>
</kw>
<kw name="Should Not Contain" owner="BuiltIn">
<arg>${pharmacy_bill_record_assert}</arg>
<arg>Records: 0 to 0 of 0</arg>
<doc>Fails if ``container`` contains ``item`` one or more times.</doc>
<status status="PASS" start="2024-05-28T16:13:28.959851" elapsed="0.001437"/>
</kw>
<status status="PASS" start="2024-05-28T16:13:28.910843" elapsed="0.050508"/>
</kw>
<kw name="Successfull view of the bill details" owner="UserResources">
<kw name="Wait Until Element Is Enabled" owner="SeleniumLibrary">
<arg>${pharmacy_view_details}</arg>
<doc>Waits until the element ``locator`` is enabled.</doc>
<status status="PASS" start="2024-05-28T16:13:28.962490" elapsed="0.120629"/>
</kw>
<kw name="Click Link" owner="SeleniumLibrary">
<msg time="2024-05-28T16:13:29.084345" level="INFO">Clicking link 'xpath://a[@class="btn btn-default btn-xs"]'.</msg>
<arg>${pharmacy_view_details}</arg>
<doc>Clicks a link identified by ``locator``.</doc>
<status status="PASS" start="2024-05-28T16:13:29.083119" elapsed="0.197411"/>
</kw>
<status status="PASS" start="2024-05-28T16:13:28.961917" elapsed="0.318613"/>
</kw>
<kw name="verify the unsuccessfull view of the bill details" owner="UserResources">
<kw name="Wait Until Element Is Visible" owner="SeleniumLibrary">
<arg>${view_detail_assert}</arg>
<doc>Waits until the element ``locator`` is visible.</doc>
<status status="PASS" start="2024-05-28T16:13:29.280530" elapsed="0.351823"/>
</kw>
<kw name="Element Text Should Not Be" owner="SeleniumLibrary">
<msg time="2024-05-28T16:13:29.634379" level="INFO">Verifying element 'xpath://h5[text()='Bill No : PHARMAB307']' does not contain exact text 'Bill No : PHARMAB307'.</msg>
<msg time="2024-05-28T16:13:29.781438" level="INFO" html="true">&lt;/td&gt;&lt;/tr&gt;&lt;tr&gt;&lt;td colspan="3"&gt;&lt;a href="4-selenium-screenshot-1.png"&gt;&lt;img src="4-selenium-screenshot-1.png" width="800px"&gt;&lt;/a&gt;</msg>
<msg time="2024-05-28T16:13:29.781438" level="FAIL">The text of element 'xpath://h5[text()='Bill No : PHARMAB307']' was not supposed to be 'Bill No : PHARMAB307'.</msg>
<arg>${view_detail_assert}</arg>
<arg>Bill No : PHARMAB307</arg>
<doc>Verifies that element ``locator`` does not contain exact the text ``not_expected``.</doc>
<status status="FAIL" start="2024-05-28T16:13:29.633380" elapsed="0.154057">The text of element 'xpath://h5[text()='Bill No : PHARMAB307']' was not supposed to be 'Bill No : PHARMAB307'.</status>
</kw>
<status status="FAIL" start="2024-05-28T16:13:29.280530" elapsed="0.507551">The text of element 'xpath://h5[text()='Bill No : PHARMAB307']' was not supposed to be 'Bill No : PHARMAB307'.</status>
</kw>
<kw name="Close the browser" owner="GenericResources" type="TEARDOWN">
<kw name="Close Browser" owner="SeleniumLibrary">
<doc>Closes the current browser.</doc>
<status status="PASS" start="2024-05-28T16:13:29.789699" elapsed="2.552058"/>
</kw>
<status status="PASS" start="2024-05-28T16:13:29.789027" elapsed="2.552730"/>
</kw>
<status status="FAIL" start="2024-05-28T16:13:10.989085" elapsed="21.353198">The text of element 'xpath://h5[text()='Bill No : PHARMAB307']' was not supposed to be 'Bill No : PHARMAB307'.</status>
</test>
<doc>Test case for the valid view bill details</doc>
<status status="FAIL" start="2024-05-28T16:13:10.660522" elapsed="21.683209"/>
</suite>
<suite id="s1-s6" name="Test Invalid search birth record" source="C:\Users\91989\Desktop\New folder\Pilot_Project_Smart_hospital_Team3\TestCases\Test_Invalid_search_birth_record.robot">
<test id="s1-s6-t1" name="validate add birth record" line="12">
<kw name="Open the browser with url" owner="GenericResources" type="SETUP">
<kw name="Create Webdriver" owner="SeleniumLibrary">
<msg time="2024-05-28T16:13:11.024071" level="INFO">Creating an instance of the Chrome WebDriver.</msg>
<arg>Chrome</arg>
<doc>Creates an instance of Selenium WebDriver.</doc>
<status status="PASS" start="2024-05-28T16:13:11.022929" elapsed="4.547024"/>
</kw>
<kw name="Go To" owner="SeleniumLibrary">
<msg time="2024-05-28T16:13:15.571117" level="INFO">Opening url 'https://demo.smart-hospital.in/'</msg>
<arg>${url}</arg>
<doc>Navigates the current browser window to the provided ``url``.</doc>
<status status="PASS" start="2024-05-28T16:13:15.570499" elapsed="0.893338"/>
</kw>
<kw name="Maximize Browser Window" owner="SeleniumLibrary">
<doc>Maximizes current browser window.</doc>
<status status="PASS" start="2024-05-28T16:13:16.463837" elapsed="2.260706"/>
</kw>
<kw name="Set Selenium Implicit Wait" owner="SeleniumLibrary">
<arg>5</arg>
<doc>Sets the implicit wait value used by Selenium.</doc>
<status status="PASS" start="2024-05-28T16:13:18.725552" elapsed="0.002078"/>
</kw>
<status status="PASS" start="2024-05-28T16:13:11.020921" elapsed="7.706709"/>
</kw>
<kw name="click the log in button" owner="GenericResources">
<kw name="Click Element" owner="SeleniumLibrary">
<msg time="2024-05-28T16:13:18.732498" level="INFO">Clicking element 'xpath://ul[@class="top-right"]//a'.</msg>
<arg>${login_button}</arg>
<doc>Click the element identified by ``locator``.</doc>
<status status="PASS" start="2024-05-28T16:13:18.729095" elapsed="3.053134"/>
</kw>
<status status="PASS" start="2024-05-28T16:13:18.727630" elapsed="3.054599"/>
</kw>
<kw name="click the admin login" owner="LoginResources">
<kw name="Click Element" owner="SeleniumLibrary">
<msg time="2024-05-28T16:13:21.784763" level="INFO">Clicking element 'xpath:(//a[@class='forgot pull-right'])[1]'.</msg>
<arg>${admin_login}</arg>
<doc>Click the element identified by ``locator``.</doc>
<status status="PASS" start="2024-05-28T16:13:21.783995" elapsed="0.429027"/>
</kw>
<status status="PASS" start="2024-05-28T16:13:21.782229" elapsed="0.430793"/>
</kw>
<kw name="Switch Window" owner="SeleniumLibrary">
<arg>new</arg>
<doc>Switches to browser window matching ``locator``.</doc>
<status status="PASS" start="2024-05-28T16:13:22.213022" elapsed="0.029256"/>
</kw>
<kw name="click the doctor button" owner="LoginResources">
<kw name="Click Element" owner="SeleniumLibrary">
<msg time="2024-05-28T16:13:22.243717" level="INFO">Clicking element 'xpath:(//a[@class='btn btn-primary width100'])[2]'.</msg>
<arg>${doctor_button}</arg>
<doc>Click the element identified by ``locator``.</doc>
<status status="PASS" start="2024-05-28T16:13:22.243222" elapsed="1.322569"/>
</kw>
<status status="PASS" start="2024-05-28T16:13:22.242278" elapsed="1.323997"/>
</kw>
<kw name="Click the signin button" owner="LoginResources">
<kw name="Click Button" owner="SeleniumLibrary">
<msg time="2024-05-28T16:13:23.570032" level="INFO">Clicking button 'css:button[class='btn']'.</msg>
<arg>${signin_button}</arg>
<doc>Clicks the button identified by ``locator``.</doc>
<status status="PASS" start="2024-05-28T16:13:23.567290" elapsed="4.944891"/>
</kw>
<status status="PASS" start="2024-05-28T16:13:23.566275" elapsed="4.945906"/>
</kw>
<kw name="click birth record and death record" owner="DoctorResources">
<kw name="Click Element" owner="SeleniumLibrary">
<msg time="2024-05-28T16:13:28.514613" level="INFO">Clicking element 'xpath://a/i[@class='fa fa-birthday-cake']'.</msg>
<arg>${birth_record_death_record}</arg>
<doc>Click the element identified by ``locator``.</doc>
<status status="PASS" start="2024-05-28T16:13:28.513850" elapsed="0.318664"/>
</kw>
<status status="PASS" start="2024-05-28T16:13:28.512181" elapsed="0.320832"/>
</kw>
<kw name="click birth record" owner="DoctorResources">
<kw name="Click Element" owner="SeleniumLibrary">
<msg time="2024-05-28T16:13:28.835252" level="INFO">Clicking element 'xpath://a[text()= ' Birth Record ']'.</msg>
<msg time="2024-05-28T16:13:33.958901" level="INFO" html="true">&lt;/td&gt;&lt;/tr&gt;&lt;tr&gt;&lt;td colspan="3"&gt;&lt;a href="5-selenium-screenshot-1.png"&gt;&lt;img src="5-selenium-screenshot-1.png" width="800px"&gt;&lt;/a&gt;</msg>
<msg time="2024-05-28T16:13:33.958901" level="FAIL">Element with locator 'xpath://a[text()= ' Birth Record ']' not found.</msg>
<arg>${birth_record}</arg>
<doc>Click the element identified by ``locator``.</doc>
<status status="FAIL" start="2024-05-28T16:13:28.834325" elapsed="5.136507">Element with locator 'xpath://a[text()= ' Birth Record ']' not found.</status>
</kw>
<status status="FAIL" start="2024-05-28T16:13:28.833723" elapsed="5.137924">Element with locator 'xpath://a[text()= ' Birth Record ']' not found.</status>
</kw>
<kw name="Invalid search in birth record" owner="DoctorResources">
<status status="NOT RUN" start="2024-05-28T16:13:33.971770" elapsed="0.000501"/>
</kw>
<kw name="assert the invalid birth and death record" owner="DoctorResources">
<status status="NOT RUN" start="2024-05-28T16:13:33.972271" elapsed="0.000500"/>
</kw>
<kw name="Close the browser" owner="GenericResources" type="TEARDOWN">
<kw name="Close Browser" owner="SeleniumLibrary">
<doc>Closes the current browser.</doc>
<status status="PASS" start="2024-05-28T16:13:33.973794" elapsed="4.052198"/>
</kw>
<status status="PASS" start="2024-05-28T16:13:33.973271" elapsed="4.052721"/>
</kw>
<status status="FAIL" start="2024-05-28T16:13:11.020422" elapsed="27.005570">Element with locator 'xpath://a[text()= ' Birth Record ']' not found.</status>
</test>
<doc>To validate the Login form</doc>
<status status="FAIL" start="2024-05-28T16:13:10.658846" elapsed="27.369894"/>
</suite>
<suite id="s1-s7" name="Test Invalid search death record" source="C:\Users\91989\Desktop\New folder\Pilot_Project_Smart_hospital_Team3\TestCases\Test_Invalid_search_death_record.robot">
<test id="s1-s7-t1" name="validate add birth record" line="12">
<kw name="Open the browser with url" owner="GenericResources" type="SETUP">
<kw name="Create Webdriver" owner="SeleniumLibrary">
<msg time="2024-05-28T16:13:14.523460" level="INFO">Creating an instance of the Chrome WebDriver.</msg>
<arg>Chrome</arg>
<doc>Creates an instance of Selenium WebDriver.</doc>
<status status="PASS" start="2024-05-28T16:13:14.522960" elapsed="4.407275"/>
</kw>
<kw name="Go To" owner="SeleniumLibrary">
<msg time="2024-05-28T16:13:18.930734" level="INFO">Opening url 'https://demo.smart-hospital.in/'</msg>
<arg>${url}</arg>
<doc>Navigates the current browser window to the provided ``url``.</doc>
<status status="PASS" start="2024-05-28T16:13:18.930734" elapsed="0.633269"/>
</kw>
<kw name="Maximize Browser Window" owner="SeleniumLibrary">
<doc>Maximizes current browser window.</doc>
<status status="PASS" start="2024-05-28T16:13:19.564527" elapsed="2.776551"/>
</kw>
<kw name="Set Selenium Implicit Wait" owner="SeleniumLibrary">
<arg>5</arg>
<doc>Sets the implicit wait value used by Selenium.</doc>
<status status="PASS" start="2024-05-28T16:13:22.341466" elapsed="0.002025"/>
</kw>
<status status="PASS" start="2024-05-28T16:13:14.520116" elapsed="7.823375"/>
</kw>
<kw name="click the log in button" owner="GenericResources">
<kw name="Click Element" owner="SeleniumLibrary">
<msg time="2024-05-28T16:13:22.346453" level="INFO">Clicking element 'xpath://ul[@class="top-right"]//a'.</msg>
<arg>${login_button}</arg>
<doc>Click the element identified by ``locator``.</doc>
<status status="PASS" start="2024-05-28T16:13:22.344665" elapsed="2.597880"/>
</kw>
<status status="PASS" start="2024-05-28T16:13:22.344166" elapsed="2.598379"/>
</kw>
<kw name="click the admin login" owner="LoginResources">
<kw name="Click Element" owner="SeleniumLibrary">
<msg time="2024-05-28T16:13:24.944700" level="INFO">Clicking element 'xpath:(//a[@class='forgot pull-right'])[1]'.</msg>
<arg>${admin_login}</arg>
<doc>Click the element identified by ``locator``.</doc>
<status status="PASS" start="2024-05-28T16:13:24.943946" elapsed="0.300435"/>
</kw>
<status status="PASS" start="2024-05-28T16:13:24.942545" elapsed="0.302428"/>
</kw>
<kw name="Switch Window" owner="SeleniumLibrary">
<arg>new</arg>
<doc>Switches to browser window matching ``locator``.</doc>
<status status="PASS" start="2024-05-28T16:13:25.244973" elapsed="0.022152"/>
</kw>
<kw name="click the doctor button" owner="LoginResources">
<kw name="Click Element" owner="SeleniumLibrary">
<msg time="2024-05-28T16:13:25.269043" level="INFO">Clicking element 'xpath:(//a[@class='btn btn-primary width100'])[2]'.</msg>
<arg>${doctor_button}</arg>
<doc>Click the element identified by ``locator``.</doc>
<status status="PASS" start="2024-05-28T16:13:25.268192" elapsed="1.346161"/>
</kw>
<status status="PASS" start="2024-05-28T16:13:25.267391" elapsed="1.347464"/>
</kw>
<kw name="Click the signin button" owner="LoginResources">
<kw name="Click Button" owner="SeleniumLibrary">
<msg time="2024-05-28T16:13:26.616820" level="INFO">Clicking button 'css:button[class='btn']'.</msg>
<arg>${signin_button}</arg>
<doc>Clicks the button identified by ``locator``.</doc>
<status status="PASS" start="2024-05-28T16:13:26.615802" elapsed="4.891773"/>
</kw>
<status status="PASS" start="2024-05-28T16:13:26.615299" elapsed="4.892276"/>
</kw>
<kw name="click birth record and death record" owner="DoctorResources">
<kw name="Click Element" owner="SeleniumLibrary">
<msg time="2024-05-28T16:13:31.508592" level="INFO">Clicking element 'xpath://a/i[@class='fa fa-birthday-cake']'.</msg>
<arg>${birth_record_death_record}</arg>
<doc>Click the element identified by ``locator``.</doc>
<status status="PASS" start="2024-05-28T16:13:31.508592" elapsed="0.146976"/>
</kw>
<status status="PASS" start="2024-05-28T16:13:31.507575" elapsed="0.147993"/>
</kw>
<kw name="click death record" owner="DoctorResources">
<kw name="Click Element" owner="SeleniumLibrary">
<msg time="2024-05-28T16:13:31.657160" level="INFO">Clicking element 'xpath://a[text()= ' Death Record']'.</msg>
<msg time="2024-05-28T16:13:36.744183" level="INFO" html="true">&lt;/td&gt;&lt;/tr&gt;&lt;tr&gt;&lt;td colspan="3"&gt;&lt;a href="6-selenium-screenshot-1.png"&gt;&lt;img src="6-selenium-screenshot-1.png" width="800px"&gt;&lt;/a&gt;</msg>
<msg time="2024-05-28T16:13:36.744688" level="FAIL">Element with locator 'xpath://a[text()= ' Death Record']' not found.</msg>
<arg>${death_record}</arg>
<doc>Click the element identified by ``locator``.</doc>
<status status="FAIL" start="2024-05-28T16:13:31.656658" elapsed="5.090532">Element with locator 'xpath://a[text()= ' Death Record']' not found.</status>
</kw>
<status status="FAIL" start="2024-05-28T16:13:31.655568" elapsed="5.091622">Element with locator 'xpath://a[text()= ' Death Record']' not found.</status>
</kw>
<kw name="Invalid value in death record" owner="DoctorResources">
<status status="NOT RUN" start="2024-05-28T16:13:36.747190" elapsed="0.001002"/>
</kw>
<kw name="assert the invalid birth and death record" owner="DoctorResources">
<status status="NOT RUN" start="2024-05-28T16:13:36.748450" elapsed="0.000241"/>
</kw>
<kw name="Close the browser" owner="GenericResources" type="TEARDOWN">
<kw name="Close Browser" owner="SeleniumLibrary">
<doc>Closes the current browser.</doc>
<status status="PASS" start="2024-05-28T16:13:36.749915" elapsed="2.605730"/>
</kw>
<status status="PASS" start="2024-05-28T16:13:36.749414" elapsed="2.606731"/>
</kw>
<status status="FAIL" start="2024-05-28T16:13:14.515912" elapsed="24.840233">Element with locator 'xpath://a[text()= ' Death Record']' not found.</status>
</test>
<doc>To validate the Login form</doc>
<status status="FAIL" start="2024-05-28T16:13:14.058597" elapsed="25.298558"/>
</suite>
<suite id="s1-s8" name="Test Invalid user appointment" source="C:\Users\91989\Desktop\New folder\Pilot_Project_Smart_hospital_Team3\TestCases\Test_Invalid_user_appointment.robot">
<test id="s1-s8-t1" name="Invaliduser appointment" line="18">
<kw name="Open the browser with url" owner="GenericResources" type="SETUP">
<kw name="Create Webdriver" owner="SeleniumLibrary">
<msg time="2024-05-28T16:13:39.515141" level="INFO">Creating an instance of the Chrome WebDriver.</msg>
<arg>Chrome</arg>
<doc>Creates an instance of Selenium WebDriver.</doc>
<status status="PASS" start="2024-05-28T16:13:39.515141" elapsed="2.330771"/>
</kw>
<kw name="Go To" owner="SeleniumLibrary">
<msg time="2024-05-28T16:13:41.845912" level="INFO">Opening url 'https://demo.smart-hospital.in/'</msg>
<arg>${url}</arg>
<doc>Navigates the current browser window to the provided ``url``.</doc>
<status status="PASS" start="2024-05-28T16:13:41.845912" elapsed="2.615862"/>
</kw>
<kw name="Maximize Browser Window" owner="SeleniumLibrary">
<doc>Maximizes current browser window.</doc>
<status status="PASS" start="2024-05-28T16:13:44.461774" elapsed="0.078754"/>
</kw>
<kw name="Set Selenium Implicit Wait" owner="SeleniumLibrary">
<arg>5</arg>
<doc>Sets the implicit wait value used by Selenium.</doc>
<status status="PASS" start="2024-05-28T16:13:44.540528" elapsed="0.002084"/>
</kw>
<status status="PASS" start="2024-05-28T16:13:39.514140" elapsed="5.028472"/>
</kw>
<kw name="validate Invalid user apointment">
<kw name="click the log in button" owner="GenericResources">
<kw name="Click Element" owner="SeleniumLibrary">
<msg time="2024-05-28T16:13:44.544482" level="INFO">Clicking element 'xpath://ul[@class="top-right"]//a'.</msg>
<arg>${login_button}</arg>
<doc>Click the element identified by ``locator``.</doc>
<status status="PASS" start="2024-05-28T16:13:44.544482" elapsed="1.986607"/>
</kw>
<status status="PASS" start="2024-05-28T16:13:44.543470" elapsed="1.988121"/>
</kw>
<kw name="Click the signin button" owner="LoginResources">
<kw name="Click Button" owner="SeleniumLibrary">
<msg time="2024-05-28T16:13:46.533593" level="INFO">Clicking button 'css:button[class='btn']'.</msg>
<arg>${signin_button}</arg>
<doc>Clicks the button identified by ``locator``.</doc>
<status status="PASS" start="2024-05-28T16:13:46.532859" elapsed="4.439862"/>
</kw>
<status status="PASS" start="2024-05-28T16:13:46.531591" elapsed="4.441130"/>
</kw>
<kw name="click the my appointment button" owner="UserResources">
<kw name="Wait Until Element Is Visible" owner="SeleniumLibrary">
<arg>${My_appointment_button}</arg>
<doc>Waits until the element ``locator`` is visible.</doc>
<status status="PASS" start="2024-05-28T16:13:50.973732" elapsed="0.023607"/>
</kw>
<kw name="Click Element" owner="SeleniumLibrary">
<msg time="2024-05-28T16:13:50.998784" level="INFO">Clicking element 'css:i[class='fas fa-hospital-alt']'.</msg>
<arg>${My_appointment_button}</arg>
<doc>Click the element identified by ``locator``.</doc>
<status status="PASS" start="2024-05-28T16:13:50.997339" elapsed="1.100429"/>
</kw>
<status status="PASS" start="2024-05-28T16:13:50.973732" elapsed="1.124036"/>
</kw>
<kw name="Fill the user apointment form" owner="UserResources">
<kw name="Click Element" owner="SeleniumLibrary">
<msg time="2024-05-28T16:13:52.100393" level="INFO">Clicking element 'css:a[class='btn btn-primary btn-sm']'.</msg>
<arg>${Add_appointment}</arg>
<doc>Click the element identified by ``locator``.</doc>
<status status="PASS" start="2024-05-28T16:13:52.099779" elapsed="0.244544"/>
</kw>
<kw name="Input Text" owner="SeleniumLibrary">
<msg time="2024-05-28T16:13:52.345331" level="INFO">Typing text '2024-02-05 00:00:00' into text field 'id:dates'.</msg>
<arg>${Date}</arg>
<arg>${Date_data}</arg>
<doc>Types the given ``text`` into the text field identified by ``locator``.</doc>
<status status="PASS" start="2024-05-28T16:13:52.344825" elapsed="0.574832"/>
</kw>
<kw name="Select From List By Value" owner="SeleniumLibrary">
<msg time="2024-05-28T16:13:52.920725" level="INFO">Selecting options from selection list 'id:specialist' by value 2.</msg>
<arg>${Speacialist}</arg>
<arg>2</arg>
<doc>Selects options from selection list ``locator`` by ``values``.</doc>
<status status="PASS" start="2024-05-28T16:13:52.919657" elapsed="0.243468"/>
</kw>
<kw name="Select From List By Value" owner="SeleniumLibrary">
<msg time="2024-05-28T16:13:53.164551" level="INFO">Selecting options from selection list 'id:doctor' by value 12.</msg>
<arg>${Doctor}</arg>
<arg>12</arg>
<doc>Selects options from selection list ``locator`` by ``values``.</doc>
<status status="PASS" start="2024-05-28T16:13:53.163779" elapsed="0.290846"/>
</kw>
<kw name="Select From List By Value" owner="SeleniumLibrary">
<msg time="2024-05-28T16:13:53.455634" level="INFO">Selecting options from selection list 'xpath:(//select[@class='form-control select2'])[1]' by value 1.</msg>
<arg>${Shift_feild}</arg>
<arg>1</arg>
<doc>Selects options from selection list ``locator`` by ``values``.</doc>
<status status="PASS" start="2024-05-28T16:13:53.454625" elapsed="0.275321"/>
</kw>
<kw name="Select From List By Value" owner="SeleniumLibrary">
<msg time="2024-05-28T16:13:53.730945" level="INFO">Selecting options from selection list 'id:shift_id' by value 39.</msg>
<arg>${Slot_feild}</arg>
<arg>39</arg>
<doc>Selects options from selection list ``locator`` by ``values``.</doc>
<status status="PASS" start="2024-05-28T16:13:53.730446" elapsed="0.271482"/>
</kw>
<arg>${Date_data}</arg>
<status status="PASS" start="2024-05-28T16:13:52.097768" elapsed="1.904160"/>
</kw>
<kw name="alert accpet" owner="UserResources">
<kw name="Handle Alert" owner="SeleniumLibrary">
<msg time="2024-05-28T16:13:54.002936" level="INFO">HANDLE::&lt;class 'NoneType'&gt;::None</msg>
<arg>ACCEPT</arg>
<doc>Handles the current alert and returns its message.</doc>
<status status="PASS" start="2024-05-28T16:13:54.002936" elapsed="0.550287"/>
</kw>
<status status="PASS" start="2024-05-28T16:13:54.001928" elapsed="0.552295"/>
</kw>
<kw name="Fill the user apointment remaining form" owner="UserResources">
<kw name="Select From List By Index" owner="SeleniumLibrary">
<msg time="2024-05-28T16:13:54.555222" level="INFO">Selecting options from selection list 'name:priority' by index 2.</msg>
<arg>${appointment_prioirity_feild}</arg>
<arg>2</arg>
<doc>Selects options from selection list ``locator`` by ``indexes``.</doc>
<status status="PASS" start="2024-05-28T16:13:54.555222" elapsed="0.498848"/>
</kw>
<kw name="Input Text" owner="SeleniumLibrary">
<msg time="2024-05-28T16:13:55.055071" level="INFO">Typing text 'suffering from stomach pain' into text field 'name:message'.</msg>
<arg>${message_feild}</arg>
<arg>${Message_data}</arg>
<doc>Types the given ``text`` into the text field identified by ``locator``.</doc>
<status status="PASS" start="2024-05-28T16:13:55.054070" elapsed="0.521866"/>
</kw>
<kw name="Select From List By Label" owner="SeleniumLibrary">
<msg time="2024-05-28T16:13:55.577184" level="INFO">Selecting options from selection list 'id:live_consult' by label Yes.</msg>
<arg>${live_consulting}</arg>
<arg>Yes</arg>
<doc>Selects options from selection list ``locator`` by ``labels``.</doc>
<status status="PASS" start="2024-05-28T16:13:55.576437" elapsed="0.465686"/>
</kw>
<kw name="Input Text" owner="SeleniumLibrary">
<msg time="2024-05-28T16:13:56.043622" level="INFO">Typing text 'jayanagar' into text field 'css:textarea[id='custom_fields[appointment][4]']'.</msg>
<arg>${alternate_adress}</arg>
<arg>${adress}</arg>
<doc>Types the given ``text`` into the text field identified by ``locator``.</doc>
<status status="PASS" start="2024-05-28T16:13:56.042623" elapsed="0.371757"/>
</kw>
<arg>${Message_data}</arg>
<arg>${adress}</arg>
<status status="PASS" start="2024-05-28T16:13:54.554223" elapsed="1.861036"/>
</kw>
<kw name="choose valid slot" owner="UserResources">
<kw name="Click Element" owner="SeleniumLibrary">
<msg time="2024-05-28T16:13:56.417680" level="INFO">Clicking element 'id:slot_0'.</msg>
<arg>${Available_slots}</arg>
<doc>Click the element identified by ``locator``.</doc>
<status status="PASS" start="2024-05-28T16:13:56.416780" elapsed="0.127878"/>
</kw>
<status status="PASS" start="2024-05-28T16:13:56.415763" elapsed="0.128895"/>
</kw>
<kw name="save button" owner="UserResources">
<kw name="Click Button" owner="SeleniumLibrary">
<msg time="2024-05-28T16:13:56.546370" level="INFO">Clicking button 'css:button[class='btn btn-info pull-right']'.</msg>
<arg>${save_btn}</arg>
<doc>Clicks the button identified by ``locator``.</doc>
<status status="PASS" start="2024-05-28T16:13:56.546370" elapsed="0.142794"/>
</kw>
<status status="PASS" start="2024-05-28T16:13:56.545700" elapsed="0.143464"/>
</kw>
<arg>Date_data=2024-02-05 00:00:00</arg>
<arg>Message_data=suffering from stomach pain</arg>
<arg>adress=jayanagar</arg>
<status status="PASS" start="2024-05-28T16:13:44.542970" elapsed="12.146194"/>
</kw>
<kw name="Close the browser" owner="GenericResources" type="TEARDOWN">
<kw name="Close Browser" owner="SeleniumLibrary">
<doc>Closes the current browser.</doc>
<status status="PASS" start="2024-05-28T16:13:56.690170" elapsed="32.970467"/>
</kw>
<status status="PASS" start="2024-05-28T16:13:56.689164" elapsed="32.971473"/>
</kw>
<status status="PASS" start="2024-05-28T16:13:39.512140" elapsed="50.148497"/>
</test>
<doc>To validate the user apointment</doc>
<status status="PASS" start="2024-05-28T16:13:37.550322" elapsed="52.111316"/>
</suite>
<suite id="s1-s9" name="Test Valid Addnewpatient" source="C:\Users\91989\Desktop\New folder\Pilot_Project_Smart_hospital_Team3\TestCases\Test_Valid_Addnewpatient.robot">
<test id="s1-s9-t1" name="addition of new patient" line="16">
<kw name="Open the browser with url" owner="GenericResources" type="SETUP">
[...]
  (Session info: chrome=125.0.6422.78)
Stacktrace:
	GetHandleVerifier [0x00007FF733061F22+60322]
	(No symbol) [0x00007FF732FDCE99]
	(No symbol) [0x00007FF732E97EBA]
	(No symbol) [0x00007FF732EEF32E]
	(No symbol) [0x00007FF732EECCF2]
	(No symbol) [0x00007FF732EEA18B]
	(No symbol) [0x00007FF732EE9356]
	(No symbol) [0x00007FF732EDB491]
	(No symbol) [0x00007FF732F0C21A]
	(No symbol) [0x00007FF732EDADB6]
	(No symbol) [0x00007FF732F0C430]
	(No symbol) [0x00007FF732F2BC80]
	(No symbol) [0x00007FF732F0BFC3]
	(No symbol) [0x00007FF732ED9617]
	(No symbol) [0x00007FF732EDA211]
	GetHandleVerifier [0x00007FF73337946D+3301613]
	GetHandleVerifier [0x00007FF7333C3693+3605267]
	GetHandleVerifier [0x00007FF7333B9410+3563664]
	GetHandleVerifier [0x00007FF7331142F6+790390]
	(No symbol) [0x00007FF732FE74DF]
	(No symbol) [0x00007FF732FE33D4]
	(No symbol) [0x00007FF732FE3562]
	(No symbol) [0x00007FF732FD2F6F]
	BaseThreadInitThunk [0x00007FF95B897344+20]
	RtlUserThreadStart [0x00007FF95CB026B1+33]
</status>
</test>
<doc>Test to verify the message functionality</doc>
<status status="FAIL" start="2024-05-28T16:18:54.347845" elapsed="32.460671"/>
</suite>
<suite id="s1-s41" name="Valid Search Birth Record" source="C:\Users\91989\Desktop\New folder\Pilot_Project_Smart_hospital_Team3\TestCases\valid_search_birth_record.robot">
<test id="s1-s41-t1" name="validate add birth record" line="12">
<kw name="Open the browser with url" owner="GenericResources" type="SETUP">
<kw name="Create Webdriver" owner="SeleniumLibrary">
<msg time="2024-05-28T16:18:55.527476" level="INFO">Creating an instance of the Chrome WebDriver.</msg>
<arg>Chrome</arg>
<doc>Creates an instance of Selenium WebDriver.</doc>
<status status="PASS" start="2024-05-28T16:18:55.527476" elapsed="8.665137"/>
</kw>
<kw name="Go To" owner="SeleniumLibrary">
<msg time="2024-05-28T16:19:04.193710" level="INFO">Opening url 'https://demo.smart-hospital.in/'</msg>
<arg>${url}</arg>
<doc>Navigates the current browser window to the provided ``url``.</doc>
<status status="PASS" start="2024-05-28T16:19:04.193136" elapsed="2.871648"/>
</kw>
<kw name="Maximize Browser Window" owner="SeleniumLibrary">
<doc>Maximizes current browser window.</doc>
<status status="PASS" start="2024-05-28T16:19:07.064784" elapsed="0.026929"/>
</kw>
<kw name="Set Selenium Implicit Wait" owner="SeleniumLibrary">
<arg>5</arg>
<doc>Sets the implicit wait value used by Selenium.</doc>
<status status="PASS" start="2024-05-28T16:19:07.092171" elapsed="0.002662"/>
</kw>
<status status="PASS" start="2024-05-28T16:18:55.525466" elapsed="11.569895"/>
</kw>
<kw name="click the log in button" owner="GenericResources">
<kw name="Click Element" owner="SeleniumLibrary">
<msg time="2024-05-28T16:19:07.097537" level="INFO">Clicking element 'xpath://ul[@class="top-right"]//a'.</msg>
<arg>${login_button}</arg>
<doc>Click the element identified by ``locator``.</doc>
<status status="PASS" start="2024-05-28T16:19:07.095361" elapsed="2.211568"/>
</kw>
<status status="PASS" start="2024-05-28T16:19:07.095361" elapsed="2.211568"/>
</kw>
<kw name="click the admin login" owner="LoginResources">
<kw name="Click Element" owner="SeleniumLibrary">
<msg time="2024-05-28T16:19:09.310166" level="INFO">Clicking element 'xpath:(//a[@class='forgot pull-right'])[1]'.</msg>
<arg>${admin_login}</arg>
<doc>Click the element identified by ``locator``.</doc>
<status status="PASS" start="2024-05-28T16:19:09.309474" elapsed="0.353496"/>
</kw>
<status status="PASS" start="2024-05-28T16:19:09.308381" elapsed="0.354589"/>
</kw>
<kw name="Switch Window" owner="SeleniumLibrary">
<arg>new</arg>
<doc>Switches to browser window matching ``locator``.</doc>
<status status="PASS" start="2024-05-28T16:19:09.664003" elapsed="0.020697"/>
</kw>
<kw name="click the doctor button" owner="LoginResources">
<kw name="Click Element" owner="SeleniumLibrary">
<msg time="2024-05-28T16:19:09.686378" level="INFO">Clicking element 'xpath:(//a[@class='btn btn-primary width100'])[2]'.</msg>
<arg>${doctor_button}</arg>
<doc>Click the element identified by ``locator``.</doc>
<status status="PASS" start="2024-05-28T16:19:09.685878" elapsed="1.033290"/>
</kw>
<status status="PASS" start="2024-05-28T16:19:09.684700" elapsed="1.034968"/>
</kw>
<kw name="Click the signin button" owner="LoginResources">
<kw name="Click Button" owner="SeleniumLibrary">
<msg time="2024-05-28T16:19:10.721681" level="INFO">Clicking button 'css:button[class='btn']'.</msg>
<arg>${signin_button}</arg>
<doc>Clicks the button identified by ``locator``.</doc>
<status status="PASS" start="2024-05-28T16:19:10.721196" elapsed="4.568355"/>
</kw>
<status status="PASS" start="2024-05-28T16:19:10.719668" elapsed="4.569883"/>
</kw>
<kw name="click birth record and death record" owner="DoctorResources">
<kw name="Click Element" owner="SeleniumLibrary">
<msg time="2024-05-28T16:19:15.291590" level="INFO">Clicking element 'xpath://a/i[@class='fa fa-birthday-cake']'.</msg>
<arg>${birth_record_death_record}</arg>
<doc>Click the element identified by ``locator``.</doc>
<status status="PASS" start="2024-05-28T16:19:15.290607" elapsed="0.437645"/>
</kw>
<status status="PASS" start="2024-05-28T16:19:15.290089" elapsed="0.438163"/>
</kw>
<kw name="click birth record" owner="DoctorResources">
<kw name="Click Element" owner="SeleniumLibrary">
<msg time="2024-05-28T16:19:15.730425" level="INFO">Clicking element 'xpath://a[text()= ' Birth Record ']'.</msg>
<msg time="2024-05-28T16:19:20.844554" level="INFO" html="true">&lt;/td&gt;&lt;/tr&gt;&lt;tr&gt;&lt;td colspan="3"&gt;&lt;a href="40-selenium-screenshot-1.png"&gt;&lt;img src="40-selenium-screenshot-1.png" width="800px"&gt;&lt;/a&gt;</msg>
<msg time="2024-05-28T16:19:20.845427" level="FAIL">Element with locator 'xpath://a[text()= ' Birth Record ']' not found.</msg>
<arg>${birth_record}</arg>
<doc>Click the element identified by ``locator``.</doc>
<status status="FAIL" start="2024-05-28T16:19:15.729259" elapsed="5.119567">Element with locator 'xpath://a[text()= ' Birth Record ']' not found.</status>
</kw>
<status status="FAIL" start="2024-05-28T16:19:15.729259" elapsed="5.120068">Element with locator 'xpath://a[text()= ' Birth Record ']' not found.</status>
</kw>
<kw name="search value in birth record" owner="DoctorResources">
<status status="NOT RUN" start="2024-05-28T16:19:20.849828" elapsed="0.000000"/>
</kw>
<kw name="assert the birth record search" owner="DoctorResources">
<status status="NOT RUN" start="2024-05-28T16:19:20.850398" elapsed="0.000000"/>
</kw>
<kw name="Close the browser" owner="GenericResources" type="TEARDOWN">
<kw name="Close Browser" owner="SeleniumLibrary">
<doc>Closes the current browser.</doc>
<status status="PASS" start="2024-05-28T16:19:20.851551" elapsed="3.379254"/>
</kw>
<status status="PASS" start="2024-05-28T16:19:20.850901" elapsed="3.380574"/>
</kw>
<status status="FAIL" start="2024-05-28T16:18:55.522145" elapsed="28.709330">Element with locator 'xpath://a[text()= ' Birth Record ']' not found.</status>
</test>
<doc>To validate the Login form</doc>
<status status="FAIL" start="2024-05-28T16:18:54.934953" elapsed="29.298633"/>
</suite>
<suite id="s1-s42" name="Valid Search Death Record" source="C:\Users\91989\Desktop\New folder\Pilot_Project_Smart_hospital_Team3\TestCases\valid_search_death_record.robot">
<test id="s1-s42-t1" name="validate add birth record" line="12">
<kw name="Open the browser with url" owner="GenericResources" type="SETUP">
<kw name="Create Webdriver" owner="SeleniumLibrary">
<msg time="2024-05-28T16:19:12.808328" level="INFO">Creating an instance of the Chrome WebDriver.</msg>
<arg>Chrome</arg>
<doc>Creates an instance of Selenium WebDriver.</doc>
<status status="PASS" start="2024-05-28T16:19:12.807422" elapsed="4.677699"/>
</kw>
<kw name="Go To" owner="SeleniumLibrary">
<msg time="2024-05-28T16:19:17.487110" level="INFO">Opening url 'https://demo.smart-hospital.in/'</msg>
<arg>${url}</arg>
<doc>Navigates the current browser window to the provided ``url``.</doc>
<status status="PASS" start="2024-05-28T16:19:17.486330" elapsed="4.215139"/>
</kw>
<kw name="Maximize Browser Window" owner="SeleniumLibrary">
<doc>Maximizes current browser window.</doc>
<status status="PASS" start="2024-05-28T16:19:21.701469" elapsed="0.081974"/>
</kw>
<kw name="Set Selenium Implicit Wait" owner="SeleniumLibrary">
<arg>5</arg>
<doc>Sets the implicit wait value used by Selenium.</doc>
<status status="PASS" start="2024-05-28T16:19:21.784040" elapsed="0.006255"/>
</kw>
<status status="PASS" start="2024-05-28T16:19:12.806421" elapsed="8.984375"/>
</kw>
<kw name="click the log in button" owner="GenericResources">
<kw name="Click Element" owner="SeleniumLibrary">
<msg time="2024-05-28T16:19:21.793032" level="INFO">Clicking element 'xpath://ul[@class="top-right"]//a'.</msg>
<arg>${login_button}</arg>
<doc>Click the element identified by ``locator``.</doc>
<status status="PASS" start="2024-05-28T16:19:21.792032" elapsed="2.090745"/>
</kw>
<status status="PASS" start="2024-05-28T16:19:21.790994" elapsed="2.091783"/>
</kw>
<kw name="click the admin login" owner="LoginResources">
<kw name="Click Element" owner="SeleniumLibrary">
<msg time="2024-05-28T16:19:23.883845" level="INFO">Clicking element 'xpath:(//a[@class='forgot pull-right'])[1]'.</msg>
<arg>${admin_login}</arg>
<doc>Click the element identified by ``locator``.</doc>
<status status="PASS" start="2024-05-28T16:19:23.883845" elapsed="0.325004"/>
</kw>
<status status="PASS" start="2024-05-28T16:19:23.882777" elapsed="0.326072"/>
</kw>
<kw name="Switch Window" owner="SeleniumLibrary">
<arg>new</arg>
<doc>Switches to browser window matching ``locator``.</doc>
<status status="PASS" start="2024-05-28T16:19:24.208849" elapsed="0.018303"/>
</kw>
<kw name="click the doctor button" owner="LoginResources">
<kw name="Click Element" owner="SeleniumLibrary">
<msg time="2024-05-28T16:19:24.228161" level="INFO">Clicking element 'xpath:(//a[@class='btn btn-primary width100'])[2]'.</msg>
<arg>${doctor_button}</arg>
<doc>Click the element identified by ``locator``.</doc>
<status status="PASS" start="2024-05-28T16:19:24.228161" elapsed="0.987256"/>
</kw>
<status status="PASS" start="2024-05-28T16:19:24.227152" elapsed="0.988265"/>
</kw>
<kw name="Click the signin button" owner="LoginResources">
<kw name="Click Button" owner="SeleniumLibrary">
<msg time="2024-05-28T16:19:25.217428" level="INFO">Clicking button 'css:button[class='btn']'.</msg>
<arg>${signin_button}</arg>
<doc>Clicks the button identified by ``locator``.</doc>
<status status="PASS" start="2024-05-28T16:19:25.216430" elapsed="4.691909"/>
</kw>
<status status="PASS" start="2024-05-28T16:19:25.215417" elapsed="4.692922"/>
</kw>
<kw name="click birth record and death record" owner="DoctorResources">
<kw name="Click Element" owner="SeleniumLibrary">
<msg time="2024-05-28T16:19:29.909364" level="INFO">Clicking element 'xpath://a/i[@class='fa fa-birthday-cake']'.</msg>
<arg>${birth_record_death_record}</arg>
<doc>Click the element identified by ``locator``.</doc>
<status status="PASS" start="2024-05-28T16:19:29.909364" elapsed="0.082516"/>
</kw>
<status status="PASS" start="2024-05-28T16:19:29.908339" elapsed="0.083541"/>
</kw>
<kw name="click death record" owner="DoctorResources">
<kw name="Click Element" owner="SeleniumLibrary">
<msg time="2024-05-28T16:19:29.992966" level="INFO">Clicking element 'xpath://a[text()= ' Death Record']'.</msg>
<msg time="2024-05-28T16:19:35.089731" level="INFO" html="true">&lt;/td&gt;&lt;/tr&gt;&lt;tr&gt;&lt;td colspan="3"&gt;&lt;a href="41-selenium-screenshot-1.png"&gt;&lt;img src="41-selenium-screenshot-1.png" width="800px"&gt;&lt;/a&gt;</msg>
<msg time="2024-05-28T16:19:35.089731" level="FAIL">Element with locator 'xpath://a[text()= ' Death Record']' not found.</msg>
<arg>${death_record}</arg>
<doc>Click the element identified by ``locator``.</doc>
<status status="FAIL" start="2024-05-28T16:19:29.992966" elapsed="5.098700">Element with locator 'xpath://a[text()= ' Death Record']' not found.</status>
</kw>
<status status="FAIL" start="2024-05-28T16:19:29.991880" elapsed="5.099786">Element with locator 'xpath://a[text()= ' Death Record']' not found.</status>
</kw>
<kw name="search value in death record" owner="DoctorResources">
<status status="NOT RUN" start="2024-05-28T16:19:35.091666" elapsed="0.001022"/>
</kw>
<kw name="assert value in death record" owner="DoctorResources">
<status status="NOT RUN" start="2024-05-28T16:19:35.092688" elapsed="0.000000"/>
</kw>
<kw name="Close the browser" owner="GenericResources" type="TEARDOWN">
<kw name="Close Browser" owner="SeleniumLibrary">
<doc>Closes the current browser.</doc>
<status status="PASS" start="2024-05-28T16:19:35.092688" elapsed="2.324629"/>
</kw>
<status status="PASS" start="2024-05-28T16:19:35.092688" elapsed="2.324629"/>
</kw>
<status status="FAIL" start="2024-05-28T16:19:12.805418" elapsed="24.611899">Element with locator 'xpath://a[text()= ' Death Record']' not found.</status>
</test>
<doc>To validate the Login form</doc>
<status status="FAIL" start="2024-05-28T16:19:12.543056" elapsed="24.878122"/>
</suite>
<doc>[https://pabot.org/?ref=log|Pabot] result from 42 executions.</doc>
<status status="FAIL" start="2024-05-28T16:12:33.506000" elapsed="34.373944"/>
</suite>
<statistics>
<total>
<stat pass="29" fail="23" skip="0">All Tests</stat>
</total>
<tag>
<stat pass="5" fail="0" skip="0">confirmation</stat>
<stat pass="2" fail="0" skip="0">Regression</stat>
<stat pass="5" fail="6" skip="0">smoke</stat>
</tag>
<suite>
<stat pass="29" fail="23" skip="0" id="s1" name="TestCases">TestCases</stat>
<stat pass="1" fail="0" skip="0" id="s1-s1" name="Test Invalid Addnewpatient">TestCases.Test Invalid Addnewpatient</stat>
<stat pass="1" fail="0" skip="0" id="s1-s2" name="Test Invalid Billsearch">TestCases.Test Invalid Billsearch</stat>
<stat pass="5" fail="0" skip="0" id="s1-s3" name="Test Invalid Doctorlogin">TestCases.Test Invalid Doctorlogin</stat>
<stat pass="1" fail="0" skip="0" id="s1-s4" name="Test Invalid Languagechange">TestCases.Test Invalid Languagechange</stat>
<stat pass="0" fail="1" skip="0" id="s1-s5" name="Test Invalid Viewbillsearch">TestCases.Test Invalid Viewbillsearch</stat>
<stat pass="0" fail="1" skip="0" id="s1-s6" name="Test Invalid search birth record">TestCases.Test Invalid search birth record</stat>
<stat pass="0" fail="1" skip="0" id="s1-s7" name="Test Invalid search death record">TestCases.Test Invalid search death record</stat>
<stat pass="1" fail="0" skip="0" id="s1-s8" name="Test Invalid user appointment">TestCases.Test Invalid user appointment</stat>
<stat pass="0" fail="1" skip="0" id="s1-s9" name="Test Valid Addnewpatient">TestCases.Test Valid Addnewpatient</stat>
<stat pass="1" fail="0" skip="0" id="s1-s10" name="Test Valid Billsearch">TestCases.Test Valid Billsearch</stat>
<stat pass="2" fail="0" skip="0" id="s1-s11" name="Test Valid Doctorlogin">TestCases.Test Valid Doctorlogin</stat>
<stat pass="1" fail="0" skip="0" id="s1-s12" name="Test Valid Languagechange">TestCases.Test Valid Languagechange</stat>
<stat pass="0" fail="1" skip="0" id="s1-s13" name="Test Valid Notificationdelete">TestCases.Test Valid Notificationdelete</stat>
<stat pass="0" fail="1" skip="0" id="s1-s14" name="Test Valid Payment">TestCases.Test Valid Payment</stat>
<stat pass="1" fail="0" skip="0" id="s1-s15" name="Test Valid Userlogin">TestCases.Test Valid Userlogin</stat>
<stat pass="1" fail="0" skip="0" id="s1-s16" name="Test Valid Viewbilldetails">TestCases.Test Valid Viewbilldetails</stat>
<stat pass="0" fail="1" skip="0" id="s1-s17" name="Test add invalid birth record">TestCases.Test add invalid birth record</stat>
<stat pass="0" fail="1" skip="0" id="s1-s18" name="Test add invalid death record">TestCases.Test add invalid death record</stat>
<stat pass="0" fail="1" skip="0" id="s1-s19" name="Test add valid birth record">TestCases.Test add valid birth record</stat>
<stat pass="0" fail="1" skip="0" id="s1-s20" name="Test add valid death record">TestCases.Test add valid death record</stat>
<stat pass="1" fail="0" skip="0" id="s1-s21" name="Test appointment history">TestCases.Test appointment history</stat>
<stat pass="0" fail="1" skip="0" id="s1-s22" name="Test empty user appointment">TestCases.Test empty user appointment</stat>
<stat pass="4" fail="0" skip="0" id="s1-s23" name="Test invalid admin login">TestCases.Test invalid admin login</stat>
<stat pass="0" fail="1" skip="0" id="s1-s24" name="Test invalid slot apointment">TestCases.Test invalid slot apointment</stat>
<stat pass="1" fail="0" skip="0" id="s1-s25" name="Test invalidAppionmentSearch">TestCases.Test invalidAppionmentSearch</stat>
<stat pass="2" fail="0" skip="0" id="s1-s26" name="Test invalidPatientSearch">TestCases.Test invalidPatientSearch</stat>
<stat pass="0" fail="2" skip="0" id="s1-s27" name="Test invalidPostMessage">TestCases.Test invalidPostMessage</stat>
<stat pass="1" fail="0" skip="0" id="s1-s28" name="Test invalidSendMsg">TestCases.Test invalidSendMsg</stat>
<stat pass="0" fail="1" skip="0" id="s1-s29" name="Test invalisSendSMS">TestCases.Test invalisSendSMS</stat>
<stat pass="1" fail="0" skip="0" id="s1-s30" name="Test valid appointment">TestCases.Test valid appointment</stat>
<stat pass="0" fail="1" skip="0" id="s1-s31" name="Test valid search birth record">TestCases.Test valid search birth record</stat>
<stat pass="0" fail="1" skip="0" id="s1-s32" name="Test valid search death record">TestCases.Test valid search death record</stat>
<stat pass="0" fail="1" skip="0" id="s1-s33" name="Test valid user payment">TestCases.Test valid user payment</stat>
<stat pass="1" fail="0" skip="0" id="s1-s34" name="Test validAddStockItem">TestCases.Test validAddStockItem</stat>
<stat pass="1" fail="0" skip="0" id="s1-s35" name="Test validAdminLogin">TestCases.Test validAdminLogin</stat>
<stat pass="0" fail="1" skip="0" id="s1-s36" name="Test validAppionmentSearch">TestCases.Test validAppionmentSearch</stat>
<stat pass="1" fail="0" skip="0" id="s1-s37" name="Test validPatientSearch">TestCases.Test validPatientSearch</stat>
<stat pass="0" fail="1" skip="0" id="s1-s38" name="Test validPostMessage">TestCases.Test validPostMessage</stat>
<stat pass="1" fail="0" skip="0" id="s1-s39" name="Test validQueueSearch">TestCases.Test validQueueSearch</stat>
<stat pass="0" fail="1" skip="0" id="s1-s40" name="Test validSendSMS">TestCases.Test validSendSMS</stat>
<stat pass="0" fail="1" skip="0" id="s1-s41" name="Valid Search Birth Record">TestCases.Valid Search Birth Record</stat>
<stat pass="0" fail="1" skip="0" id="s1-s42" name="Valid Search Death Record">TestCases.Valid Search Death Record</stat>
</suite>
</statistics>
<errors>
<msg time="2024-05-28T16:15:54.734491" level="ERROR">Calling method 'end_keyword' of listener 'RobotStackTracer' failed: UnicodeEncodeError: 'charmap' codec can't encode character '\u200e' in position 542: character maps to &lt;undefined&gt;</msg>
<msg time="2024-05-28T16:15:54.736003" level="ERROR">Calling method 'end_keyword' of listener 'RobotStackTracer' failed: UnicodeEncodeError: 'charmap' codec can't encode character '\u200e' in position 542: character maps to &lt;undefined&gt;</msg>
<msg time="2024-05-28T16:15:57.003053" level="WARN">Multiple tests with name 'To validate invalid login of admin' executed in suite 'TestCases.Test invalid admin login'.</msg>
<msg time="2024-05-28T16:16:10.580391" level="WARN">Multiple tests with name 'To validate invalid login of admin' executed in suite 'TestCases.Test invalid admin login'.</msg>
<msg time="2024-05-28T16:16:24.844972" level="WARN">Multiple tests with name 'To validate invalid login of admin' executed in suite 'TestCases.Test invalid admin login'.</msg>
</errors>
</robot>
