<?xml version="1.0" encoding="UTF-8"?>
<robot generator="Robot 7.0 (Python 3.12.2 on win32)" generated="2024-05-28T16:19:46.376650" rpa="false" schemaversion="5">
<suite id="s1" name="TestCases" source="C:\Users\91989\Desktop\New folder\Pilot_Project_Smart_hospital_Team3\TestCases">
<suite id="s1-s1" name="Test Invalid Languagechange" source="C:\Users\91989\Desktop\New folder\Pilot_Project_Smart_hospital_Team3\TestCases\Test_Invalid_Languagechange.robot">
<test id="s1-s1-t1" name="Unsuccessfull system language change" line="13">
<kw name="Open the browser with url" owner="GenericResources" type="SETUP">
<kw name="Create Webdriver" owner="SeleniumLibrary">
<msg time="2024-05-28T16:19:46.735980" level="INFO">Creating an instance of the Chrome WebDriver.</msg>
<arg>Chrome</arg>
<doc>Creates an instance of Selenium WebDriver.</doc>
<status status="PASS" start="2024-05-28T16:19:46.735980" elapsed="5.814623"/>
</kw>
<kw name="Go To" owner="SeleniumLibrary">
<msg time="2024-05-28T16:19:52.551103" level="INFO">Opening url 'https://demo.smart-hospital.in/'</msg>
<arg>${url}</arg>
<doc>Navigates the current browser window to the provided ``url``.</doc>
<status status="PASS" start="2024-05-28T16:19:52.551103" elapsed="4.175107"/>
</kw>
<kw name="Maximize Browser Window" owner="SeleniumLibrary">
<doc>Maximizes current browser window.</doc>
<status status="PASS" start="2024-05-28T16:19:56.727345" elapsed="0.122886"/>
</kw>
<kw name="Set Selenium Implicit Wait" owner="SeleniumLibrary">
<arg>5</arg>
<doc>Sets the implicit wait value used by Selenium.</doc>
<status status="PASS" start="2024-05-28T16:19:56.851253" elapsed="0.008976"/>
</kw>
<status status="PASS" start="2024-05-28T16:19:46.734670" elapsed="10.126081"/>
</kw>
<kw name="Click the login in button" owner="GenericResources">
<kw name="Click Element" owner="SeleniumLibrary">
<msg time="2024-05-28T16:19:56.865077" level="INFO">Clicking element 'xpath://ul[@class="top-right"]//a'.</msg>
<arg>${login_button}</arg>
<doc>Click the element identified by ``locator``.</doc>
<status status="PASS" start="2024-05-28T16:19:56.861548" elapsed="3.283610"/>
</kw>
<status status="PASS" start="2024-05-28T16:19:56.861048" elapsed="3.284629"/>
</kw>
<kw name="Fill the successfull login form by clicking the doctor role" owner="LoginResources">
<kw name="Click Link" owner="SeleniumLibrary">
<msg time="2024-05-28T16:20:00.146953" level="INFO">Clicking link 'xpath://i[@class="fa fa-user"]//parent::a'.</msg>
<arg>${admin_login_button}</arg>
<doc>Clicks a link identified by ``locator``.</doc>
<status status="PASS" start="2024-05-28T16:20:00.146679" elapsed="0.829647"/>
</kw>
<kw name="Switch Window" owner="SeleniumLibrary">
<arg>new</arg>
<doc>Switches to browser window matching ``locator``.</doc>
<status status="PASS" start="2024-05-28T16:20:00.976850" elapsed="0.022383"/>
</kw>
<kw name="Click Link" owner="SeleniumLibrary">
<msg time="2024-05-28T16:20:00.999733" level="INFO">Clicking link 'xpath://a[text()='Doctor']'.</msg>
<arg>${valid_doctor_button}</arg>
<doc>Clicks a link identified by ``locator``.</doc>
<status status="PASS" start="2024-05-28T16:20:00.999233" elapsed="0.927836"/>
</kw>
<kw name="Click Button" owner="SeleniumLibrary">
<msg time="2024-05-28T16:20:01.929265" level="INFO">Clicking button 'css:button[class='btn']'.</msg>
<arg>${signin_button}</arg>
<doc>Clicks the button identified by ``locator``.</doc>
<status status="PASS" start="2024-05-28T16:20:01.928249" elapsed="7.734817"/>
</kw>
<status status="PASS" start="2024-05-28T16:20:00.145677" elapsed="9.517389"/>
</kw>
<kw name="Verify the successfull login with valid credentials for doctor" owner="LoginResources">
<kw name="Click Link" owner="SeleniumLibrary">
<msg time="2024-05-28T16:20:09.665551" level="INFO">Clicking link 'css:a[class="dropdown-toggle"]'.</msg>
<arg>${pofile_icon}</arg>
<doc>Clicks a link identified by ``locator``.</doc>
<status status="PASS" start="2024-05-28T16:20:09.664583" elapsed="0.123755"/>
</kw>
<kw name="Wait Until Element Is Enabled" owner="SeleniumLibrary">
<arg>${profile_name}</arg>
<doc>Waits until the element ``locator`` is enabled.</doc>
<status status="PASS" start="2024-05-28T16:20:09.788338" elapsed="0.034146"/>
</kw>
<kw name="Element Text Should Be" owner="SeleniumLibrary">
<msg time="2024-05-28T16:20:09.822484" level="INFO">Verifying element 'css:div[class="sstopuser-test"] h5' contains exact text 'Doctor'.</msg>
<arg>${profile_name}</arg>
<arg>Doctor</arg>
<doc>Verifies that element ``locator`` contains exact the text ``expected``.</doc>
<status status="PASS" start="2024-05-28T16:20:09.822484" elapsed="0.026605"/>
</kw>
<status status="PASS" start="2024-05-28T16:20:09.663704" elapsed="0.185385"/>
</kw>
<kw name="Change the invalid system language" owner="DoctorResources">
<kw name="Wait Until Element Is Enabled" owner="SeleniumLibrary">
<arg>${language_icon}</arg>
<doc>Waits until the element ``locator`` is enabled.</doc>
<status status="PASS" start="2024-05-28T16:20:09.850109" elapsed="0.040028"/>
</kw>
<kw name="Click Button" owner="SeleniumLibrary">
<msg time="2024-05-28T16:20:09.890500" level="INFO">Clicking button 'xpath://button[@class="btn dropdown-toggle selectpicker btn-default"]'.</msg>
<arg>${language_icon}</arg>
<doc>Clicks the button identified by ``locator``.</doc>
<status status="PASS" start="2024-05-28T16:20:09.890500" elapsed="0.094060"/>
</kw>
<kw name="Click Link" owner="SeleniumLibrary">
<msg time="2024-05-28T16:20:09.985528" level="INFO">Clicking link 'xpath://a[normalize-space()='Spanish']'.</msg>
<arg>${invalid_hindi_language}</arg>
<doc>Clicks a link identified by ``locator``.</doc>
<status status="PASS" start="2024-05-28T16:20:09.984560" elapsed="0.062959"/>
</kw>
<status status="PASS" start="2024-05-28T16:20:09.849089" elapsed="0.198430"/>
</kw>
<kw name="Verify the unsuccessfull sytem language change" owner="DoctorResources">
<kw name="Wait Until Element Is Enabled" owner="SeleniumLibrary">
<arg>${language_icon}</arg>
<doc>Waits until the element ``locator`` is enabled.</doc>
<status status="PASS" start="2024-05-28T16:20:10.048519" elapsed="0.039974"/>
</kw>
<kw name="Get Text" owner="SeleniumLibrary">
<msg time="2024-05-28T16:20:10.103343" level="INFO">${result} = Spanish
 </msg>
<var>${result}</var>
<arg>${language_icon}</arg>
<doc>Returns the text value of the element identified by ``locator``.</doc>
<status status="PASS" start="2024-05-28T16:20:10.088493" elapsed="0.014850"/>
</kw>
<kw name="Should Not Contain" owner="BuiltIn">
<arg>${result}</arg>
<arg>Hindi</arg>
<doc>Fails if ``container`` contains ``item`` one or more times.</doc>
<status status="PASS" start="2024-05-28T16:20:10.103343" elapsed="0.000000"/>
</kw>
<status status="PASS" start="2024-05-28T16:20:10.048519" elapsed="0.054824"/>
</kw>
<kw name="Close the browser" owner="GenericResources" type="TEARDOWN">
<kw name="Close Browser" owner="SeleniumLibrary">
<doc>Closes the current browser.</doc>
<status status="PASS" start="2024-05-28T16:20:10.104342" elapsed="2.302887"/>
</kw>
<status status="PASS" start="2024-05-28T16:20:10.104342" elapsed="2.302887"/>
</kw>
<status status="PASS" start="2024-05-28T16:19:46.733381" elapsed="25.673848"/>
</test>
<doc>Test case for the invalid system language change</doc>
<status status="PASS" start="2024-05-28T16:19:46.420900" elapsed="25.988408"/>
</suite>
<status status="PASS" start="2024-05-28T16:19:46.396276" elapsed="26.015977"/>
</suite>
<statistics>
<total>
<stat pass="1" fail="0" skip="0">All Tests</stat>
</total>
<tag>
</tag>
<suite>
<stat pass="1" fail="0" skip="0" id="s1" name="TestCases">TestCases</stat>
<stat pass="1" fail="0" skip="0" id="s1-s1" name="Test Invalid Languagechange">TestCases.Test Invalid Languagechange</stat>
</suite>
</statistics>
<errors>
</errors>
</robot>
