<?xml version="1.0" encoding="UTF-8"?>
<robot generator="Robot 7.0 (Python 3.12.2 on win32)" generated="2024-05-28T16:22:16.574415" rpa="false" schemaversion="5">
<suite id="s1" name="TestCases" source="C:\Users\91989\Desktop\New folder\Pilot_Project_Smart_hospital_Team3\TestCases">
<suite id="s1-s1" name="Test add valid death record" source="C:\Users\91989\Desktop\New folder\Pilot_Project_Smart_hospital_Team3\TestCases\Test_add_valid_death_record.robot">
<test id="s1-s1-t1" name="Login test template" line="18">
<kw name="Open the browser with url" owner="GenericResources" type="SETUP">
<kw name="Create Webdriver" owner="SeleniumLibrary">
<msg time="2024-05-28T16:22:18.964445" level="INFO">Creating an instance of the Chrome WebDriver.</msg>
<arg>Chrome</arg>
<doc>Creates an instance of Selenium WebDriver.</doc>
<status status="PASS" start="2024-05-28T16:22:18.963556" elapsed="5.601283"/>
</kw>
<kw name="Go To" owner="SeleniumLibrary">
<msg time="2024-05-28T16:22:24.565829" level="INFO">Opening url 'https://demo.smart-hospital.in/'</msg>
<arg>${url}</arg>
<doc>Navigates the current browser window to the provided ``url``.</doc>
<status status="PASS" start="2024-05-28T16:22:24.565341" elapsed="5.326634"/>
</kw>
<kw name="Maximize Browser Window" owner="SeleniumLibrary">
<doc>Maximizes current browser window.</doc>
<status status="PASS" start="2024-05-28T16:22:29.892491" elapsed="0.172557"/>
</kw>
<kw name="Set Selenium Implicit Wait" owner="SeleniumLibrary">
<arg>5</arg>
<doc>Sets the implicit wait value used by Selenium.</doc>
<status status="PASS" start="2024-05-28T16:22:30.065048" elapsed="0.009599"/>
</kw>
<status status="PASS" start="2024-05-28T16:22:18.960328" elapsed="11.114319"/>
</kw>
<kw name="validate add death record">
<kw name="click the log in button" owner="GenericResources">
<kw name="Click Element" owner="SeleniumLibrary">
<msg time="2024-05-28T16:22:30.084119" level="INFO">Clicking element 'xpath://ul[@class="top-right"]//a'.</msg>
<arg>${login_button}</arg>
<doc>Click the element identified by ``locator``.</doc>
<status status="PASS" start="2024-05-28T16:22:30.082514" elapsed="3.023291"/>
</kw>
<status status="PASS" start="2024-05-28T16:22:30.079163" elapsed="3.027143"/>
</kw>
<kw name="click the admin login" owner="LoginResources">
<kw name="Click Element" owner="SeleniumLibrary">
<msg time="2024-05-28T16:22:33.108074" level="INFO">Clicking element 'xpath:(//a[@class='forgot pull-right'])[1]'.</msg>
<arg>${admin_login}</arg>
<doc>Click the element identified by ``locator``.</doc>
<status status="PASS" start="2024-05-28T16:22:33.107314" elapsed="0.264091"/>
</kw>
<status status="PASS" start="2024-05-28T16:22:33.106508" elapsed="0.265190"/>
</kw>
<kw name="Switch Window" owner="SeleniumLibrary">
<arg>new</arg>
<doc>Switches to browser window matching ``locator``.</doc>
<status status="PASS" start="2024-05-28T16:22:33.371698" elapsed="0.135614"/>
</kw>
<kw name="click the doctor button" owner="LoginResources">
<kw name="Click Element" owner="SeleniumLibrary">
<msg time="2024-05-28T16:22:33.509274" level="INFO">Clicking element 'xpath:(//a[@class='btn btn-primary width100'])[2]'.</msg>
<arg>${doctor_button}</arg>
<doc>Click the element identified by ``locator``.</doc>
<status status="PASS" start="2024-05-28T16:22:33.508775" elapsed="11.412343"/>
</kw>
<status status="PASS" start="2024-05-28T16:22:33.507809" elapsed="11.413877"/>
</kw>
<kw name="Click the signin button" owner="LoginResources">
<kw name="Click Button" owner="SeleniumLibrary">
<msg time="2024-05-28T16:22:44.923663" level="INFO">Clicking button 'css:button[class='btn']'.</msg>
<arg>${signin_button}</arg>
<doc>Clicks the button identified by ``locator``.</doc>
<status status="PASS" start="2024-05-28T16:22:44.923210" elapsed="4.594914"/>
</kw>
<status status="PASS" start="2024-05-28T16:22:44.922186" elapsed="4.595938"/>
</kw>
<kw name="click birth record and death record" owner="DoctorResources">
<kw name="Click Element" owner="SeleniumLibrary">
<msg time="2024-05-28T16:22:49.519681" level="INFO">Clicking element 'xpath://a/i[@class='fa fa-birthday-cake']'.</msg>
<arg>${birth_record_death_record}</arg>
<doc>Click the element identified by ``locator``.</doc>
<status status="PASS" start="2024-05-28T16:22:49.518932" elapsed="0.098554"/>
</kw>
<status status="PASS" start="2024-05-28T16:22:49.518432" elapsed="0.099054"/>
</kw>
<kw name="click death record" owner="DoctorResources">
<kw name="Click Element" owner="SeleniumLibrary">
<msg time="2024-05-28T16:22:49.619231" level="INFO">Clicking element 'xpath://a[text()= ' Death Record']'.</msg>
<msg time="2024-05-28T16:22:54.701006" level="INFO" html="true">&lt;/td&gt;&lt;/tr&gt;&lt;tr&gt;&lt;td colspan="3"&gt;&lt;a href="selenium-screenshot-1.png"&gt;&lt;img src="selenium-screenshot-1.png" width="800px"&gt;&lt;/a&gt;</msg>
<msg time="2024-05-28T16:22:54.701006" level="FAIL">Element with locator 'xpath://a[text()= ' Death Record']' not found.</msg>
<arg>${death_record}</arg>
<doc>Click the element identified by ``locator``.</doc>
<status status="FAIL" start="2024-05-28T16:22:49.618731" elapsed="5.085123">Element with locator 'xpath://a[text()= ' Death Record']' not found.</status>
</kw>
<status status="FAIL" start="2024-05-28T16:22:49.617976" elapsed="5.085878">Element with locator 'xpath://a[text()= ' Death Record']' not found.</status>
</kw>
<kw name="click add death record" owner="DoctorResources">
<status status="NOT RUN" start="2024-05-28T16:22:54.703854" elapsed="0.001316"/>
</kw>
<kw name="fill the death record form" owner="DoctorResources">
<arg>${caseID}</arg>
<arg>${DeathDate}</arg>
<arg>${DeathReports}</arg>
<status status="NOT RUN" start="2024-05-28T16:22:54.705170" elapsed="0.000000"/>
</kw>
<arg>caseID=4723</arg>
<arg>DeathDate=2024-05-29 00:00:00</arg>
<arg>DeathReports=Dennis Coates</arg>
<status status="FAIL" start="2024-05-28T16:22:30.075148" elapsed="24.630022">Element with locator 'xpath://a[text()= ' Death Record']' not found.</status>
</kw>
<kw name="Close the browser" owner="GenericResources" type="TEARDOWN">
<kw name="Close Browser" owner="SeleniumLibrary">
<doc>Closes the current browser.</doc>
<status status="PASS" start="2024-05-28T16:22:54.706169" elapsed="5.600200"/>
</kw>
<status status="PASS" start="2024-05-28T16:22:54.705170" elapsed="5.601199"/>
</kw>
<status status="FAIL" start="2024-05-28T16:22:18.951815" elapsed="41.354554">Element with locator 'xpath://a[text()= ' Death Record']' not found.</status>
</test>
<doc>To validate the Login form</doc>
<status status="FAIL" start="2024-05-28T16:22:16.782498" elapsed="43.526664"/>
</suite>
<status status="FAIL" start="2024-05-28T16:22:16.737068" elapsed="43.574094"/>
</suite>
<statistics>
<total>
<stat pass="0" fail="1" skip="0">All Tests</stat>
</total>
<tag>
</tag>
<suite>
<stat pass="0" fail="1" skip="0" id="s1" name="TestCases">TestCases</stat>
<stat pass="0" fail="1" skip="0" id="s1-s1" name="Test add valid death record">TestCases.Test add valid death record</stat>
</suite>
</statistics>
<errors>
</errors>
</robot>
