<?xml version="1.0" encoding="UTF-8"?>
<robot generator="Robot 7.0 (Python 3.12.2 on win32)" generated="2024-05-28T16:19:46.338184" rpa="false" schemaversion="5">
<suite id="s1" name="TestCases" source="C:\Users\91989\Desktop\New folder\Pilot_Project_Smart_hospital_Team3\TestCases">
<suite id="s1-s1" name="Test Invalid Doctorlogin" source="C:\Users\91989\Desktop\New folder\Pilot_Project_Smart_hospital_Team3\TestCases\Test_Invalid_Doctorlogin.robot">
<test id="s1-s1-t1" name="Unsucessfull doctor login using invalid login credentials" line="12">
<kw name="Open the browser with url" owner="GenericResources" type="SETUP">
<kw name="Create Webdriver" owner="SeleniumLibrary">
<msg time="2024-05-28T16:19:46.731118" level="INFO">Creating an instance of the Chrome WebDriver.</msg>
<arg>Chrome</arg>
<doc>Creates an instance of Selenium WebDriver.</doc>
<status status="PASS" start="2024-05-28T16:19:46.730329" elapsed="5.496049"/>
</kw>
<kw name="Go To" owner="SeleniumLibrary">
<msg time="2024-05-28T16:19:52.227360" level="INFO">Opening url 'https://demo.smart-hospital.in/'</msg>
<arg>${url}</arg>
<doc>Navigates the current browser window to the provided ``url``.</doc>
<status status="PASS" start="2024-05-28T16:19:52.226859" elapsed="4.411005"/>
</kw>
<kw name="Maximize Browser Window" owner="SeleniumLibrary">
<doc>Maximizes current browser window.</doc>
<status status="PASS" start="2024-05-28T16:19:56.638363" elapsed="0.072409"/>
</kw>
<kw name="Set Selenium Implicit Wait" owner="SeleniumLibrary">
<arg>5</arg>
<doc>Sets the implicit wait value used by Selenium.</doc>
<status status="PASS" start="2024-05-28T16:19:56.711271" elapsed="0.004399"/>
</kw>
<status status="PASS" start="2024-05-28T16:19:46.729091" elapsed="9.987079"/>
</kw>
<kw name="Click the login in button" owner="GenericResources">
<kw name="Click Element" owner="SeleniumLibrary">
<msg time="2024-05-28T16:19:56.720691" level="INFO">Clicking element 'xpath://ul[@class="top-right"]//a'.</msg>
<arg>${login_button}</arg>
<doc>Click the element identified by ``locator``.</doc>
<status status="PASS" start="2024-05-28T16:19:56.717590" elapsed="2.013018"/>
</kw>
<status status="PASS" start="2024-05-28T16:19:56.716671" elapsed="2.013937"/>
</kw>
<kw name="Fill the login form with login credentials for doctor" owner="LoginResources">
<kw name="Click Link" owner="SeleniumLibrary">
<msg time="2024-05-28T16:19:58.733946" level="INFO">Clicking link 'xpath://i[@class="fa fa-user"]//parent::a'.</msg>
<arg>${admin_login_button}</arg>
<doc>Clicks a link identified by ``locator``.</doc>
<status status="PASS" start="2024-05-28T16:19:58.733106" elapsed="0.454858"/>
</kw>
<kw name="Switch Window" owner="SeleniumLibrary">
<arg>new</arg>
<doc>Switches to browser window matching ``locator``.</doc>
<status status="PASS" start="2024-05-28T16:19:59.188972" elapsed="0.033589"/>
</kw>
<kw name="Input Text" owner="SeleniumLibrary">
<msg time="2024-05-28T16:19:59.223829" level="INFO">Typing text 'sonia@gmail.com' into text field 'css:input[name='username']'.</msg>
<arg>${username_field}</arg>
<arg>${username}</arg>
<doc>Types the given ``text`` into the text field identified by ``locator``.</doc>
<status status="PASS" start="2024-05-28T16:19:59.222561" elapsed="1.512804"/>
</kw>
<kw name="Input Password" owner="SeleniumLibrary">
<msg time="2024-05-28T16:20:00.736383" level="INFO">Typing password into text field 'css:input[name='password']'.</msg>
<msg time="2024-05-28T16:20:00.804337" level="INFO">Temporally setting log level to: NONE</msg>
<arg>${password_field}</arg>
<arg>${password}</arg>
<doc>Types the given password into the text field identified by ``locator``.</doc>
<status status="PASS" start="2024-05-28T16:20:00.735832" elapsed="0.167867"/>
</kw>
<kw name="Click Button" owner="SeleniumLibrary">
<msg time="2024-05-28T16:20:00.904504" level="INFO">Clicking button 'css:button[class='btn']'.</msg>
<arg>${signin_button}</arg>
<doc>Clicks the button identified by ``locator``.</doc>
<status status="PASS" start="2024-05-28T16:20:00.903923" elapsed="0.795844"/>
</kw>
<arg>${doctor_valid_username}</arg>
<arg>${doctor_invalid_password}</arg>
<status status="PASS" start="2024-05-28T16:19:58.731624" elapsed="2.968143"/>
</kw>
<kw name="Verify the unsucessfull login with invalid credentials" owner="LoginResources">
<kw name="Element Text Should Be" owner="SeleniumLibrary">
<msg time="2024-05-28T16:20:01.703478" level="INFO">Verifying element 'css:div[class="alert alert-danger"]' contains exact text 'Invalid Username or Password'.</msg>
<arg>${invalid_credentials_message}</arg>
<arg>Invalid Username or Password</arg>
<doc>Verifies that element ``locator`` contains exact the text ``expected``.</doc>
<status status="PASS" start="2024-05-28T16:20:01.702107" elapsed="0.144632"/>
</kw>
<status status="PASS" start="2024-05-28T16:20:01.701393" elapsed="0.145848"/>
</kw>
<kw name="Close the browser" owner="GenericResources" type="TEARDOWN">
<kw name="Close Browser" owner="SeleniumLibrary">
<doc>Closes the current browser.</doc>
<status status="PASS" start="2024-05-28T16:20:01.848733" elapsed="2.808139"/>
</kw>
<status status="PASS" start="2024-05-28T16:20:01.847241" elapsed="2.809631"/>
</kw>
<status status="PASS" start="2024-05-28T16:19:46.728033" elapsed="17.928839"/>
</test>
<test id="s1-s1-t2" name="Unsucessfull doctor login by clicking invalid user role" line="17">
<kw name="Open the browser with url" owner="GenericResources" type="SETUP">
<kw name="Create Webdriver" owner="SeleniumLibrary">
<msg time="2024-05-28T16:20:04.658871" level="INFO">Creating an instance of the Chrome WebDriver.</msg>
<arg>Chrome</arg>
<doc>Creates an instance of Selenium WebDriver.</doc>
<status status="PASS" start="2024-05-28T16:20:04.657871" elapsed="3.856270"/>
</kw>
<kw name="Go To" owner="SeleniumLibrary">
<msg time="2024-05-28T16:20:08.515155" level="INFO">Opening url 'https://demo.smart-hospital.in/'</msg>
<arg>${url}</arg>
<doc>Navigates the current browser window to the provided ``url``.</doc>
<status status="PASS" start="2024-05-28T16:20:08.515155" elapsed="2.481809"/>
</kw>
<kw name="Maximize Browser Window" owner="SeleniumLibrary">
<doc>Maximizes current browser window.</doc>
<status status="PASS" start="2024-05-28T16:20:10.996964" elapsed="0.038367"/>
</kw>
<kw name="Set Selenium Implicit Wait" owner="SeleniumLibrary">
<arg>5</arg>
<doc>Sets the implicit wait value used by Selenium.</doc>
<status status="PASS" start="2024-05-28T16:20:11.035331" elapsed="0.002038"/>
</kw>
<status status="PASS" start="2024-05-28T16:20:04.657871" elapsed="6.379498"/>
</kw>
<kw name="Click the login in button" owner="GenericResources">
<kw name="Click Element" owner="SeleniumLibrary">
<msg time="2024-05-28T16:20:11.038370" level="INFO">Clicking element 'xpath://ul[@class="top-right"]//a'.</msg>
<arg>${login_button}</arg>
<doc>Click the element identified by ``locator``.</doc>
<status status="PASS" start="2024-05-28T16:20:11.038370" elapsed="1.608334"/>
</kw>
<status status="PASS" start="2024-05-28T16:20:11.037369" elapsed="1.609335"/>
</kw>
<kw name="Fill the unsuccessfull login form by clicking the doctor role" owner="LoginResources">
<kw name="Click Link" owner="SeleniumLibrary">
<msg time="2024-05-28T16:20:12.647712" level="INFO">Clicking link 'xpath://i[@class="fa fa-user"]//parent::a'.</msg>
<arg>${admin_login_button}</arg>
<doc>Clicks a link identified by ``locator``.</doc>
<status status="PASS" start="2024-05-28T16:20:12.647712" elapsed="0.210932"/>
</kw>
<kw name="Switch Window" owner="SeleniumLibrary">
<arg>new</arg>
<doc>Switches to browser window matching ``locator``.</doc>
<status status="PASS" start="2024-05-28T16:20:12.858644" elapsed="0.016531"/>
</kw>
<kw name="Click Link" owner="SeleniumLibrary">
<msg time="2024-05-28T16:20:12.876196" level="INFO">Clicking link 'xpath://a[text()='Pharmacist']'.</msg>
<arg>${invalid_doctor_button}</arg>
<doc>Clicks a link identified by ``locator``.</doc>
<status status="PASS" start="2024-05-28T16:20:12.876196" elapsed="0.911079"/>
</kw>
<kw name="Click Button" owner="SeleniumLibrary">
<msg time="2024-05-28T16:20:13.788455" level="INFO">Clicking button 'css:button[class='btn']'.</msg>
<arg>${signin_button}</arg>
<doc>Clicks the button identified by ``locator``.</doc>
<status status="PASS" start="2024-05-28T16:20:13.787775" elapsed="4.492613"/>
</kw>
<status status="PASS" start="2024-05-28T16:20:12.646704" elapsed="5.633684"/>
</kw>
<kw name="Verify the unsuccessfull login with valid credentials for doctor" owner="LoginResources">
<kw name="Click Link" owner="SeleniumLibrary">
<msg time="2024-05-28T16:20:18.281471" level="INFO">Clicking link 'css:a[class="dropdown-toggle"]'.</msg>
<arg>${pofile_icon}</arg>
<doc>Clicks a link identified by ``locator``.</doc>
<status status="PASS" start="2024-05-28T16:20:18.281471" elapsed="1.366566"/>
</kw>
<kw name="Element Text Should Not Be" owner="SeleniumLibrary">
<msg time="2024-05-28T16:20:19.648538" level="INFO">Verifying element 'css:div[class="sstopuser-test"] h5' does not contain exact text 'Doctor'.</msg>
<arg>${profile_name}</arg>
<arg>Doctor</arg>
<doc>Verifies that element ``locator`` does not contain exact the text ``not_expected``.</doc>
<status status="PASS" start="2024-05-28T16:20:19.648538" elapsed="0.128374"/>
</kw>
<status status="PASS" start="2024-05-28T16:20:18.280971" elapsed="1.496950"/>
</kw>
<kw name="Close the browser" owner="GenericResources" type="TEARDOWN">
<kw name="Close Browser" owner="SeleniumLibrary">
<doc>Closes the current browser.</doc>
<status status="PASS" start="2024-05-28T16:20:19.778920" elapsed="7.113279"/>
</kw>
<status status="PASS" start="2024-05-28T16:20:19.777921" elapsed="7.114278"/>
</kw>
<status status="PASS" start="2024-05-28T16:20:04.657871" elapsed="22.234829"/>
</test>
<test id="s1-s1-t3" name="Unsucessfull doctor login with blank username and password" line="22">
<kw name="Open the browser with url" owner="GenericResources" type="SETUP">
<kw name="Create Webdriver" owner="SeleniumLibrary">
<msg time="2024-05-28T16:20:26.896995" level="INFO">Creating an instance of the Chrome WebDriver.</msg>
<arg>Chrome</arg>
<doc>Creates an instance of Selenium WebDriver.</doc>
<status status="PASS" start="2024-05-28T16:20:26.896494" elapsed="5.364354"/>
</kw>
<kw name="Go To" owner="SeleniumLibrary">
<msg time="2024-05-28T16:20:32.260848" level="INFO">Opening url 'https://demo.smart-hospital.in/'</msg>
<arg>${url}</arg>
<doc>Navigates the current browser window to the provided ``url``.</doc>
<status status="PASS" start="2024-05-28T16:20:32.260848" elapsed="3.444861"/>
</kw>
<kw name="Maximize Browser Window" owner="SeleniumLibrary">
<doc>Maximizes current browser window.</doc>
<status status="PASS" start="2024-05-28T16:20:35.706208" elapsed="0.098865"/>
</kw>
<kw name="Set Selenium Implicit Wait" owner="SeleniumLibrary">
<arg>5</arg>
<doc>Sets the implicit wait value used by Selenium.</doc>
<status status="PASS" start="2024-05-28T16:20:35.805428" elapsed="0.004408"/>
</kw>
<status status="PASS" start="2024-05-28T16:20:26.895288" elapsed="8.914803"/>
</kw>
<kw name="Click the login in button" owner="GenericResources">
<kw name="Click Element" owner="SeleniumLibrary">
<msg time="2024-05-28T16:20:35.812045" level="INFO">Clicking element 'xpath://ul[@class="top-right"]//a'.</msg>
<arg>${login_button}</arg>
<doc>Click the element identified by ``locator``.</doc>
<status status="PASS" start="2024-05-28T16:20:35.811591" elapsed="2.448334"/>
</kw>
<status status="PASS" start="2024-05-28T16:20:35.810594" elapsed="2.449331"/>
</kw>
<kw name="Click the admin login button" owner="LoginResources">
<kw name="Click Link" owner="SeleniumLibrary">
<msg time="2024-05-28T16:20:38.261371" level="INFO">Clicking link 'xpath://i[@class="fa fa-user"]//parent::a'.</msg>
<arg>${admin_login_button}</arg>
<doc>Clicks a link identified by ``locator``.</doc>
<status status="PASS" start="2024-05-28T16:20:38.260933" elapsed="0.285867"/>
</kw>
<kw name="Switch Window" owner="SeleniumLibrary">
<arg>new</arg>
<doc>Switches to browser window matching ``locator``.</doc>
<status status="PASS" start="2024-05-28T16:20:38.547812" elapsed="0.024376"/>
</kw>
<status status="PASS" start="2024-05-28T16:20:38.259925" elapsed="0.312263"/>
</kw>
<kw name="Click the signin button" owner="LoginResources">
<kw name="Click Button" owner="SeleniumLibrary">
<msg time="2024-05-28T16:20:38.573200" level="INFO">Clicking button 'css:button[class='btn']'.</msg>
<arg>${signin_button}</arg>
<doc>Clicks the button identified by ``locator``.</doc>
<status status="PASS" start="2024-05-28T16:20:38.573200" elapsed="1.570581"/>
</kw>
<status status="PASS" start="2024-05-28T16:20:38.572684" elapsed="1.571097"/>
</kw>
<kw name="Verify the unsuccessfull login with blank credentials" owner="LoginResources">
<kw name="Element Text Should Be" owner="SeleniumLibrary">
<msg time="2024-05-28T16:20:40.145804" level="INFO">Verifying element 'css:input[name='username']+span&gt;p' contains exact text 'The Username field is required.'.</msg>
<arg>${required_username_message}</arg>
<arg>The Username field is required.</arg>
<doc>Verifies that element ``locator`` contains exact the text ``expected``.</doc>
<status status="PASS" start="2024-05-28T16:20:40.144805" elapsed="0.065840"/>
</kw>
<kw name="Element Text Should Be" owner="SeleniumLibrary">
<msg time="2024-05-28T16:20:40.211388" level="INFO">Verifying element 'css:input[name='password']+span&gt;p' contains exact text 'The Password field is required.'.</msg>
<arg>${required_password_message}</arg>
<arg>The Password field is required.</arg>
<doc>Verifies that element ``locator`` contains exact the text ``expected``.</doc>
<status status="PASS" start="2024-05-28T16:20:40.211145" elapsed="0.036639"/>
</kw>
<status status="PASS" start="2024-05-28T16:20:40.143781" elapsed="0.105014"/>
</kw>
<kw name="Close the browser" owner="GenericResources" type="TEARDOWN">
<kw name="Close Browser" owner="SeleniumLibrary">
<doc>Closes the current browser.</doc>
<status status="PASS" start="2024-05-28T16:20:40.250202" elapsed="3.851135"/>
</kw>
<status status="PASS" start="2024-05-28T16:20:40.248795" elapsed="3.852710"/>
</kw>
<status status="PASS" start="2024-05-28T16:20:26.894464" elapsed="17.207218"/>
</test>
<test id="s1-s1-t4" name="Unsucessfull doctor login with blank username" line="28">
<kw name="Open the browser with url" owner="GenericResources" type="SETUP">
<kw name="Create Webdriver" owner="SeleniumLibrary">
<msg time="2024-05-28T16:20:44.103549" level="INFO">Creating an instance of the Chrome WebDriver.</msg>
<arg>Chrome</arg>
<doc>Creates an instance of Selenium WebDriver.</doc>
<status status="PASS" start="2024-05-28T16:20:44.103549" elapsed="3.009362"/>
</kw>
<kw name="Go To" owner="SeleniumLibrary">
<msg time="2024-05-28T16:20:47.112911" level="INFO">Opening url 'https://demo.smart-hospital.in/'</msg>
<arg>${url}</arg>
<doc>Navigates the current browser window to the provided ``url``.</doc>
<status status="PASS" start="2024-05-28T16:20:47.112911" elapsed="2.764347"/>
</kw>
<kw name="Maximize Browser Window" owner="SeleniumLibrary">
<doc>Maximizes current browser window.</doc>
<status status="PASS" start="2024-05-28T16:20:49.877258" elapsed="0.060534"/>
</kw>
<kw name="Set Selenium Implicit Wait" owner="SeleniumLibrary">
<arg>5</arg>
<doc>Sets the implicit wait value used by Selenium.</doc>
<status status="PASS" start="2024-05-28T16:20:49.937914" elapsed="0.003167"/>
</kw>
<status status="PASS" start="2024-05-28T16:20:44.102533" elapsed="5.838548"/>
</kw>
<kw name="Click the login in button" owner="GenericResources">
<kw name="Click Element" owner="SeleniumLibrary">
<msg time="2024-05-28T16:20:49.943130" level="INFO">Clicking element 'xpath://ul[@class="top-right"]//a'.</msg>
<arg>${login_button}</arg>
<doc>Click the element identified by ``locator``.</doc>
<status status="PASS" start="2024-05-28T16:20:49.942140" elapsed="1.922414"/>
</kw>
<status status="PASS" start="2024-05-28T16:20:49.941592" elapsed="1.922962"/>
</kw>
<kw name="Fill the login form with login credentials for doctor" owner="LoginResources">
<kw name="Click Link" owner="SeleniumLibrary">
<msg time="2024-05-28T16:20:51.867502" level="INFO">Clicking link 'xpath://i[@class="fa fa-user"]//parent::a'.</msg>
<arg>${admin_login_button}</arg>
<doc>Clicks a link identified by ``locator``.</doc>
<status status="PASS" start="2024-05-28T16:20:51.866803" elapsed="0.390881"/>
</kw>
<kw name="Switch Window" owner="SeleniumLibrary">
<arg>new</arg>
<doc>Switches to browser window matching ``locator``.</doc>
<status status="PASS" start="2024-05-28T16:20:52.257684" elapsed="0.053393"/>
</kw>
<kw name="Input Text" owner="SeleniumLibrary">
<msg time="2024-05-28T16:20:52.312076" level="INFO">Typing text '' into text field 'css:input[name='username']'.</msg>
<arg>${username_field}</arg>
<arg>${username}</arg>
<doc>Types the given ``text`` into the text field identified by ``locator``.</doc>
<status status="PASS" start="2024-05-28T16:20:52.311575" elapsed="1.623565"/>
</kw>
<kw name="Input Password" owner="SeleniumLibrary">
<msg time="2024-05-28T16:20:53.937428" level="INFO">Typing password into text field 'css:input[name='password']'.</msg>
<msg time="2024-05-28T16:20:54.000605" level="INFO">Temporally setting log level to: NONE</msg>
<arg>${password_field}</arg>
<arg>${password}</arg>
<doc>Types the given password into the text field identified by ``locator``.</doc>
<status status="PASS" start="2024-05-28T16:20:53.936427" elapsed="0.151466"/>
</kw>
<kw name="Click Button" owner="SeleniumLibrary">
<msg time="2024-05-28T16:20:54.088393" level="INFO">Clicking button 'css:button[class='btn']'.</msg>
<arg>${signin_button}</arg>
<doc>Clicks the button identified by ``locator``.</doc>
<status status="PASS" start="2024-05-28T16:20:54.088393" elapsed="0.719246"/>
</kw>
<arg>username=</arg>
<arg>password="sdfghj"</arg>
<status status="PASS" start="2024-05-28T16:20:51.865557" elapsed="2.943081"/>
</kw>
<kw name="Verify the unsucessfull login with the blank username" owner="LoginResources">
<kw name="Element Text Should Be" owner="SeleniumLibrary">
<msg time="2024-05-28T16:20:54.809641" level="INFO">Verifying element 'css:input[name='username']+span&gt;p' contains exact text 'The Username field is required.'.</msg>
<arg>${required_username_message}</arg>
<arg>The Username field is required.</arg>
<doc>Verifies that element ``locator`` contains exact the text ``expected``.</doc>
<status status="PASS" start="2024-05-28T16:20:54.809641" elapsed="0.086623"/>
</kw>
<status status="PASS" start="2024-05-28T16:20:54.809141" elapsed="0.087624"/>
</kw>
<kw name="Close the browser" owner="GenericResources" type="TEARDOWN">
<kw name="Close Browser" owner="SeleniumLibrary">
<doc>Closes the current browser.</doc>
<status status="PASS" start="2024-05-28T16:20:54.897760" elapsed="4.401845"/>
</kw>
<status status="PASS" start="2024-05-28T16:20:54.896935" elapsed="4.403657"/>
</kw>
<status status="PASS" start="2024-05-28T16:20:44.101807" elapsed="15.198785"/>
</test>
<test id="s1-s1-t5" name="Unsucessfull doctor login with the blank password" line="33">
<kw name="Open the browser with url" owner="GenericResources" type="SETUP">
<kw name="Create Webdriver" owner="SeleniumLibrary">
<msg time="2024-05-28T16:20:59.303725" level="INFO">Creating an instance of the Chrome WebDriver.</msg>
<arg>Chrome</arg>
<doc>Creates an instance of Selenium WebDriver.</doc>
<status status="PASS" start="2024-05-28T16:20:59.303225" elapsed="5.755771"/>
</kw>
<kw name="Go To" owner="SeleniumLibrary">
<msg time="2024-05-28T16:21:05.060053" level="INFO">Opening url 'https://demo.smart-hospital.in/'</msg>
<arg>${url}</arg>
<doc>Navigates the current browser window to the provided ``url``.</doc>
<status status="PASS" start="2024-05-28T16:21:05.060053" elapsed="3.026226"/>
</kw>
<kw name="Maximize Browser Window" owner="SeleniumLibrary">
<doc>Maximizes current browser window.</doc>
<status status="PASS" start="2024-05-28T16:21:08.086279" elapsed="0.192870"/>
</kw>
<kw name="Set Selenium Implicit Wait" owner="SeleniumLibrary">
<arg>5</arg>
<doc>Sets the implicit wait value used by Selenium.</doc>
<status status="PASS" start="2024-05-28T16:21:08.279650" elapsed="0.011399"/>
</kw>
<status status="PASS" start="2024-05-28T16:20:59.302108" elapsed="8.989148"/>
</kw>
<kw name="Click the login in button" owner="GenericResources">
<kw name="Click Element" owner="SeleniumLibrary">
<msg time="2024-05-28T16:21:08.293449" level="INFO">Clicking element 'xpath://ul[@class="top-right"]//a'.</msg>
<arg>${login_button}</arg>
<doc>Click the element identified by ``locator``.</doc>
<status status="PASS" start="2024-05-28T16:21:08.292878" elapsed="2.163530"/>
</kw>
<status status="PASS" start="2024-05-28T16:21:08.291758" elapsed="2.165151"/>
</kw>
<kw name="Fill the login form with login credentials for doctor" owner="LoginResources">
<kw name="Click Link" owner="SeleniumLibrary">
<msg time="2024-05-28T16:21:10.457907" level="INFO">Clicking link 'xpath://i[@class="fa fa-user"]//parent::a'.</msg>
<arg>${admin_login_button}</arg>
<doc>Clicks a link identified by ``locator``.</doc>
<status status="PASS" start="2024-05-28T16:21:10.457907" elapsed="0.657616"/>
</kw>
<kw name="Switch Window" owner="SeleniumLibrary">
<arg>new</arg>
<doc>Switches to browser window matching ``locator``.</doc>
<status status="PASS" start="2024-05-28T16:21:11.115523" elapsed="0.022980"/>
</kw>
<kw name="Input Text" owner="SeleniumLibrary">
<msg time="2024-05-28T16:21:11.139600" level="INFO">Typing text '"sonia@gmail.com"' into text field 'css:input[name='username']'.</msg>
<arg>${username_field}</arg>
<arg>${username}</arg>
<doc>Types the given ``text`` into the text field identified by ``locator``.</doc>
<status status="PASS" start="2024-05-28T16:21:11.138503" elapsed="1.033841"/>
</kw>
<kw name="Input Password" owner="SeleniumLibrary">
<msg time="2024-05-28T16:21:12.173345" level="INFO">Typing password into text field 'css:input[name='password']'.</msg>
<msg time="2024-05-28T16:21:12.222915" level="INFO">Temporally setting log level to: NONE</msg>
<arg>${password_field}</arg>
<arg>${password}</arg>
<doc>Types the given password into the text field identified by ``locator``.</doc>
<status status="PASS" start="2024-05-28T16:21:12.172344" elapsed="0.117559"/>
</kw>
<kw name="Click Button" owner="SeleniumLibrary">
<msg time="2024-05-28T16:21:12.290973" level="INFO">Clicking button 'css:button[class='btn']'.</msg>
<arg>${signin_button}</arg>
<doc>Clicks the button identified by ``locator``.</doc>
<status status="PASS" start="2024-05-28T16:21:12.289903" elapsed="0.497839"/>
</kw>
<arg>username="sonia@gmail.com"</arg>
<arg>password=</arg>
<status status="PASS" start="2024-05-28T16:21:10.457409" elapsed="2.330645"/>
</kw>
<kw name="Verify the unsucessfull login with the blank password" owner="LoginResources">
<kw name="Element Text Should Be" owner="SeleniumLibrary">
<msg time="2024-05-28T16:21:12.789651" level="INFO">Verifying element 'css:input[name='password']+span&gt;p' contains exact text 'The Password field is required.'.</msg>
<arg>${required_password_message}</arg>
<arg>The Password field is required.</arg>
<doc>Verifies that element ``locator`` contains exact the text ``expected``.</doc>
<status status="PASS" start="2024-05-28T16:21:12.789148" elapsed="0.050848"/>
</kw>
<status status="PASS" start="2024-05-28T16:21:12.788054" elapsed="0.051942"/>
</kw>
<kw name="Close the browser" owner="GenericResources" type="TEARDOWN">
<kw name="Close Browser" owner="SeleniumLibrary">
<doc>Closes the current browser.</doc>
<status status="PASS" start="2024-05-28T16:21:12.841011" elapsed="2.328674"/>
</kw>
<status status="PASS" start="2024-05-28T16:21:12.839996" elapsed="2.329924"/>
</kw>
<status status="PASS" start="2024-05-28T16:20:59.301091" elapsed="15.868829"/>
</test>
<doc>Test case for the invalid doctor login</doc>
<status status="PASS" start="2024-05-28T16:19:46.409505" elapsed="88.760415"/>
</suite>
<status status="PASS" start="2024-05-28T16:19:46.381179" elapsed="88.788741"/>
</suite>
<statistics>
<total>
<stat pass="5" fail="0" skip="0">All Tests</stat>
</total>
<tag>
</tag>
<suite>
<stat pass="5" fail="0" skip="0" id="s1" name="TestCases">TestCases</stat>
<stat pass="5" fail="0" skip="0" id="s1-s1" name="Test Invalid Doctorlogin">TestCases.Test Invalid Doctorlogin</stat>
</suite>
</statistics>
<errors>
</errors>
</robot>
