<?xml version="1.0" encoding="UTF-8"?>
<robot generator="Robot 7.0 (Python 3.12.2 on win32)" generated="2024-05-28T16:22:57.271390" rpa="false" schemaversion="5">
<suite id="s1" name="TestCases" source="C:\Users\91989\Desktop\New folder\Pilot_Project_Smart_hospital_Team3\TestCases">
<suite id="s1-s1" name="Test appointment history" source="C:\Users\91989\Desktop\New folder\Pilot_Project_Smart_hospital_Team3\TestCases\Test_appointment_history.robot">
<test id="s1-s1-t1" name="validate appointment history" line="13">
<kw name="Open the browser with url" owner="GenericResources" type="SETUP">
<kw name="Create Webdriver" owner="SeleniumLibrary">
<msg time="2024-05-28T16:22:57.731151" level="INFO">Creating an instance of the Chrome WebDriver.</msg>
<arg>Chrome</arg>
<doc>Creates an instance of Selenium WebDriver.</doc>
<status status="PASS" start="2024-05-28T16:22:57.731151" elapsed="6.892804"/>
</kw>
<kw name="Go To" owner="SeleniumLibrary">
<msg time="2024-05-28T16:23:04.625338" level="INFO">Opening url 'https://demo.smart-hospital.in/'</msg>
<arg>${url}</arg>
<doc>Navigates the current browser window to the provided ``url``.</doc>
<status status="PASS" start="2024-05-28T16:23:04.624839" elapsed="2.666317"/>
</kw>
<kw name="Maximize Browser Window" owner="SeleniumLibrary">
<doc>Maximizes current browser window.</doc>
<status status="PASS" start="2024-05-28T16:23:07.292020" elapsed="0.093493"/>
</kw>
<kw name="Set Selenium Implicit Wait" owner="SeleniumLibrary">
<arg>5</arg>
<doc>Sets the implicit wait value used by Selenium.</doc>
<status status="PASS" start="2024-05-28T16:23:07.386529" elapsed="0.002455"/>
</kw>
<status status="PASS" start="2024-05-28T16:22:57.729147" elapsed="9.659837"/>
</kw>
<kw name="click the log in button" owner="GenericResources">
<kw name="Click Element" owner="SeleniumLibrary">
<msg time="2024-05-28T16:23:07.391561" level="INFO">Clicking element 'xpath://ul[@class="top-right"]//a'.</msg>
<arg>${login_button}</arg>
<doc>Click the element identified by ``locator``.</doc>
<status status="PASS" start="2024-05-28T16:23:07.390295" elapsed="1.974660"/>
</kw>
<status status="PASS" start="2024-05-28T16:23:07.389692" elapsed="1.975760"/>
</kw>
<kw name="Click the signin button" owner="LoginResources">
<kw name="Click Button" owner="SeleniumLibrary">
<msg time="2024-05-28T16:23:09.368260" level="INFO">Clicking button 'css:button[class='btn']'.</msg>
<arg>${signin_button}</arg>
<doc>Clicks the button identified by ``locator``.</doc>
<status status="PASS" start="2024-05-28T16:23:09.367353" elapsed="6.324835"/>
</kw>
<status status="PASS" start="2024-05-28T16:23:09.365950" elapsed="6.326238"/>
</kw>
<kw name="click the my appointment button" owner="UserResources">
<kw name="Wait Until Element Is Visible" owner="SeleniumLibrary">
<arg>${My_appointment_button}</arg>
<doc>Waits until the element ``locator`` is visible.</doc>
<status status="PASS" start="2024-05-28T16:23:15.693560" elapsed="0.043647"/>
</kw>
<kw name="Click Element" owner="SeleniumLibrary">
<msg time="2024-05-28T16:23:15.738247" level="INFO">Clicking element 'css:i[class='fas fa-hospital-alt']'.</msg>
<arg>${My_appointment_button}</arg>
<doc>Click the element identified by ``locator``.</doc>
<status status="PASS" start="2024-05-28T16:23:15.737708" elapsed="1.176303"/>
</kw>
<status status="PASS" start="2024-05-28T16:23:15.692521" elapsed="1.221490"/>
</kw>
<kw name="Collect and count list of history" owner="UserResources">
<kw name="Set Variable" owner="BuiltIn">
<msg time="2024-05-28T16:23:16.916160" level="INFO">${table_xpath} = //div[@id='DataTables_Table_0_wrapper']//table</msg>
<var>${table_xpath}</var>
<arg>//div[@id='DataTables_Table_0_wrapper']//table</arg>
<doc>Returns the given values which can then be assigned to a variables.</doc>
<status status="PASS" start="2024-05-28T16:23:16.915609" elapsed="0.000551"/>
</kw>
<kw name="Run Keyword And Return Status" owner="BuiltIn">
<kw name="Wait Until Element Is Visible" owner="SeleniumLibrary">
<arg>${table_xpath}</arg>
<arg>timeout=${timeout}</arg>
<doc>Waits until the element ``locator`` is visible.</doc>
<status status="PASS" start="2024-05-28T16:23:16.916935" elapsed="0.028085"/>
</kw>
<msg time="2024-05-28T16:23:16.945553" level="INFO">${table_visible} = True</msg>
<var>${table_visible}</var>
<arg>Wait Until Element Is Visible</arg>
<arg>${table_xpath}</arg>
<arg>timeout=${timeout}</arg>
<doc>Runs the given keyword with given arguments and returns the status as a Boolean value.</doc>
<status status="PASS" start="2024-05-28T16:23:16.916503" elapsed="0.029050"/>
</kw>
<kw name="Run Keyword If" owner="BuiltIn">
<arg>not ${table_visible}</arg>
<arg>Fail</arg>
<arg>Element '${table_xpath}' not visible after ${timeout}</arg>
<doc>Runs the given keyword with the given arguments, if ``condition`` is true.</doc>
<status status="PASS" start="2024-05-28T16:23:16.945553" elapsed="0.000000"/>
</kw>
<kw name="Get WebElements" owner="SeleniumLibrary">
<msg time="2024-05-28T16:23:16.957993" level="INFO">${rows} = [&lt;selenium.webdriver.remote.webelement.WebElement (session="3dd81423018408de867005ac4119d590", element="f.6D5EBB4723F0617F5D00EED128D44705.d.A161E61FEF35E283FCEC1C4F9623B092.e.130")&gt;, &lt;selenium.webdri...</msg>
<var>${rows}</var>
<arg>${table_xpath}//tbody//tr</arg>
<doc>Returns a list of WebElement objects matching the ``locator``.</doc>
<status status="PASS" start="2024-05-28T16:23:16.945553" elapsed="0.012440"/>
</kw>
<kw name="Create List" owner="BuiltIn">
<msg time="2024-05-28T16:23:16.959220" level="INFO">${table_data} = []</msg>
<var>${table_data}</var>
<doc>Returns a list containing given items.</doc>
<status status="PASS" start="2024-05-28T16:23:16.957993" elapsed="0.001227"/>
</kw>
<for flavor="IN">
<iter>
<kw name="Get WebElements" owner="SeleniumLibrary">
<msg time="2024-05-28T16:23:21.995086" level="INFO">${cols} = []</msg>
<var>${cols}</var>
<arg>${row}//td</arg>
<doc>Returns a list of WebElement objects matching the ``locator``.</doc>
<status status="PASS" start="2024-05-28T16:23:16.960743" elapsed="5.034343"/>
</kw>
<kw name="Create List" owner="BuiltIn">
<msg time="2024-05-28T16:23:21.995086" level="INFO">${row_data} = []</msg>
<var>${row_data}</var>
<doc>Returns a list containing given items.</doc>
<status status="PASS" start="2024-05-28T16:23:21.995086" elapsed="0.000000"/>
</kw>
<for flavor="IN">
<iter>
<kw name="Get Text" owner="SeleniumLibrary">
<var>${cell_text}</var>
<arg>${col}</arg>
<doc>Returns the text value of the element identified by ``locator``.</doc>
<status status="NOT RUN" start="2024-05-28T16:23:21.995086" elapsed="0.000000"/>
</kw>
<kw name="Append To List" owner="Collections">
<arg>${row_data}</arg>
<arg>${cell_text}</arg>
<doc>Adds ``values`` to the end of ``list``.</doc>
<status status="NOT RUN" start="2024-05-28T16:23:21.995086" elapsed="0.000000"/>
</kw>
<var name="${col}"/>
<status status="NOT RUN" start="2024-05-28T16:23:21.995086" elapsed="0.000000"/>
</iter>
<var>${col}</var>
<value>@{cols}</value>
<status status="NOT RUN" start="2024-05-28T16:23:21.995086" elapsed="0.000000"/>
</for>
<kw name="Append To List" owner="Collections">
<arg>${table_data}</arg>
<arg>${row_data}</arg>
<doc>Adds ``values`` to the end of ``list``.</doc>
<status status="PASS" start="2024-05-28T16:23:21.995086" elapsed="0.000000"/>
</kw>
<var name="${row}">&lt;selenium.webdriver.remote.webelement.WebElement (session="3dd81423018408de867005ac4119d590", element="f.6D5EBB4723F0617F5D00EED128D44705.d.A161E61FEF35E283FCEC1C4F9623B092.e.130")&gt;</var>
<status status="PASS" start="2024-05-28T16:23:16.960743" elapsed="5.034343"/>
</iter>
<iter>
<kw name="Get WebElements" owner="SeleniumLibrary">
<msg time="2024-05-28T16:23:27.101633" level="INFO">${cols} = []</msg>
<var>${cols}</var>
<arg>${row}//td</arg>
<doc>Returns a list of WebElement objects matching the ``locator``.</doc>
<status status="PASS" start="2024-05-28T16:23:21.995086" elapsed="5.106547"/>
</kw>
<kw name="Create List" owner="BuiltIn">
