<?xml version="1.0" encoding="UTF-8"?>
<robot generator="Robot 7.0 (Python 3.12.2 on win32)" generated="2024-05-28T16:22:15.362872" rpa="false" schemaversion="5">
<suite id="s1" name="TestCases" source="C:\Users\91989\Desktop\New folder\Pilot_Project_Smart_hospital_Team3\TestCases">
<suite id="s1-s1" name="Test add valid birth record" source="C:\Users\91989\Desktop\New folder\Pilot_Project_Smart_hospital_Team3\TestCases\Test_add_valid_birth_record.robot">
<test id="s1-s1-t1" name="Login test template" line="22">
<kw name="Open the browser with url" owner="GenericResources" type="SETUP">
<kw name="Create Webdriver" owner="SeleniumLibrary">
<msg time="2024-05-28T16:22:17.823550" level="INFO">Creating an instance of the Chrome WebDriver.</msg>
<arg>Chrome</arg>
<doc>Creates an instance of Selenium WebDriver.</doc>
<status status="PASS" start="2024-05-28T16:22:17.822550" elapsed="6.742289"/>
</kw>
<kw name="Go To" owner="SeleniumLibrary">
<msg time="2024-05-28T16:22:24.565829" level="INFO">Opening url 'https://demo.smart-hospital.in/'</msg>
<arg>${url}</arg>
<doc>Navigates the current browser window to the provided ``url``.</doc>
<status status="PASS" start="2024-05-28T16:22:24.565341" elapsed="1.891192"/>
</kw>
<kw name="Maximize Browser Window" owner="SeleniumLibrary">
<doc>Maximizes current browser window.</doc>
<status status="PASS" start="2024-05-28T16:22:26.456533" elapsed="2.513519"/>
</kw>
<kw name="Set Selenium Implicit Wait" owner="SeleniumLibrary">
<arg>5</arg>
<doc>Sets the implicit wait value used by Selenium.</doc>
<status status="PASS" start="2024-05-28T16:22:28.970553" elapsed="0.001736"/>
</kw>
<status status="PASS" start="2024-05-28T16:22:17.821550" elapsed="11.150739"/>
</kw>
<kw name="validate add birth record">
<kw name="click the log in button" owner="GenericResources">
<kw name="Click Element" owner="SeleniumLibrary">
<msg time="2024-05-28T16:22:28.975643" level="INFO">Clicking element 'xpath://ul[@class="top-right"]//a'.</msg>
<arg>${login_button}</arg>
<doc>Click the element identified by ``locator``.</doc>
<status status="PASS" start="2024-05-28T16:22:28.974588" elapsed="1.935884"/>
</kw>
<status status="PASS" start="2024-05-28T16:22:28.973299" elapsed="1.937173"/>
</kw>
<kw name="click the admin login" owner="LoginResources">
<kw name="Click Element" owner="SeleniumLibrary">
<msg time="2024-05-28T16:22:30.913082" level="INFO">Clicking element 'xpath:(//a[@class='forgot pull-right'])[1]'.</msg>
<arg>${admin_login}</arg>
<doc>Click the element identified by ``locator``.</doc>
<status status="PASS" start="2024-05-28T16:22:30.911993" elapsed="0.432170"/>
</kw>
<status status="PASS" start="2024-05-28T16:22:30.910974" elapsed="0.433189"/>
</kw>
<kw name="Switch Window" owner="SeleniumLibrary">
<arg>new</arg>
<doc>Switches to browser window matching ``locator``.</doc>
<status status="PASS" start="2024-05-28T16:22:31.345200" elapsed="0.023985"/>
</kw>
<kw name="click the doctor button" owner="LoginResources">
<kw name="Click Element" owner="SeleniumLibrary">
<msg time="2024-05-28T16:22:31.371227" level="INFO">Clicking element 'xpath:(//a[@class='btn btn-primary width100'])[2]'.</msg>
<arg>${doctor_button}</arg>
<doc>Click the element identified by ``locator``.</doc>
<status status="PASS" start="2024-05-28T16:22:31.370713" elapsed="1.615958"/>
</kw>
<status status="PASS" start="2024-05-28T16:22:31.369684" elapsed="1.616987"/>
</kw>
<kw name="Click the signin button" owner="LoginResources">
<kw name="Click Button" owner="SeleniumLibrary">
<msg time="2024-05-28T16:22:32.989416" level="INFO">Clicking button 'css:button[class='btn']'.</msg>
<arg>${signin_button}</arg>
<doc>Clicks the button identified by ``locator``.</doc>
<status status="PASS" start="2024-05-28T16:22:32.988028" elapsed="7.648529"/>
</kw>
<status status="PASS" start="2024-05-28T16:22:32.987475" elapsed="7.650081"/>
</kw>
<kw name="click birth record and death record" owner="DoctorResources">
<kw name="Click Element" owner="SeleniumLibrary">
<msg time="2024-05-28T16:22:40.639556" level="INFO">Clicking element 'xpath://a/i[@class='fa fa-birthday-cake']'.</msg>
<arg>${birth_record_death_record}</arg>
<doc>Click the element identified by ``locator``.</doc>
<status status="PASS" start="2024-05-28T16:22:40.638556" elapsed="0.917622"/>
</kw>
<status status="PASS" start="2024-05-28T16:22:40.637556" elapsed="0.918622"/>
</kw>
<kw name="click birth record" owner="DoctorResources">
<kw name="Click Element" owner="SeleniumLibrary">
<msg time="2024-05-28T16:22:41.557877" level="INFO">Clicking element 'xpath://a[text()= ' Birth Record ']'.</msg>
<msg time="2024-05-28T16:22:47.055658" level="INFO" html="true">&lt;/td&gt;&lt;/tr&gt;&lt;tr&gt;&lt;td colspan="3"&gt;&lt;a href="selenium-screenshot-1.png"&gt;&lt;img src="selenium-screenshot-1.png" width="800px"&gt;&lt;/a&gt;</msg>
<msg time="2024-05-28T16:22:47.056667" level="FAIL">Element with locator 'xpath://a[text()= ' Birth Record ']' not found.</msg>
<arg>${birth_record}</arg>
<doc>Click the element identified by ``locator``.</doc>
<status status="FAIL" start="2024-05-28T16:22:41.557114" elapsed="5.507409">Element with locator 'xpath://a[text()= ' Birth Record ']' not found.</status>
</kw>
<status status="FAIL" start="2024-05-28T16:22:41.556681" elapsed="5.509334">Element with locator 'xpath://a[text()= ' Birth Record ']' not found.</status>
</kw>
<kw name="click add birth record" owner="DoctorResources">
<status status="NOT RUN" start="2024-05-28T16:22:47.066520" elapsed="0.000514"/>
</kw>
<kw name="fill the birth record form" owner="DoctorResources">
<arg>${Cname}</arg>
<arg>${weight}</arg>
<arg>${birthDate}</arg>
<arg>${Contact}</arg>
<arg>${Address}</arg>
<arg>${CaseId}</arg>
<arg>${FathersName}</arg>
<arg>${birthReports}</arg>
<status status="NOT RUN" start="2024-05-28T16:22:47.067329" elapsed="0.000000"/>
</kw>
<arg>Cname=dinesh</arg>
<arg>weight=4</arg>
<arg>birthDate=2024-08-22 00:00:00</arg>
<arg>Contact=934265622</arg>
<arg>Address=Salem</arg>
<arg>CaseId=3704</arg>
<arg>FathersName=karmegam</arg>
<arg>birthReports=baby uis fine</arg>
<status status="FAIL" start="2024-05-28T16:22:28.972289" elapsed="18.095741">Element with locator 'xpath://a[text()= ' Birth Record ']' not found.</status>
</kw>
<kw name="Close the browser" owner="GenericResources" type="TEARDOWN">
<kw name="Close Browser" owner="SeleniumLibrary">
<doc>Closes the current browser.</doc>
<status status="PASS" start="2024-05-28T16:22:47.069047" elapsed="4.757922"/>
</kw>
<status status="PASS" start="2024-05-28T16:22:47.068546" elapsed="4.758423"/>
</kw>
<status status="FAIL" start="2024-05-28T16:22:17.806968" elapsed="34.020001">Element with locator 'xpath://a[text()= ' Birth Record ']' not found.</status>
</test>
<doc>To validate the Login form</doc>
<status status="FAIL" start="2024-05-28T16:22:15.704138" elapsed="36.122831"/>
</suite>
<status status="FAIL" start="2024-05-28T16:22:15.675260" elapsed="36.151709"/>
</suite>
<statistics>
<total>
<stat pass="0" fail="1" skip="0">All Tests</stat>
</total>
<tag>
</tag>
<suite>
<stat pass="0" fail="1" skip="0" id="s1" name="TestCases">TestCases</stat>
<stat pass="0" fail="1" skip="0" id="s1-s1" name="Test add valid birth record">TestCases.Test add valid birth record</stat>
</suite>
</statistics>
<errors>
</errors>
</robot>
