<?xml version="1.0" encoding="UTF-8"?>
<robot generator="Robot 7.0 (Python 3.12.2 on win32)" generated="2024-05-28T16:22:57.409764" rpa="false" schemaversion="5">
<suite id="s1" name="TestCases" source="C:\Users\91989\Desktop\New folder\Pilot_Project_Smart_hospital_Team3\TestCases">
<suite id="s1-s1" name="Test invalid admin login" source="C:\Users\91989\Desktop\New folder\Pilot_Project_Smart_hospital_Team3\TestCases\Test_invalid_admin_login.robot">
<test id="s1-s1-t1" name="To validate invalid login of admin" line="18">
<kw name="Open the browser with url" owner="GenericResources" type="SETUP">
<kw name="Create Webdriver" owner="SeleniumLibrary">
<msg time="2024-05-28T16:22:59.791866" level="INFO">Creating an instance of the Chrome WebDriver.</msg>
<arg>Chrome</arg>
<doc>Creates an instance of Selenium WebDriver.</doc>
<status status="PASS" start="2024-05-28T16:22:59.791866" elapsed="5.316784"/>
</kw>
<kw name="Go To" owner="SeleniumLibrary">
<msg time="2024-05-28T16:23:05.109194" level="INFO">Opening url 'https://demo.smart-hospital.in/'</msg>
<arg>${url}</arg>
<doc>Navigates the current browser window to the provided ``url``.</doc>
<status status="PASS" start="2024-05-28T16:23:05.109194" elapsed="0.613175"/>
</kw>
<kw name="Maximize Browser Window" owner="SeleniumLibrary">
<doc>Maximizes current browser window.</doc>
<status status="PASS" start="2024-05-28T16:23:05.722870" elapsed="2.653356"/>
</kw>
<kw name="Set Selenium Implicit Wait" owner="SeleniumLibrary">
<arg>5</arg>
<doc>Sets the implicit wait value used by Selenium.</doc>
<status status="PASS" start="2024-05-28T16:23:08.376455" elapsed="0.003878"/>
</kw>
<status status="PASS" start="2024-05-28T16:22:59.791366" elapsed="8.589465"/>
</kw>
<kw name="To validate invalid login of admin">
<kw name="Go to user login" owner="LoginResources">
<kw name="Click Link" owner="SeleniumLibrary">
<msg time="2024-05-28T16:23:08.383836" level="INFO">Clicking link 'xpath://i[@class="fa fa-user"]//parent::a'.</msg>
<arg>${User_login_button}</arg>
<doc>Clicks a link identified by ``locator``.</doc>
<status status="PASS" start="2024-05-28T16:23:08.382836" elapsed="2.190156"/>
</kw>
<status status="PASS" start="2024-05-28T16:23:08.382171" elapsed="2.190821"/>
</kw>
<kw name="Go to admin page" owner="LoginResources">
<kw name="Click Link" owner="SeleniumLibrary">
<msg time="2024-05-28T16:23:10.574869" level="INFO">Clicking link '//a[text()=" Admin Login"]'.</msg>
<arg>${admin_login_page_btn}</arg>
<doc>Clicks a link identified by ``locator``.</doc>
<status status="PASS" start="2024-05-28T16:23:10.574362" elapsed="0.998622"/>
</kw>
<status status="PASS" start="2024-05-28T16:23:10.572992" elapsed="1.000491"/>
</kw>
<kw name="Switch Window" owner="SeleniumLibrary">
<arg>new</arg>
<doc>Switches to browser window matching ``locator``.</doc>
<status status="PASS" start="2024-05-28T16:23:11.573483" elapsed="0.042103"/>
</kw>
<kw name="Log" owner="BuiltIn">
<msg time="2024-05-28T16:23:11.616522" level="INFO">Admin page Opened</msg>
<arg>Admin page Opened</arg>
<doc>Logs the given message with the given level.</doc>
<status status="PASS" start="2024-05-28T16:23:11.616128" elapsed="0.000394"/>
</kw>
<kw name="Fill the login form" owner="LoginResources">
<kw name="Input Text" owner="SeleniumLibrary">
<msg time="2024-05-28T16:23:11.618880" level="INFO">Typing text 'jasson@gmail.com' into text field 'css:input[name='username']'.</msg>
<arg>${username_field}</arg>
<arg>${username}</arg>
<doc>Types the given ``text`` into the text field identified by ``locator``.</doc>
<status status="PASS" start="2024-05-28T16:23:11.618278" elapsed="1.332895"/>
</kw>
<kw name="Input Password" owner="SeleniumLibrary">
<msg time="2024-05-28T16:23:12.952275" level="INFO">Typing password into text field 'css:input[name='password']'.</msg>
<msg time="2024-05-28T16:23:13.034864" level="INFO">Temporally setting log level to: NONE</msg>
<arg>${password_field}</arg>
<arg>${password}</arg>
<doc>Types the given password into the text field identified by ``locator``.</doc>
<status status="PASS" start="2024-05-28T16:23:12.951229" elapsed="0.449815"/>
</kw>
<kw name="Click Button" owner="SeleniumLibrary">
<msg time="2024-05-28T16:23:13.402052" level="INFO">Clicking button 'css:button[class='btn']'.</msg>
<arg>${signin_button}</arg>
<doc>Clicks the button identified by ``locator``.</doc>
<status status="PASS" start="2024-05-28T16:23:13.401044" elapsed="1.401936"/>
</kw>
<arg>${username}</arg>
<arg>${password}</arg>
<status status="PASS" start="2024-05-28T16:23:11.617277" elapsed="3.186191"/>
</kw>
<arg>username=jasson@gmail.com</arg>
<arg>password=Password</arg>
<status status="PASS" start="2024-05-28T16:23:08.380831" elapsed="6.422637"/>
</kw>
<kw name="Close the browser" owner="GenericResources" type="TEARDOWN">
<kw name="Close Browser" owner="SeleniumLibrary">
<doc>Closes the current browser.</doc>
<status status="PASS" start="2024-05-28T16:23:14.805110" elapsed="4.103870"/>
</kw>
<status status="PASS" start="2024-05-28T16:23:14.803968" elapsed="4.105012"/>
</kw>
<doc>To verify search results of patient list</doc>
<tag>confirmation</tag>
<status status="PASS" start="2024-05-28T16:22:59.777727" elapsed="19.131253"/>
</test>
<test id="s1-s1-t2" name="To validate invalid login of admin" line="18">
<kw name="Open the browser with url" owner="GenericResources" type="SETUP">
<kw name="Create Webdriver" owner="SeleniumLibrary">
<msg time="2024-05-28T16:23:18.916019" level="INFO">Creating an instance of the Chrome WebDriver.</msg>
<arg>Chrome</arg>
<doc>Creates an instance of Selenium WebDriver.</doc>
<status status="PASS" start="2024-05-28T16:23:18.915517" elapsed="3.775810"/>
</kw>
<kw name="Go To" owner="SeleniumLibrary">
<msg time="2024-05-28T16:23:22.692392" level="INFO">Opening url 'https://demo.smart-hospital.in/'</msg>
<arg>${url}</arg>
<doc>Navigates the current browser window to the provided ``url``.</doc>
<status status="PASS" start="2024-05-28T16:23:22.691827" elapsed="3.662617"/>
</kw>
<kw name="Maximize Browser Window" owner="SeleniumLibrary">
<doc>Maximizes current browser window.</doc>
<status status="PASS" start="2024-05-28T16:23:26.354444" elapsed="0.320757"/>
</kw>
<kw name="Set Selenium Implicit Wait" owner="SeleniumLibrary">
<arg>5</arg>
<doc>Sets the implicit wait value used by Selenium.</doc>
<status status="PASS" start="2024-05-28T16:23:26.675201" elapsed="0.030874"/>
</kw>
<status status="PASS" start="2024-05-28T16:23:18.914620" elapsed="7.791632"/>
</kw>
<kw name="To validate invalid login of admin">
<kw name="Go to user login" owner="LoginResources">
<kw name="Click Link" owner="SeleniumLibrary">
<msg time="2024-05-28T16:23:26.708747" level="INFO">Clicking link 'xpath://i[@class="fa fa-user"]//parent::a'.</msg>
<arg>${User_login_button}</arg>
<doc>Clicks a link identified by ``locator``.</doc>
<status status="PASS" start="2024-05-28T16:23:26.708002" elapsed="3.789967"/>
</kw>
<status status="PASS" start="2024-05-28T16:23:26.707034" elapsed="3.790935"/>
</kw>
<kw name="Go to admin page" owner="LoginResources">
<kw name="Click Link" owner="SeleniumLibrary">
<msg time="2024-05-28T16:23:30.499588" level="INFO">Clicking link '//a[text()=" Admin Login"]'.</msg>
<arg>${admin_login_page_btn}</arg>
<doc>Clicks a link identified by ``locator``.</doc>
<status status="PASS" start="2024-05-28T16:23:30.499089" elapsed="0.659254"/>
</kw>
<status status="PASS" start="2024-05-28T16:23:30.497969" elapsed="0.660882"/>
</kw>
<kw name="Switch Window" owner="SeleniumLibrary">
<arg>new</arg>
<doc>Switches to browser window matching ``locator``.</doc>
<status status="PASS" start="2024-05-28T16:23:31.159583" elapsed="0.013493"/>
</kw>
<kw name="Log" owner="BuiltIn">
<msg time="2024-05-28T16:23:31.174680" level="INFO">Admin page Opened</msg>
<arg>Admin page Opened</arg>
<doc>Logs the given message with the given level.</doc>
<status status="PASS" start="2024-05-28T16:23:31.173958" elapsed="0.000722"/>
</kw>
<kw name="Fill the login form" owner="LoginResources">
