<?xml version="1.0" encoding="UTF-8"?>
<robot generator="Robot 7.0 (Python 3.12.2 on win32)" generated="2024-05-28T16:20:44.878550" rpa="false" schemaversion="5">
<suite id="s1" name="TestCases" source="C:\Users\91989\Desktop\New folder\Pilot_Project_Smart_hospital_Team3\TestCases">
<suite id="s1-s1" name="Test Invalid user appointment" source="C:\Users\91989\Desktop\New folder\Pilot_Project_Smart_hospital_Team3\TestCases\Test_Invalid_user_appointment.robot">
<test id="s1-s1-t1" name="Invaliduser appointment" line="18">
<kw name="Open the browser with url" owner="GenericResources" type="SETUP">
<kw name="Create Webdriver" owner="SeleniumLibrary">
<msg time="2024-05-28T16:20:46.025570" level="INFO">Creating an instance of the Chrome WebDriver.</msg>
<arg>Chrome</arg>
<doc>Creates an instance of Selenium WebDriver.</doc>
<status status="PASS" start="2024-05-28T16:20:46.025570" elapsed="2.877036"/>
</kw>
<kw name="Go To" owner="SeleniumLibrary">
<msg time="2024-05-28T16:20:48.903106" level="INFO">Opening url 'https://demo.smart-hospital.in/'</msg>
<arg>${url}</arg>
<doc>Navigates the current browser window to the provided ``url``.</doc>
<status status="PASS" start="2024-05-28T16:20:48.903106" elapsed="0.759336"/>
</kw>
<kw name="Maximize Browser Window" owner="SeleniumLibrary">
<doc>Maximizes current browser window.</doc>
<status status="PASS" start="2024-05-28T16:20:49.663008" elapsed="3.359033"/>
</kw>
<kw name="Set Selenium Implicit Wait" owner="SeleniumLibrary">
<arg>5</arg>
<doc>Sets the implicit wait value used by Selenium.</doc>
<status status="PASS" start="2024-05-28T16:20:53.023051" elapsed="0.006422"/>
</kw>
<status status="PASS" start="2024-05-28T16:20:46.022742" elapsed="7.006731"/>
</kw>
<kw name="validate Invalid user apointment">
<kw name="click the log in button" owner="GenericResources">
<kw name="Click Element" owner="SeleniumLibrary">
<msg time="2024-05-28T16:20:53.036516" level="INFO">Clicking element 'xpath://ul[@class="top-right"]//a'.</msg>
<arg>${login_button}</arg>
<doc>Click the element identified by ``locator``.</doc>
<status status="PASS" start="2024-05-28T16:20:53.036516" elapsed="3.158817"/>
</kw>
<status status="PASS" start="2024-05-28T16:20:53.030985" elapsed="3.164590"/>
</kw>
<kw name="Click the signin button" owner="LoginResources">
<kw name="Click Button" owner="SeleniumLibrary">
<msg time="2024-05-28T16:20:56.197227" level="INFO">Clicking button 'css:button[class='btn']'.</msg>
<arg>${signin_button}</arg>
<doc>Clicks the button identified by ``locator``.</doc>
<status status="PASS" start="2024-05-28T16:20:56.196726" elapsed="4.260971"/>
</kw>
<status status="PASS" start="2024-05-28T16:20:56.196102" elapsed="4.261595"/>
</kw>
<kw name="click the my appointment button" owner="UserResources">
<kw name="Wait Until Element Is Visible" owner="SeleniumLibrary">
<arg>${My_appointment_button}</arg>
<doc>Waits until the element ``locator`` is visible.</doc>
<status status="PASS" start="2024-05-28T16:21:00.459200" elapsed="0.048291"/>
</kw>
<kw name="Click Element" owner="SeleniumLibrary">
<msg time="2024-05-28T16:21:00.508854" level="INFO">Clicking element 'css:i[class='fas fa-hospital-alt']'.</msg>
<arg>${My_appointment_button}</arg>
<doc>Click the element identified by ``locator``.</doc>
<status status="PASS" start="2024-05-28T16:21:00.508133" elapsed="1.292701"/>
</kw>
<status status="PASS" start="2024-05-28T16:21:00.458372" elapsed="1.342462"/>
</kw>
<kw name="Fill the user apointment form" owner="UserResources">
<kw name="Click Element" owner="SeleniumLibrary">
<msg time="2024-05-28T16:21:01.802833" level="INFO">Clicking element 'css:a[class='btn btn-primary btn-sm']'.</msg>
<arg>${Add_appointment}</arg>
<doc>Click the element identified by ``locator``.</doc>
<status status="PASS" start="2024-05-28T16:21:01.801835" elapsed="0.241090"/>
</kw>
<kw name="Input Text" owner="SeleniumLibrary">
<msg time="2024-05-28T16:21:02.043424" level="INFO">Typing text '2024-02-05 00:00:00' into text field 'id:dates'.</msg>
<arg>${Date}</arg>
<arg>${Date_data}</arg>
<doc>Types the given ``text`` into the text field identified by ``locator``.</doc>
<status status="PASS" start="2024-05-28T16:21:02.043424" elapsed="1.320684"/>
</kw>
<kw name="Select From List By Value" owner="SeleniumLibrary">
<msg time="2024-05-28T16:21:03.365559" level="INFO">Selecting options from selection list 'id:specialist' by value 2.</msg>
<arg>${Speacialist}</arg>
<arg>2</arg>
<doc>Selects options from selection list ``locator`` by ``values``.</doc>
<status status="PASS" start="2024-05-28T16:21:03.364108" elapsed="0.248924"/>
</kw>
<kw name="Select From List By Value" owner="SeleniumLibrary">
<msg time="2024-05-28T16:21:03.615244" level="INFO">Selecting options from selection list 'id:doctor' by value 12.</msg>
<arg>${Doctor}</arg>
<arg>12</arg>
<doc>Selects options from selection list ``locator`` by ``values``.</doc>
<status status="PASS" start="2024-05-28T16:21:03.613548" elapsed="0.609127"/>
</kw>
<kw name="Select From List By Value" owner="SeleniumLibrary">
<msg time="2024-05-28T16:21:04.223686" level="INFO">Selecting options from selection list 'xpath:(//select[@class='form-control select2'])[1]' by value 1.</msg>
<arg>${Shift_feild}</arg>
<arg>1</arg>
<doc>Selects options from selection list ``locator`` by ``values``.</doc>
<status status="PASS" start="2024-05-28T16:21:04.222675" elapsed="0.272518"/>
</kw>
<kw name="Select From List By Value" owner="SeleniumLibrary">
<msg time="2024-05-28T16:21:04.496207" level="INFO">Selecting options from selection list 'id:shift_id' by value 39.</msg>
<arg>${Slot_feild}</arg>
<arg>39</arg>
<doc>Selects options from selection list ``locator`` by ``values``.</doc>
<status status="PASS" start="2024-05-28T16:21:04.495704" elapsed="0.298904"/>
</kw>
<arg>${Date_data}</arg>
<status status="PASS" start="2024-05-28T16:21:01.801334" elapsed="2.993776"/>
</kw>
<kw name="alert accpet" owner="UserResources">
<kw name="Handle Alert" owner="SeleniumLibrary">
<msg time="2024-05-28T16:21:04.796261" level="INFO">HANDLE::&lt;class 'NoneType'&gt;::None</msg>
<arg>ACCEPT</arg>
<doc>Handles the current alert and returns its message.</doc>
<status status="PASS" start="2024-05-28T16:21:04.796261" elapsed="0.533074"/>
</kw>
<status status="PASS" start="2024-05-28T16:21:04.795619" elapsed="0.534216"/>
</kw>
<kw name="Fill the user apointment remaining form" owner="UserResources">
<kw name="Select From List By Index" owner="SeleniumLibrary">
<msg time="2024-05-28T16:21:05.333024" level="INFO">Selecting options from selection list 'name:priority' by index 2.</msg>
<arg>${appointment_prioirity_feild}</arg>
<arg>2</arg>
<doc>Selects options from selection list ``locator`` by ``indexes``.</doc>
<status status="PASS" start="2024-05-28T16:21:05.331349" elapsed="0.156085"/>
</kw>
<kw name="Input Text" owner="SeleniumLibrary">
<msg time="2024-05-28T16:21:05.488509" level="INFO">Typing text 'suffering from stomach pain' into text field 'name:message'.</msg>
<arg>${message_feild}</arg>
<arg>${Message_data}</arg>
<doc>Types the given ``text`` into the text field identified by ``locator``.</doc>
<status status="PASS" start="2024-05-28T16:21:05.488008" elapsed="0.325023"/>
</kw>
<kw name="Select From List By Label" owner="SeleniumLibrary">
<msg time="2024-05-28T16:21:05.815560" level="INFO">Selecting options from selection list 'id:live_consult' by label Yes.</msg>
<arg>${live_consulting}</arg>
<arg>Yes</arg>
<doc>Selects options from selection list ``locator`` by ``labels``.</doc>
<status status="PASS" start="2024-05-28T16:21:05.813713" elapsed="0.116230"/>
</kw>
<kw name="Input Text" owner="SeleniumLibrary">
<msg time="2024-05-28T16:21:05.930764" level="INFO">Typing text 'jayanagar' into text field 'css:textarea[id='custom_fields[appointment][4]']'.</msg>
<arg>${alternate_adress}</arg>
<arg>${adress}</arg>
<doc>Types the given ``text`` into the text field identified by ``locator``.</doc>
<status status="PASS" start="2024-05-28T16:21:05.930298" elapsed="0.168450"/>
</kw>
<arg>${Message_data}</arg>
<arg>${adress}</arg>
<status status="PASS" start="2024-05-28T16:21:05.330339" elapsed="0.768409"/>
</kw>
<kw name="choose valid slot" owner="UserResources">
<kw name="Click Element" owner="SeleniumLibrary">
<msg time="2024-05-28T16:21:06.099858" level="INFO">Clicking element 'id:slot_0'.</msg>
<arg>${Available_slots}</arg>
<doc>Click the element identified by ``locator``.</doc>
<status status="PASS" start="2024-05-28T16:21:06.099858" elapsed="0.094619"/>
</kw>
<status status="PASS" start="2024-05-28T16:21:06.099361" elapsed="0.095116"/>
</kw>
<kw name="save button" owner="UserResources">
<kw name="Click Button" owner="SeleniumLibrary">
<msg time="2024-05-28T16:21:06.196822" level="INFO">Clicking button 'css:button[class='btn btn-info pull-right']'.</msg>
<arg>${save_btn}</arg>
<doc>Clicks the button identified by ``locator``.</doc>
<status status="PASS" start="2024-05-28T16:21:06.195956" elapsed="0.159030"/>
</kw>
<status status="PASS" start="2024-05-28T16:21:06.194955" elapsed="0.160530"/>
</kw>
<arg>Date_data=2024-02-05 00:00:00</arg>
<arg>Message_data=suffering from stomach pain</arg>
<arg>adress=jayanagar</arg>
<status status="PASS" start="2024-05-28T16:20:53.029473" elapsed="13.326012"/>
</kw>
<kw name="Close the browser" owner="GenericResources" type="TEARDOWN">
<kw name="Close Browser" owner="SeleniumLibrary">
<doc>Closes the current browser.</doc>
<status status="PASS" start="2024-05-28T16:21:06.357092" elapsed="6.878514"/>
</kw>
<status status="PASS" start="2024-05-28T16:21:06.356175" elapsed="6.879929"/>
</kw>
<status status="PASS" start="2024-05-28T16:20:46.013025" elapsed="27.223079"/>
</test>
<doc>To validate the user apointment</doc>
<status status="PASS" start="2024-05-28T16:20:44.890919" elapsed="28.346094"/>
</suite>
<status status="PASS" start="2024-05-28T16:20:44.890919" elapsed="28.347842"/>
</suite>
<statistics>
<total>
<stat pass="1" fail="0" skip="0">All Tests</stat>
</total>
<tag>
</tag>
<suite>
<stat pass="1" fail="0" skip="0" id="s1" name="TestCases">TestCases</stat>
<stat pass="1" fail="0" skip="0" id="s1-s1" name="Test Invalid user appointment">TestCases.Test Invalid user appointment</stat>
</suite>
</statistics>
<errors>
</errors>
</robot>
