<?xml version="1.0" encoding="UTF-8"?>
<robot generator="Robot 7.0 (Python 3.12.2 on win32)" generated="2024-05-28T16:22:11.129222" rpa="false" schemaversion="5">
<suite id="s1" name="TestCases" source="C:\Users\91989\Desktop\New folder\Pilot_Project_Smart_hospital_Team3\TestCases">
<suite id="s1-s1" name="Test add invalid birth record" source="C:\Users\91989\Desktop\New folder\Pilot_Project_Smart_hospital_Team3\TestCases\Test_add_invalid_birth_record.robot">
<test id="s1-s1-t1" name="Login test template" line="22">
<kw name="Open the browser with url" owner="GenericResources" type="SETUP">
<kw name="Create Webdriver" owner="SeleniumLibrary">
<msg time="2024-05-28T16:22:12.264629" level="INFO">Creating an instance of the Chrome WebDriver.</msg>
<arg>Chrome</arg>
<doc>Creates an instance of Selenium WebDriver.</doc>
<status status="PASS" start="2024-05-28T16:22:12.264629" elapsed="11.870856"/>
</kw>
<kw name="Go To" owner="SeleniumLibrary">
<msg time="2024-05-28T16:22:24.136485" level="INFO">Opening url 'https://demo.smart-hospital.in/'</msg>
<arg>${url}</arg>
<doc>Navigates the current browser window to the provided ``url``.</doc>
<status status="PASS" start="2024-05-28T16:22:24.135485" elapsed="4.039300"/>
</kw>
<kw name="Maximize Browser Window" owner="SeleniumLibrary">
<doc>Maximizes current browser window.</doc>
<status status="PASS" start="2024-05-28T16:22:28.174785" elapsed="0.307123"/>
</kw>
<kw name="Set Selenium Implicit Wait" owner="SeleniumLibrary">
<arg>5</arg>
<doc>Sets the implicit wait value used by Selenium.</doc>
<status status="PASS" start="2024-05-28T16:22:28.482407" elapsed="0.002415"/>
</kw>
<status status="PASS" start="2024-05-28T16:22:12.264629" elapsed="16.220193"/>
</kw>
<kw name="validate add birth record">
<kw name="click the log in button" owner="GenericResources">
<kw name="Click Element" owner="SeleniumLibrary">
<msg time="2024-05-28T16:22:28.489091" level="INFO">Clicking element 'xpath://ul[@class="top-right"]//a'.</msg>
<arg>${login_button}</arg>
<doc>Click the element identified by ``locator``.</doc>
<status status="PASS" start="2024-05-28T16:22:28.487083" elapsed="2.166806"/>
</kw>
<status status="PASS" start="2024-05-28T16:22:28.486805" elapsed="2.167084"/>
</kw>
<kw name="click the admin login" owner="LoginResources">
<kw name="Click Element" owner="SeleniumLibrary">
<msg time="2024-05-28T16:22:30.656411" level="INFO">Clicking element 'xpath:(//a[@class='forgot pull-right'])[1]'.</msg>
<arg>${admin_login}</arg>
<doc>Click the element identified by ``locator``.</doc>
<status status="PASS" start="2024-05-28T16:22:30.655581" elapsed="0.658449"/>
</kw>
<status status="PASS" start="2024-05-28T16:22:30.653889" elapsed="0.660642"/>
</kw>
<kw name="Switch Window" owner="SeleniumLibrary">
<arg>new</arg>
<doc>Switches to browser window matching ``locator``.</doc>
<status status="PASS" start="2024-05-28T16:22:31.314531" elapsed="0.067084"/>
</kw>
<kw name="click the doctor button" owner="LoginResources">
<kw name="Click Element" owner="SeleniumLibrary">
<msg time="2024-05-28T16:22:31.384023" level="INFO">Clicking element 'xpath:(//a[@class='btn btn-primary width100'])[2]'.</msg>
<arg>${doctor_button}</arg>
<doc>Click the element identified by ``locator``.</doc>
<status status="PASS" start="2024-05-28T16:22:31.383024" elapsed="2.323527"/>
</kw>
<status status="PASS" start="2024-05-28T16:22:31.382116" elapsed="2.324435"/>
</kw>
<kw name="Click the signin button" owner="LoginResources">
<kw name="Click Button" owner="SeleniumLibrary">
<msg time="2024-05-28T16:22:33.708504" level="INFO">Clicking button 'css:button[class='btn']'.</msg>
<arg>${signin_button}</arg>
<doc>Clicks the button identified by ``locator``.</doc>
<status status="PASS" start="2024-05-28T16:22:33.707490" elapsed="9.169900"/>
</kw>
<status status="PASS" start="2024-05-28T16:22:33.706986" elapsed="9.171406"/>
</kw>
<kw name="click birth record and death record" owner="DoctorResources">
<kw name="Click Element" owner="SeleniumLibrary">
<msg time="2024-05-28T16:22:42.880349" level="INFO">Clicking element 'xpath://a/i[@class='fa fa-birthday-cake']'.</msg>
<arg>${birth_record_death_record}</arg>
<doc>Click the element identified by ``locator``.</doc>
<status status="PASS" start="2024-05-28T16:22:42.880349" elapsed="1.247450"/>
</kw>
<status status="PASS" start="2024-05-28T16:22:42.879392" elapsed="1.249425"/>
</kw>
<kw name="click birth record" owner="DoctorResources">
<kw name="Click Element" owner="SeleniumLibrary">
<msg time="2024-05-28T16:22:44.130719" level="INFO">Clicking element 'xpath://a[text()= ' Birth Record ']'.</msg>
<msg time="2024-05-28T16:22:49.251569" level="INFO" html="true">&lt;/td&gt;&lt;/tr&gt;&lt;tr&gt;&lt;td colspan="3"&gt;&lt;a href="selenium-screenshot-1.png"&gt;&lt;img src="selenium-screenshot-1.png" width="800px"&gt;&lt;/a&gt;</msg>
<msg time="2024-05-28T16:22:49.251569" level="FAIL">Element with locator 'xpath://a[text()= ' Birth Record ']' not found.</msg>
<arg>${birth_record}</arg>
<doc>Click the element identified by ``locator``.</doc>
<status status="FAIL" start="2024-05-28T16:22:44.130218" elapsed="5.125052">Element with locator 'xpath://a[text()= ' Birth Record ']' not found.</status>
</kw>
<status status="FAIL" start="2024-05-28T16:22:44.128817" elapsed="5.127461">Element with locator 'xpath://a[text()= ' Birth Record ']' not found.</status>
</kw>
<kw name="click add birth record" owner="DoctorResources">
<status status="NOT RUN" start="2024-05-28T16:22:49.256603" elapsed="0.000000"/>
</kw>
<kw name="fill the birth record form" owner="DoctorResources">
<arg>${Cname}</arg>
<arg>${weight}</arg>
<arg>${birthDate}</arg>
<arg>${Contact}</arg>
<arg>${Address}</arg>
<arg>${CaseId}</arg>
<arg>${FathersName}</arg>
<arg>${birthReports}</arg>
<status status="NOT RUN" start="2024-05-28T16:22:49.257100" elapsed="0.000000"/>
</kw>
<arg>Cname=dk</arg>
<arg>weight=0</arg>
<arg>birthDate=2024-08-22 00:00:00</arg>
<arg>Contact=934265611</arg>
<arg>Address=Salem</arg>
<arg>CaseId=2222</arg>
<arg>FathersName=karmegam</arg>
<arg>birthReports=baby uis fine</arg>
<status status="FAIL" start="2024-05-28T16:22:28.485474" elapsed="20.771626">Element with locator 'xpath://a[text()= ' Birth Record ']' not found.</status>
</kw>
<kw name="Close the browser" owner="GenericResources" type="TEARDOWN">
<kw name="Close Browser" owner="SeleniumLibrary">
<doc>Closes the current browser.</doc>
<status status="PASS" start="2024-05-28T16:22:49.259105" elapsed="2.690711"/>
</kw>
<status status="PASS" start="2024-05-28T16:22:49.258108" elapsed="2.692210"/>
</kw>
<status status="FAIL" start="2024-05-28T16:22:12.259883" elapsed="39.690435">Element with locator 'xpath://a[text()= ' Birth Record ']' not found.</status>
</test>
<doc>To validate the Login form</doc>
<status status="FAIL" start="2024-05-28T16:22:11.145676" elapsed="40.804642"/>
</suite>
<status status="FAIL" start="2024-05-28T16:22:11.145176" elapsed="40.805142"/>
</suite>
<statistics>
<total>
<stat pass="0" fail="1" skip="0">All Tests</stat>
</total>
<tag>
</tag>
<suite>
<stat pass="0" fail="1" skip="0" id="s1" name="TestCases">TestCases</stat>
<stat pass="0" fail="1" skip="0" id="s1-s1" name="Test add invalid birth record">TestCases.Test add invalid birth record</stat>
</suite>
</statistics>
<errors>
</errors>
</robot>
