<?xml version="1.0" encoding="UTF-8"?>
<robot generator="Robot 7.0 (Python 3.12.2 on win32)" generated="2024-05-28T16:23:06.886425" rpa="false" schemaversion="5">
<suite id="s1" name="TestCases" source="C:\Users\91989\Desktop\New folder\Pilot_Project_Smart_hospital_Team3\TestCases">
<suite id="s1-s1" name="Test invalid slot apointment" source="C:\Users\91989\Desktop\New folder\Pilot_Project_Smart_hospital_Team3\TestCases\Test_invalid_slot_apointment.robot">
<test id="s1-s1-t1" name="user appointment" line="18">
<kw name="Open the browser with url" owner="GenericResources" type="SETUP">
<kw name="Create Webdriver" owner="SeleniumLibrary">
<msg time="2024-05-28T16:23:09.608059" level="INFO">Creating an instance of the Chrome WebDriver.</msg>
<arg>Chrome</arg>
<doc>Creates an instance of Selenium WebDriver.</doc>
<status status="PASS" start="2024-05-28T16:23:09.605619" elapsed="5.815382"/>
</kw>
<kw name="Go To" owner="SeleniumLibrary">
<msg time="2024-05-28T16:23:15.422712" level="INFO">Opening url 'https://demo.smart-hospital.in/'</msg>
<arg>${url}</arg>
<doc>Navigates the current browser window to the provided ``url``.</doc>
<status status="PASS" start="2024-05-28T16:23:15.421501" elapsed="2.928340"/>
</kw>
<kw name="Maximize Browser Window" owner="SeleniumLibrary">
<doc>Maximizes current browser window.</doc>
<status status="PASS" start="2024-05-28T16:23:18.350365" elapsed="0.049734"/>
</kw>
<kw name="Set Selenium Implicit Wait" owner="SeleniumLibrary">
<arg>5</arg>
<doc>Sets the implicit wait value used by Selenium.</doc>
<status status="PASS" start="2024-05-28T16:23:18.400546" elapsed="0.002231"/>
</kw>
<status status="PASS" start="2024-05-28T16:23:09.599453" elapsed="8.803823"/>
</kw>
<kw name="validate the invalid slot in user appointment">
<kw name="click the log in button" owner="GenericResources">
<kw name="Click Element" owner="SeleniumLibrary">
<msg time="2024-05-28T16:23:18.407316" level="INFO">Clicking element 'xpath://ul[@class="top-right"]//a'.</msg>
<arg>${login_button}</arg>
<doc>Click the element identified by ``locator``.</doc>
<status status="PASS" start="2024-05-28T16:23:18.406265" elapsed="2.094654"/>
</kw>
<status status="PASS" start="2024-05-28T16:23:18.405596" elapsed="2.095323"/>
</kw>
<kw name="Click the signin button" owner="LoginResources">
<kw name="Click Button" owner="SeleniumLibrary">
<msg time="2024-05-28T16:23:20.502427" level="INFO">Clicking button 'css:button[class='btn']'.</msg>
<arg>${signin_button}</arg>
<doc>Clicks the button identified by ``locator``.</doc>
<status status="PASS" start="2024-05-28T16:23:20.501419" elapsed="4.772954"/>
</kw>
<status status="PASS" start="2024-05-28T16:23:20.501419" elapsed="4.772954"/>
</kw>
<kw name="click the my appointment button" owner="UserResources">
<kw name="Wait Until Element Is Visible" owner="SeleniumLibrary">
<arg>${My_appointment_button}</arg>
<doc>Waits until the element ``locator`` is visible.</doc>
<status status="PASS" start="2024-05-28T16:23:25.276377" elapsed="0.164109"/>
</kw>
<kw name="Click Element" owner="SeleniumLibrary">
<msg time="2024-05-28T16:23:25.441060" level="INFO">Clicking element 'css:i[class='fas fa-hospital-alt']'.</msg>
<arg>${My_appointment_button}</arg>
<doc>Click the element identified by ``locator``.</doc>
<status status="PASS" start="2024-05-28T16:23:25.440486" elapsed="1.263316"/>
</kw>
<status status="PASS" start="2024-05-28T16:23:25.275371" elapsed="1.428431"/>
</kw>
<kw name="Fill the user apointment form" owner="UserResources">
<kw name="Click Element" owner="SeleniumLibrary">
<msg time="2024-05-28T16:23:26.704808" level="INFO">Clicking element 'css:a[class='btn btn-primary btn-sm']'.</msg>
<arg>${Add_appointment}</arg>
<doc>Click the element identified by ``locator``.</doc>
<status status="PASS" start="2024-05-28T16:23:26.704808" elapsed="0.554595"/>
</kw>
<kw name="Input Text" owner="SeleniumLibrary">
<msg time="2024-05-28T16:23:27.260966" level="INFO">Typing text '2024-02-05 00:00:00' into text field 'id:dates'.</msg>
<arg>${Date}</arg>
<arg>${Date_data}</arg>
<doc>Types the given ``text`` into the text field identified by ``locator``.</doc>
<status status="PASS" start="2024-05-28T16:23:27.260195" elapsed="0.521029"/>
</kw>
<kw name="Select From List By Value" owner="SeleniumLibrary">
<msg time="2024-05-28T16:23:27.781937" level="INFO">Selecting options from selection list 'id:specialist' by value 2.</msg>
<arg>${Speacialist}</arg>
<arg>2</arg>
<doc>Selects options from selection list ``locator`` by ``values``.</doc>
<status status="PASS" start="2024-05-28T16:23:27.781431" elapsed="0.509277"/>
</kw>
<kw name="Select From List By Value" owner="SeleniumLibrary">
<msg time="2024-05-28T16:23:28.291434" level="INFO">Selecting options from selection list 'id:doctor' by value 12.</msg>
<arg>${Doctor}</arg>
<arg>12</arg>
<doc>Selects options from selection list ``locator`` by ``values``.</doc>
<status status="PASS" start="2024-05-28T16:23:28.290731" elapsed="0.682560"/>
</kw>
<kw name="Select From List By Value" owner="SeleniumLibrary">
<msg time="2024-05-28T16:23:28.974217" level="INFO">Selecting options from selection list 'xpath:(//select[@class='form-control select2'])[1]' by value 1.</msg>
<arg>${Shift_feild}</arg>
<arg>1</arg>
<doc>Selects options from selection list ``locator`` by ``values``.</doc>
<status status="PASS" start="2024-05-28T16:23:28.973291" elapsed="0.277159"/>
</kw>
<kw name="Select From List By Value" owner="SeleniumLibrary">
<msg time="2024-05-28T16:23:29.250950" level="INFO">Selecting options from selection list 'id:shift_id' by value 39.</msg>
<arg>${Slot_feild}</arg>
<arg>39</arg>
<doc>Selects options from selection list ``locator`` by ``values``.</doc>
<status status="PASS" start="2024-05-28T16:23:29.250950" elapsed="0.286497"/>
</kw>
<arg>${Date_data}</arg>
<status status="PASS" start="2024-05-28T16:23:26.703802" elapsed="2.833645"/>
</kw>
<kw name="alert accpet" owner="UserResources">
<kw name="Handle Alert" owner="SeleniumLibrary">
<msg time="2024-05-28T16:23:29.539682" level="INFO">HANDLE::&lt;class 'NoneType'&gt;::None</msg>
<arg>ACCEPT</arg>
<doc>Handles the current alert and returns its message.</doc>
<status status="PASS" start="2024-05-28T16:23:29.539336" elapsed="0.517342"/>
</kw>
<status status="PASS" start="2024-05-28T16:23:29.538838" elapsed="0.517840"/>
</kw>
<kw name="Fill the user apointment remaining form" owner="UserResources">
<kw name="Select From List By Index" owner="SeleniumLibrary">
<msg time="2024-05-28T16:23:30.059843" level="INFO">Selecting options from selection list 'name:priority' by index 2.</msg>
<arg>${appointment_prioirity_feild}</arg>
<arg>2</arg>
<doc>Selects options from selection list ``locator`` by ``indexes``.</doc>
<status status="PASS" start="2024-05-28T16:23:30.058690" elapsed="0.128103"/>
</kw>
<kw name="Input Text" owner="SeleniumLibrary">
<msg time="2024-05-28T16:23:30.187880" level="INFO">Typing text 'suffering from stomach pain' into text field 'name:message'.</msg>
<arg>${message_feild}</arg>
<arg>${Message_data}</arg>
<doc>Types the given ``text`` into the text field identified by ``locator``.</doc>
<status status="PASS" start="2024-05-28T16:23:30.187381" elapsed="0.320370"/>
</kw>
<kw name="Select From List By Label" owner="SeleniumLibrary">
<msg time="2024-05-28T16:23:30.509145" level="INFO">Selecting options from selection list 'id:live_consult' by label Yes.</msg>
<arg>${live_consulting}</arg>
<arg>Yes</arg>
<doc>Selects options from selection list ``locator`` by ``labels``.</doc>
<status status="PASS" start="2024-05-28T16:23:30.507751" elapsed="0.244046"/>
</kw>
<kw name="Input Text" owner="SeleniumLibrary">
<msg time="2024-05-28T16:23:30.751797" level="INFO">Typing text 'jayanagar' into text field 'css:textarea[id='custom_fields[appointment][4]']'.</msg>
<arg>${alternate_adress}</arg>
<arg>${adress}</arg>
<doc>Types the given ``text`` into the text field identified by ``locator``.</doc>
<status status="PASS" start="2024-05-28T16:23:30.751797" elapsed="0.177450"/>
</kw>
<arg>${Message_data}</arg>
<arg>${adress}</arg>
<status status="PASS" start="2024-05-28T16:23:30.057687" elapsed="0.871753"/>
</kw>
<kw name="choose invalid slot" owner="UserResources">
<kw name="Click Element" owner="SeleniumLibrary">
<msg time="2024-05-28T16:23:30.931112" level="INFO">Clicking element 'id:slot_1'.</msg>
<arg>${invalid_assert_slot}</arg>
<doc>Click the element identified by ``locator``.</doc>
<status status="PASS" start="2024-05-28T16:23:30.929948" elapsed="0.178662"/>
</kw>
<status status="PASS" start="2024-05-28T16:23:30.929948" elapsed="0.179161"/>
</kw>
<kw name="alert accpet" owner="UserResources">
<kw name="Handle Alert" owner="SeleniumLibrary">
<msg time="2024-05-28T16:23:31.110868" level="INFO">HANDLE::&lt;class 'NoneType'&gt;::None</msg>
<msg time="2024-05-28T16:23:36.328990" level="INFO" html="true">&lt;/td&gt;&lt;/tr&gt;&lt;tr&gt;&lt;td colspan="3"&gt;&lt;a href="selenium-screenshot-1.png"&gt;&lt;img src="selenium-screenshot-1.png" width="800px"&gt;&lt;/a&gt;</msg>
<msg time="2024-05-28T16:23:36.329490" level="FAIL">Alert not found in 5 seconds.</msg>
<arg>ACCEPT</arg>
<doc>Handles the current alert and returns its message.</doc>
<status status="FAIL" start="2024-05-28T16:23:31.110226" elapsed="5.223361">Alert not found in 5 seconds.</status>
</kw>
<status status="FAIL" start="2024-05-28T16:23:31.109109" elapsed="5.226037">Alert not found in 5 seconds.</status>
</kw>
<arg>Date_data=2024-02-05 00:00:00</arg>
<arg>Message_data=suffering from stomach pain</arg>
<arg>adress=jayanagar</arg>
<status status="FAIL" start="2024-05-28T16:23:18.403276" elapsed="17.932379">Alert not found in 5 seconds.</status>
</kw>
<kw name="Close the browser" owner="GenericResources" type="TEARDOWN">
<kw name="Close Browser" owner="SeleniumLibrary">
<doc>Closes the current browser.</doc>
<status status="PASS" start="2024-05-28T16:23:36.337126" elapsed="3.148984"/>
</kw>
<status status="PASS" start="2024-05-28T16:23:36.335655" elapsed="3.151153"/>
</kw>
<status status="FAIL" start="2024-05-28T16:23:09.593825" elapsed="29.892983">Alert not found in 5 seconds.</status>
</test>
<doc>To validate the user apointment</doc>
<status status="FAIL" start="2024-05-28T16:23:06.972524" elapsed="32.515533"/>
</suite>
<status status="FAIL" start="2024-05-28T16:23:06.923547" elapsed="32.566128"/>
</suite>
<statistics>
<total>
<stat pass="0" fail="1" skip="0">All Tests</stat>
</total>
<tag>
</tag>
<suite>
<stat pass="0" fail="1" skip="0" id="s1" name="TestCases">TestCases</stat>
<stat pass="0" fail="1" skip="0" id="s1-s1" name="Test invalid slot apointment">TestCases.Test invalid slot apointment</stat>
</suite>
</statistics>
<errors>
</errors>
</robot>
