<?xml version="1.0" encoding="UTF-8"?>
<robot generator="Robot 7.0 (Python 3.12.2 on win32)" generated="2024-05-28T16:23:39.428688" rpa="false" schemaversion="5">
<suite id="s1" name="TestCases" source="C:\Users\91989\Desktop\New folder\Pilot_Project_Smart_hospital_Team3\TestCases">
<suite id="s1-s1" name="Test invalidAppionmentSearch" source="C:\Users\91989\Desktop\New folder\Pilot_Project_Smart_hospital_Team3\TestCases\Test_invalidAppionmentSearch.robot">
<test id="s1-s1-t1" name="To verify the invalid search using invalid doctor name" line="13">
<kw name="Open the browser with url" owner="GenericResources" type="SETUP">
<kw name="Create Webdriver" owner="SeleniumLibrary">
<msg time="2024-05-28T16:23:39.756822" level="INFO">Creating an instance of the Chrome WebDriver.</msg>
<arg>Chrome</arg>
<doc>Creates an instance of Selenium WebDriver.</doc>
<status status="PASS" start="2024-05-28T16:23:39.756822" elapsed="3.084663"/>
</kw>
<kw name="Go To" owner="SeleniumLibrary">
<msg time="2024-05-28T16:23:42.842934" level="INFO">Opening url 'https://demo.smart-hospital.in/'</msg>
<arg>${url}</arg>
<doc>Navigates the current browser window to the provided ``url``.</doc>
<status status="PASS" start="2024-05-28T16:23:42.841485" elapsed="2.576484"/>
</kw>
<kw name="Maximize Browser Window" owner="SeleniumLibrary">
<doc>Maximizes current browser window.</doc>
<status status="PASS" start="2024-05-28T16:23:45.420093" elapsed="0.061824"/>
</kw>
<kw name="Set Selenium Implicit Wait" owner="SeleniumLibrary">
<arg>5</arg>
<doc>Sets the implicit wait value used by Selenium.</doc>
<status status="PASS" start="2024-05-28T16:23:45.481917" elapsed="0.005408"/>
</kw>
<status status="PASS" start="2024-05-28T16:23:39.754742" elapsed="5.732583"/>
</kw>
<kw name="Go to user login" owner="LoginResources">
<kw name="Click Link" owner="SeleniumLibrary">
<msg time="2024-05-28T16:23:45.489920" level="INFO">Clicking link 'xpath://i[@class="fa fa-user"]//parent::a'.</msg>
<arg>${User_login_button}</arg>
<doc>Clicks a link identified by ``locator``.</doc>
<status status="PASS" start="2024-05-28T16:23:45.488507" elapsed="2.175591"/>
</kw>
<status status="PASS" start="2024-05-28T16:23:45.487888" elapsed="2.176210"/>
</kw>
<kw name="Go to admin page" owner="LoginResources">
<kw name="Click Link" owner="SeleniumLibrary">
<msg time="2024-05-28T16:23:47.665610" level="INFO">Clicking link '//a[text()=" Admin Login"]'.</msg>
<arg>${admin_login_page_btn}</arg>
<doc>Clicks a link identified by ``locator``.</doc>
<status status="PASS" start="2024-05-28T16:23:47.664600" elapsed="0.662097"/>
</kw>
<status status="PASS" start="2024-05-28T16:23:47.664600" elapsed="0.662097"/>
</kw>
<kw name="Switch Window" owner="SeleniumLibrary">
<arg>new</arg>
<doc>Switches to browser window matching ``locator``.</doc>
<status status="PASS" start="2024-05-28T16:23:48.327704" elapsed="0.052334"/>
</kw>
<kw name="fill the admin login form" owner="LoginResources">
<kw name="Click Link" owner="SeleniumLibrary">
<msg time="2024-05-28T16:23:48.381049" level="INFO">Clicking link '//i[@class="fa fa-user ispace"]//parent::a'.</msg>
<arg>${admin_login_btn}</arg>
<doc>Clicks a link identified by ``locator``.</doc>
<status status="PASS" start="2024-05-28T16:23:48.381049" elapsed="1.016427"/>
</kw>
<status status="PASS" start="2024-05-28T16:23:48.380038" elapsed="1.017438"/>
</kw>
<kw name="Click the signin button" owner="LoginResources">
<kw name="Click Button" owner="SeleniumLibrary">
<msg time="2024-05-28T16:23:49.399775" level="INFO">Clicking button 'css:button[class='btn']'.</msg>
<arg>${signin_button}</arg>
<doc>Clicks the button identified by ``locator``.</doc>
<status status="PASS" start="2024-05-28T16:23:49.398932" elapsed="4.183813"/>
</kw>
<status status="PASS" start="2024-05-28T16:23:49.397976" elapsed="4.185076"/>
</kw>
<kw name="Click Appoinment link" owner="AdminResources">
<kw name="Click Link" owner="SeleniumLibrary">
<msg time="2024-05-28T16:23:53.585182" level="INFO">Clicking link '//ul[@class="sidebar-menu verttop"]//li[3]/a'.</msg>
<arg>${appoinment_link}</arg>
<doc>Clicks a link identified by ``locator``.</doc>
<status status="PASS" start="2024-05-28T16:23:53.584441" elapsed="1.127320"/>
</kw>
<status status="PASS" start="2024-05-28T16:23:53.583052" elapsed="1.128709"/>
</kw>
<kw name="Click the Appoinment wise search button" owner="AdminResources">
<kw name="Click Link" owner="SeleniumLibrary">
<msg time="2024-05-28T16:23:54.714837" level="INFO">Clicking link '(//a[@class="btn btn-primary btn-sm"])[1]'.</msg>
<arg>${doctor_wise_search_btn}</arg>
<doc>Clicks a link identified by ``locator``.</doc>
<status status="PASS" start="2024-05-28T16:23:54.713883" elapsed="1.058949"/>
</kw>
<status status="PASS" start="2024-05-28T16:23:54.712543" elapsed="1.060790"/>
</kw>
<kw name="Set Variable" owner="BuiltIn">
<msg time="2024-05-28T16:23:55.774333" level="INFO">${option_to_select} = </msg>
<var>${option_to_select}</var>
<doc>Returns the given values which can then be assigned to a variables.</doc>
<status status="PASS" start="2024-05-28T16:23:55.773333" elapsed="0.001000"/>
</kw>
<kw name="Fill the appointment wise search form" owner="AdminResources">
<kw name="Click Element" owner="SeleniumLibrary">
<msg time="2024-05-28T16:23:55.776136" level="INFO">Clicking element '//span[@class='select2-selection__rendered']'.</msg>
<arg>${doctor_field}</arg>
<doc>Click the element identified by ``locator``.</doc>
<status status="PASS" start="2024-05-28T16:23:55.776136" elapsed="0.137533"/>
</kw>
<kw name="Get WebElements" owner="SeleniumLibrary">
<msg time="2024-05-28T16:23:55.935822" level="INFO">${list_of_elements} = [&lt;selenium.webdriver.remote.webelement.WebElement (session="d2f1e99d230795e0abd3b4908991c383", element="f.B526EC7BDFF0965E544309387BD534F8.d.2F619A2BAD35666620B8E45F7EBAA7E4.e.286")&gt;, &lt;selenium.webdri...</msg>
<var>${list_of_elements}</var>
<arg>//span[@class="select2-results"]//li</arg>
<doc>Returns a list of WebElement objects matching the ``locator``.</doc>
<status status="PASS" start="2024-05-28T16:23:55.913669" elapsed="0.022386"/>
</kw>
<kw name="Create List" owner="BuiltIn">
<msg time="2024-05-28T16:23:55.937021" level="INFO">${options_texts} = []</msg>
<var>${options_texts}</var>
<doc>Returns a list containing given items.</doc>
<status status="PASS" start="2024-05-28T16:23:55.936521" elapsed="0.000500"/>
</kw>
<for flavor="IN">
<iter>
<kw name="Get Text" owner="SeleniumLibrary">
<msg time="2024-05-28T16:23:55.960896" level="INFO">${text} = Select</msg>
<var>${text}</var>
<arg>${element}</arg>
<doc>Returns the text value of the element identified by ``locator``.</doc>
<status status="PASS" start="2024-05-28T16:23:55.937736" elapsed="0.023160"/>
</kw>
<kw name="Append To List" owner="Collections">
<arg>${options_texts}</arg>
<arg>${text}</arg>
<doc>Adds ``values`` to the end of ``list``.</doc>
<status status="PASS" start="2024-05-28T16:23:55.960896" elapsed="0.000000"/>
</kw>
<kw name="Run Keyword If" owner="BuiltIn">
<arg>'${text}' == '${doctor_name}'</arg>
<arg>Click Element</arg>
<arg>${element}</arg>
<doc>Runs the given keyword with the given arguments, if ``condition`` is true.</doc>
<status status="PASS" start="2024-05-28T16:23:55.960896" elapsed="0.001033"/>
</kw>
<var name="${element}">&lt;selenium.webdriver.remote.webelement.WebElement (session="d2f1e99d230795e0abd3b4908991c383", element="f.B526EC7BDFF0965E544309387BD534F8.d.2F619A2BAD35666620B8E45F7EBAA7E4.e.286")&gt;</var>
<status status="PASS" start="2024-05-28T16:23:55.937736" elapsed="0.024193"/>
</iter>
<iter>
<kw name="Get Text" owner="SeleniumLibrary">
<msg time="2024-05-28T16:23:55.968919" level="INFO">${text} = Amit Singh (9009)</msg>
<var>${text}</var>
<arg>${element}</arg>
<doc>Returns the text value of the element identified by ``locator``.</doc>
<status status="PASS" start="2024-05-28T16:23:55.961929" elapsed="0.006990"/>
</kw>
<kw name="Append To List" owner="Collections">
<arg>${options_texts}</arg>
<arg>${text}</arg>
<doc>Adds ``values`` to the end of ``list``.</doc>
<status status="PASS" start="2024-05-28T16:23:55.968919" elapsed="0.000000"/>
</kw>
<kw name="Run Keyword If" owner="BuiltIn">
<arg>'${text}' == '${doctor_name}'</arg>
<arg>Click Element</arg>
<arg>${element}</arg>
<doc>Runs the given keyword with the given arguments, if ``condition`` is true.</doc>
<status status="PASS" start="2024-05-28T16:23:55.970408" elapsed="0.000000"/>
</kw>
<var name="${element}">&lt;selenium.webdriver.remote.webelement.WebElement (session="d2f1e99d230795e0abd3b4908991c383", element="f.B526EC7BDFF0965E544309387BD534F8.d.2F619A2BAD35666620B8E45F7EBAA7E4.e.287")&gt;</var>
<status status="PASS" start="2024-05-28T16:23:55.961929" elapsed="0.008479"/>
</iter>
<iter>
<kw name="Get Text" owner="SeleniumLibrary">
<msg time="2024-05-28T16:23:55.981340" level="INFO">${text} = Reyan Jain (9011)</msg>
<var>${text}</var>
<arg>${element}</arg>
<doc>Returns the text value of the element identified by ``locator``.</doc>
<status status="PASS" start="2024-05-28T16:23:55.970408" elapsed="0.010932"/>
</kw>
<kw name="Append To List" owner="Collections">
<arg>${options_texts}</arg>
<arg>${text}</arg>
<doc>Adds ``values`` to the end of ``list``.</doc>
<status status="PASS" start="2024-05-28T16:23:55.981340" elapsed="0.000000"/>
</kw>
<kw name="Run Keyword If" owner="BuiltIn">
<arg>'${text}' == '${doctor_name}'</arg>
<arg>Click Element</arg>
<arg>${element}</arg>
<doc>Runs the given keyword with the given arguments, if ``condition`` is true.</doc>
<status status="PASS" start="2024-05-28T16:23:55.981340" elapsed="0.001020"/>
</kw>
<var name="${element}">&lt;selenium.webdriver.remote.webelement.WebElement (session="d2f1e99d230795e0abd3b4908991c383", element="f.B526EC7BDFF0965E544309387BD534F8.d.2F619A2BAD35666620B8E45F7EBAA7E4.e.288")&gt;</var>
<status status="PASS" start="2024-05-28T16:23:55.970408" elapsed="0.011952"/>
</iter>
<iter>
<kw name="Get Text" owner="SeleniumLibrary">
<msg time="2024-05-28T16:23:55.993135" level="INFO">${text} = Sansa Gomez (9008)</msg>
<var>${text}</var>
<arg>${element}</arg>
<doc>Returns the text value of the element identified by ``locator``.</doc>
<status status="PASS" start="2024-05-28T16:23:55.982360" elapsed="0.011276"/>
</kw>
<kw name="Append To List" owner="Collections">
<arg>${options_texts}</arg>
<arg>${text}</arg>
<doc>Adds ``values`` to the end of ``list``.</doc>
<status status="PASS" start="2024-05-28T16:23:55.993636" elapsed="0.001009"/>
</kw>
<kw name="Run Keyword If" owner="BuiltIn">
<arg>'${text}' == '${doctor_name}'</arg>
<arg>Click Element</arg>
<arg>${element}</arg>
<doc>Runs the given keyword with the given arguments, if ``condition`` is true.</doc>
<status status="PASS" start="2024-05-28T16:23:55.994645" elapsed="0.001001"/>
</kw>
<var name="${element}">&lt;selenium.webdriver.remote.webelement.WebElement (session="d2f1e99d230795e0abd3b4908991c383", element="f.B526EC7BDFF0965E544309387BD534F8.d.2F619A2BAD35666620B8E45F7EBAA7E4.e.289")&gt;</var>
<status status="PASS" start="2024-05-28T16:23:55.982360" elapsed="0.013286"/>
</iter>
<iter>
<kw name="Get Text" owner="SeleniumLibrary">
<msg time="2024-05-28T16:23:56.005063" level="INFO">${text} = Sonia Bush (9002)</msg>
<var>${text}</var>
<arg>${element}</arg>
<doc>Returns the text value of the element identified by ``locator``.</doc>
<status status="PASS" start="2024-05-28T16:23:55.996645" elapsed="0.008418"/>
</kw>
<kw name="Append To List" owner="Collections">
<arg>${options_texts}</arg>
<arg>${text}</arg>
<doc>Adds ``values`` to the end of ``list``.</doc>
<status status="PASS" start="2024-05-28T16:23:56.005063" elapsed="0.001011"/>
</kw>
<kw name="Run Keyword If" owner="BuiltIn">
<arg>'${text}' == '${doctor_name}'</arg>
<arg>Click Element</arg>
<arg>${element}</arg>
<doc>Runs the given keyword with the given arguments, if ``condition`` is true.</doc>
<status status="PASS" start="2024-05-28T16:23:56.006074" elapsed="0.000000"/>
</kw>
<var name="${element}">&lt;selenium.webdriver.remote.webelement.WebElement (session="d2f1e99d230795e0abd3b4908991c383", element="f.B526EC7BDFF0965E544309387BD534F8.d.2F619A2BAD35666620B8E45F7EBAA7E4.e.290")&gt;</var>
<status status="PASS" start="2024-05-28T16:23:55.996645" elapsed="0.009429"/>
</iter>
<var>${element}</var>
<value>@{list_of_elements}</value>
<status status="PASS" start="2024-05-28T16:23:55.937235" elapsed="0.068839"/>
</for>
<arg>${option_to_select}</arg>
<status status="PASS" start="2024-05-28T16:23:55.775261" elapsed="0.231815"/>
</kw>
<kw name="Enter the date feild" owner="AdminResources">
<kw name="Click Element" owner="SeleniumLibrary">
<msg time="2024-05-28T16:23:56.009331" level="INFO">Clicking element 'xpath://input[@class='form-control date']'.</msg>
<arg>${date_in_appointment}</arg>
<doc>Click the element identified by ``locator``.</doc>
<status status="PASS" start="2024-05-28T16:23:56.008829" elapsed="0.096967"/>
</kw>
<kw name="Input Text" owner="SeleniumLibrary">
<msg time="2024-05-28T16:23:56.107518" level="INFO">Typing text '05/16/2024' into text field 'xpath://input[@class='form-control date']'.</msg>
<arg>${date_in_appointment}</arg>
<arg>${date_value}</arg>
<doc>Types the given ``text`` into the text field identified by ``locator``.</doc>
<status status="PASS" start="2024-05-28T16:23:56.105796" elapsed="0.209562"/>
</kw>
<status status="PASS" start="2024-05-28T16:23:56.007731" elapsed="0.307627"/>
</kw>
<kw name="Click the search button" owner="AdminResources">
<kw name="Click Button" owner="SeleniumLibrary">
<msg time="2024-05-28T16:23:56.315857" level="INFO">Clicking button '//button[@class="btn btn-primary btn-sm pull-right"]'.</msg>
<arg>${search_button}</arg>
<doc>Clicks the button identified by ``locator``.</doc>
<status status="PASS" start="2024-05-28T16:23:56.315857" elapsed="0.314353"/>
</kw>
<status status="PASS" start="2024-05-28T16:23:56.315857" elapsed="0.314353"/>
</kw>
<kw name="Verify doctor wise appoinment search for invalid doctor name" owner="AdminResources">
<kw name="Element Text Should Be" owner="SeleniumLibrary">
<msg time="2024-05-28T16:23:56.631743" level="INFO">Verifying element '(//span[@class="text-danger"])[1]' contains exact text 'The Doctor field is required.'.</msg>
<arg>${invalid_search_loc}</arg>
<arg>${invalid_search_text}</arg>
<doc>Verifies that element ``locator`` contains exact the text ``expected``.</doc>
<status status="PASS" start="2024-05-28T16:23:56.631274" elapsed="0.267661"/>
</kw>
<status status="PASS" start="2024-05-28T16:23:56.630773" elapsed="0.268162"/>
</kw>
<kw name="Close the browser" owner="GenericResources" type="TEARDOWN">
<kw name="Close Browser" owner="SeleniumLibrary">
<doc>Closes the current browser.</doc>
<status status="PASS" start="2024-05-28T16:23:56.900270" elapsed="2.907079"/>
</kw>
<status status="PASS" start="2024-05-28T16:23:56.899773" elapsed="2.907576"/>
</kw>
<doc>To verify search results of patients with respect to doctor and date</doc>
<tag>Regression</tag>
<status status="PASS" start="2024-05-28T16:23:39.753732" elapsed="20.053617"/>
</test>
<doc>To verify search results of patients with respect to doctor and date</doc>
<status status="PASS" start="2024-05-28T16:23:39.454586" elapsed="20.354047"/>
</suite>
<status status="PASS" start="2024-05-28T16:23:39.440319" elapsed="20.369319"/>
</suite>
<statistics>
<total>
<stat pass="1" fail="0" skip="0">All Tests</stat>
</total>
<tag>
<stat pass="1" fail="0" skip="0">Regression</stat>
</tag>
<suite>
<stat pass="1" fail="0" skip="0" id="s1" name="TestCases">TestCases</stat>
<stat pass="1" fail="0" skip="0" id="s1-s1" name="Test invalidAppionmentSearch">TestCases.Test invalidAppionmentSearch</stat>
</suite>
</statistics>
<errors>
</errors>
</robot>
